Functional tests passed

/src /src/FreeRDP
/src/FreeRDP
/src/FreeRDP/build_test /src/FreeRDP
-- The C compiler identification is Clang 18.1.8
-- Detecting C compiler ABI info
-- Detecting C compiler ABI info - done
-- Check for working C compiler: /usr/local/bin/clang - skipped
-- Detecting C compile features
-- Detecting C compile features - done
--  default symbol visibility: hidden
-- Performing Test CFLAG-fno-omit-frame-pointer
-- Performing Test CFLAG-fno-omit-frame-pointer - Success
-- Performing Test CFLAG-Wredundant-decls
-- Performing Test CFLAG-Wredundant-decls - Success
-- Performing Test CFLAG-Wimplicit-function-declaration
-- Performing Test CFLAG-Wimplicit-function-declaration - Success
-- Found ALSA: /usr/lib/x86_64-linux-gnu/libasound.so (found version "1.2.2")
-- Found OSS Audio
-- Git Revision 2aa1c9e81
-- Found ZLIB: /usr/lib/x86_64-linux-gnu/libz.so (found version "1.2.11")
--  default symbol visibility: hidden
-- Performing Test CMAKE_HAVE_LIBC_PTHREAD
-- Performing Test CMAKE_HAVE_LIBC_PTHREAD - Failed
-- Looking for pthread_create in pthreads
-- Looking for pthread_create in pthreads - not found
-- Looking for pthread_create in pthread
-- Looking for pthread_create in pthread - found
-- Found Threads: TRUE
-- Finding recommended feature Wayland for Wayland (Wayland client)
--     Disable feature Wayland using "-DWITH_WAYLAND=OFF"
-- Found PkgConfig: /usr/bin/pkg-config (found version "0.29.1")
-- Checking for module 'wayland-scanner'
--   Found wayland-scanner, version 1.18.0
-- Checking for module 'wayland-client'
--   Found wayland-client, version 1.18.0
-- Checking for module 'wayland-cursor'
--   Found wayland-cursor, version 1.18.0
-- Checking for module 'xkbcommon'
--   Found xkbcommon, version 0.10.0
-- Found Wayland: /usr/bin/wayland-scanner
-- Finding required feature OpenSSL for cryptography (encryption, certificate validation, hashing functions)
-- Found OpenSSL: /usr/lib/x86_64-linux-gnu/libcrypto.so (found version "1.1.1f")
-- Skipping optional feature MbedTLS for cryptography (encryption, certificate validation, hashing functions)
--     Enable feature MbedTLS using "-DWITH_MBEDTLS=ON"
-- Finding recommended feature PCSC for smart card (smart card device redirection)
--     Disable feature PCSC using "-DWITH_PCSC=OFF"
-- Found PCSC: /usr/lib/x86_64-linux-gnu/libpcsclite.so
-- Found FFmpeg: /usr/lib/x86_64-linux-gnu/libavutil.so;/usr/lib/x86_64-linux-gnu/libavcodec.so  found components: AVUTIL AVCODEC
-- Skipping optional feature OpenH264 for codec (use OpenH264 library)
--     Enable feature OpenH264 using "-DWITH_OPENH264=ON"
-- Skipping optional feature OpenCL for codec (use OpenCL library)
--     Enable feature OpenCL using "-DWITH_OPENCL=ON"
-- Skipping optional feature GSM for codec (GSM audio codec library)
--     Enable feature GSM using "-DWITH_GSM=ON"
-- Skipping optional feature LAME for codec (lame MP3 audio codec library)
--     Enable feature LAME using "-DWITH_LAME=ON"
-- Skipping optional feature FAAD2 for codec (FAAD2 AAC audio codec library)
--     Enable feature FAAD2 using "-DWITH_FAAD2=ON"
-- Skipping optional feature FAAC for codec (FAAC AAC audio codec library)
--     Enable feature FAAC using "-DWITH_FAAC=ON"
-- Skipping optional feature soxr for codec (SOX audio resample library)
--     Enable feature soxr using "-DWITH_SOXR=ON"
-- Using OpenSSL Version: 1.1.1f
-- Setting build type to 'Release' as none was specified.
-- Looking for sys/types.h
-- Looking for sys/types.h - found
-- Looking for stdint.h
-- Looking for stdint.h - found
-- Looking for stddef.h
-- Looking for stddef.h - found
-- Check size of ssize_t
-- Check size of ssize_t - done
-- Check size of SSIZE_T
-- Check size of SSIZE_T - failed
-- Looking for strndup
-- Looking for strndup - found
-- Looking for include file unistd.h
-- Looking for include file unistd.h - found
-- Looking for include file execinfo.h
-- Looking for include file execinfo.h - found
-- Looking for backtrace
-- Looking for backtrace - found
-- Looking for backtrace_symbols
-- Looking for backtrace_symbols - found
-- Looking for backtrace_symbols_fd
-- Looking for backtrace_symbols_fd - found
-- Looking for include file stdint.h
-- Looking for include file stdint.h - found
-- Looking for include file inttypes.h
-- Looking for include file inttypes.h - found
-- Looking for include file stdbool.h
-- Looking for include file stdbool.h - found
-- Looking for include file fcntl.h
-- Looking for include file fcntl.h - found
-- Looking for include file aio.h
-- Looking for include file aio.h - found
-- Looking for include file sys/timerfd.h
-- Looking for include file sys/timerfd.h - found
-- Looking for include file sys/filio.h
-- Looking for include file sys/filio.h - not found
-- Looking for include file sys/sockio.h
-- Looking for include file sys/sockio.h - not found
-- Looking for include file syslog.h
-- Looking for include file syslog.h - found
-- Looking for include file sys/select.h
-- Looking for include file sys/select.h - found
-- Looking for include file sys/eventfd.h
-- Looking for include file sys/eventfd.h - found
-- Looking for include file unwind.h
-- Looking for include file unwind.h - found
-- Looking for eventfd_read
-- Looking for eventfd_read - found
-- Looking for strerror_r
-- Looking for strerror_r - found
-- Looking for getlogin_r
-- Looking for getlogin_r - found
-- Looking for getpwuid_r
-- Looking for getpwuid_r - found
-- Performing Test WINPR_HAVE_TM_GMTOFF
-- Performing Test WINPR_HAVE_TM_GMTOFF - Success
-- Looking for include file poll.h
-- Looking for include file poll.h - found
-- Looking for pthread_mutex_timedlock in pthreads
-- Looking for pthread_mutex_timedlock in pthreads - not found
-- Looking for pthread_mutex_timedlock in pthread
-- Looking for pthread_mutex_timedlock in pthread - found
-- Looking for pthread_mutex_timedlock
-- Looking for pthread_mutex_timedlock - found
-- Finding recommended feature OpenSSL for cryptography (encryption, certificate validation, hashing functions)
--     Disable feature OpenSSL using "-DWITH_OPENSSL=OFF"
-- Skipping optional feature MbedTLS for cryptography (encryption, certificate validation, hashing functions)
--     Enable feature MbedTLS using "-DWITH_MBEDTLS=ON"
-- Checking for module 'libcjson'
--   No package 'libcjson' found
-- Checking for module 'json-c'
--   Found json-c, version 0.13.1
-- Found JSONC: /usr/lib/x86_64-linux-gnu/libjson-c.so
-- Looking for timer_create
-- Looking for timer_create - found
-- Looking for timer_delete
-- Looking for timer_delete - found
-- Looking for timer_settime
-- Looking for timer_settime - found
-- Looking for timer_gettime
-- Looking for timer_gettime - found
-- Looking for pthread_setschedprio
-- Looking for pthread_setschedprio - not found
-- Found libsystemd: /usr/lib/x86_64-linux-gnu/libsystemd.so
-- Checking for module 'libcjson'
--   No package 'libcjson' found
-- Looking for backtrace
-- Looking for backtrace - found
-- Checking for module 'mit-krb5'
--   Found mit-krb5, version 1.17
-- Checking for module 'heimdal-krb5'
--   No package 'heimdal-krb5' found
-- Found KRB5: TRUE (found version "1.17")
-- Found the following ICU libraries:
--   i18n (required): /usr/lib/x86_64-linux-gnu/libicui18n.so
--   uc (required): /usr/lib/x86_64-linux-gnu/libicuuc.so
--   io (required): /usr/lib/x86_64-linux-gnu/libicuio.so
--   data (required): /usr/lib/x86_64-linux-gnu/libicudata.so
-- Found ICU: /usr/include (found version "66.1")
-- Looking for strerror_r
-- Looking for strerror_r - found
-- Looking for include file stdbool.h
-- Looking for include file stdbool.h - found
-- Finding required feature Wayland for Wayland (Wayland client)
-- Found Wayland: /usr/bin/wayland-scanner
-- Looking for include file stdbool.h
-- Looking for include file stdbool.h - found
-- Found X11: /usr/include
-- Looking for XOpenDisplay in /usr/lib/x86_64-linux-gnu/libX11.so;/usr/lib/x86_64-linux-gnu/libXext.so
-- Looking for XOpenDisplay in /usr/lib/x86_64-linux-gnu/libX11.so;/usr/lib/x86_64-linux-gnu/libXext.so - found
-- Looking for gethostbyname
-- Looking for gethostbyname - found
-- Looking for connect
-- Looking for connect - found
-- Looking for remove
-- Looking for remove - found
-- Looking for shmat
-- Looking for shmat - found
-- Looking for IceConnectionNumber in ICE
-- Looking for IceConnectionNumber in ICE - found
-- Checking for module 'cairo'
--   Found cairo, version 1.16.0
-- Found Cairo: /usr/lib/x86_64-linux-gnu/libcairo.so
-- Found FFmpeg: /usr/lib/x86_64-linux-gnu/libswscale.so  found components: SWSCALE
-- Looking for pow in m
-- Looking for pow in m - found
-- Looking for VMADDR_FLAG_TO_HOST
-- Looking for VMADDR_FLAG_TO_HOST - not found
-- Adding STATIC channel client server "drdynvc": Dynamic Virtual Channel Extension
-- Adding DYNAMIC channel client "video": Video optimized remoting Virtual Channel Extension
-- Adding DYNAMIC channel client "urbdrc": USB Devices Virtual Channel Extension
-- Found libusb-1.0:
--  - Includes: /usr/include/libusb-1.0
--  - Libraries: /usr/lib/x86_64-linux-gnu/libusb-1.0.so
-- Adding DYNAMIC channel server "telemetry": Telemetry Virtual Channel Extension
-- Adding DEVICE channel client "smartcard": Smart Card Virtual Channel Extension
-- Adding DEVICE channel client "serial": Serial Port Virtual Channel Extension
-- Adding STATIC channel client server "remdesk": Remote Assistance Virtual Channel Extension
-- Adding STATIC channel client server "rdpsnd": Audio Output Virtual Channel Extension
-- Found OSS Audio
-- Adding DYNAMIC channel client server "rdpgfx": Graphics Pipeline Extension
-- Adding DYNAMIC channel server "rdpemsc": Mouse Cursor Virtual Channel Extension
-- Adding DYNAMIC channel client server "rdpei": Input Virtual Channel Extension
-- Adding DYNAMIC channel server "rdpecam": Video Capture Virtual Channel Extension
-- Adding STATIC channel client server "rdpdr": Device Redirection Virtual Channel Extension
-- Looking for getmntent_r
-- Looking for getmntent_r - found
-- Adding STATIC channel client server "rail": Remote Programs Virtual Channel Extension
-- Adding DEVICE channel client "printer": Print Virtual Channel Extension
-- Found Cups: /usr/lib/x86_64-linux-gnu/libcups.so (found suitable version "2.3.1", minimum required is "2.0")
-- Adding DEVICE channel client "parallel": Parallel Port Virtual Channel Extension
-- Adding DYNAMIC channel client server "location": Location Virtual Channel Extension
-- Adding DYNAMIC channel client "geometry": Geometry tracking Virtual Channel Extension
-- Adding STATIC channel client server "encomsp": Multiparty Virtual Channel Extension
-- Adding DYNAMIC channel client server "echo": Echo Virtual Channel Extension
-- Adding DEVICE channel client "drive": Drive Redirection Virtual Channel Extension
-- Adding DYNAMIC channel client server "disp": Display Update Virtual Channel Extension
-- Adding STATIC channel client server "cliprdr": Clipboard Virtual Channel Extension
-- Adding DYNAMIC channel client server "audin": Audio Input Redirection Virtual Channel Extension
-- Found OSS Audio
-- Adding DYNAMIC channel client server "ainput": Advanced Input Virtual Channel Extension
-- Checking for module 'fuse3'
--   Found fuse3, version 3.9.0
-- The CXX compiler identification is Clang 18.1.8
-- Detecting CXX compiler ABI info
-- Detecting CXX compiler ABI info - done
-- Check for working CXX compiler: /usr/local/bin/clang++ - skipped
-- Detecting CXX compile features
-- Detecting CXX compile features - done
--  default symbol visibility: hidden
-- Performing Test CXXFLAG-fno-omit-frame-pointer
-- Performing Test CXXFLAG-fno-omit-frame-pointer - Success
-- Performing Test CXXFLAG-Wredundant-decls
-- Performing Test CXXFLAG-Wredundant-decls - Success
-- Found PAM: /usr/lib/x86_64-linux-gnu/libpam.so;/usr/lib/x86_64-linux-gnu/libdl.so
-- Adding proxy module bitmap-filter
--  default symbol visibility: hidden
-- Adding proxy module demo
--  default symbol visibility: hidden
-- Adding proxy module dyn-channel-dump
--  default symbol visibility: hidden
-- Intrinsic path configuration:
-- FREERDP_INSTALL_PREFIX=/usr/local
-- FREERDP_LIBRARY_PATH=lib
-- FREERDP_PLUGIN_PATH=lib/freerdp3
-- FREERDP_ADDIN_PATH=lib/freerdp3
-- FREERDP_EXTENSION_PATH=/usr/local/lib/freerdp3/extensions
-- FREERDP_PROXY_PLUGINDIR=lib/freerdp3/proxy/
-- Configuring done (16.4s)
-- Generating done (0.3s)
-- Build files have been written to: /src/FreeRDP/build_test
[  0%] Building C object winpr/libwinpr/library/test/TestLibraryA/CMakeFiles/TestLibraryA.dir/TestLibraryA.c.o
[  0%] Building C object channels/remdesk/common/CMakeFiles/remdesk-common.dir/remdesk_common.c.o
[  0%] Building C object winpr/libwinpr/library/test/TestLibraryB/CMakeFiles/TestLibraryB.dir/TestLibraryB.c.o
[  1%] Building C object winpr/libwinpr/security/test/CMakeFiles/TestSecurity.dir/TestSecurity.c.o
[  1%] Building C object channels/server/CMakeFiles/freerdp-channels-server.dir/channels.c.o
[  1%] Building C object winpr/libwinpr/security/test/CMakeFiles/TestSecurity.dir/TestSecurityToken.c.o
[  1%] Building C object channels/urbdrc/common/CMakeFiles/urbdrc-common.dir/urbdrc_helpers.c.o
[  1%] Building C object channels/urbdrc/common/CMakeFiles/urbdrc-common.dir/msusb.c.o
[  1%] Building C object channels/drdynvc/client/CMakeFiles/drdynvc-client.dir/drdynvc_main.c.o
[  1%] Building C object winpr/libwinpr/memory/test/CMakeFiles/TestMemory.dir/TestMemory.c.o
[  1%] Building C object channels/rdpsnd/common/CMakeFiles/rdpsnd-common.dir/rdpsnd_common.c.o
[  1%] Building C object winpr/libwinpr/memory/test/CMakeFiles/TestMemory.dir/TestMemoryCreateFileMapping.c.o
[  1%] Building C object channels/encomsp/client/CMakeFiles/encomsp-client.dir/encomsp_main.c.o
[  1%] Building C object libfreerdp/codec/CMakeFiles/freerdp-codecs.dir/bulk.c.o
[  1%] Building C object client/common/man/CMakeFiles/generate_argument_manpage.dir/generate_argument_manpage.c.o
[  1%] Building C object libfreerdp/primitives/CMakeFiles/freerdp-primitives.dir/prim_add.c.o
[  1%] Building C object libfreerdp/primitives/CMakeFiles/freerdp-primitives.dir/prim_andor.c.o
[  1%] Building C object libfreerdp/primitives/CMakeFiles/freerdp-primitives.dir/prim_copy.c.o
[  1%] Building C object libfreerdp/codec/CMakeFiles/freerdp-codecs.dir/audio.c.o
[  1%] Building C object libfreerdp/primitives/CMakeFiles/freerdp-primitives.dir/prim_alphaComp.c.o
[  1%] Building C object libfreerdp/primitives/CMakeFiles/freerdp-primitives.dir/prim_colors.c.o
[  2%] Building C object libfreerdp/primitives/CMakeFiles/freerdp-primitives.dir/prim_set.c.o
[  2%] Building C object libfreerdp/codec/CMakeFiles/freerdp-codecs.dir/color.c.o
[  2%] Building C object libfreerdp/codec/CMakeFiles/freerdp-codecs.dir/planar.c.o
[  2%] Building C object libfreerdp/codec/CMakeFiles/freerdp-codecs.dir/dsp.c.o
[  2%] Building C object server/proxy/channels/CMakeFiles/pf_channels.dir/pf_channel_rdpdr.c.o
[  2%] Building C object libfreerdp/codec/CMakeFiles/freerdp-codecs.dir/bitmap.c.o
[  3%] Building C object libfreerdp/codec/CMakeFiles/freerdp-codecs.dir/interleaved.c.o
[  3%] Building C object libfreerdp/primitives/CMakeFiles/freerdp-primitives.dir/prim_shift.c.o
[  3%] Building C object server/proxy/channels/CMakeFiles/pf_channels.dir/pf_channel_drdynvc.c.o
[  3%] Building C object winpr/libwinpr/CMakeFiles/winpr.dir/synch/barrier.c.o
[  3%] Building C object winpr/libwinpr/CMakeFiles/winpr.dir/synch/address.c.o
[  3%] Building C object winpr/libwinpr/CMakeFiles/winpr.dir/synch/critical.c.o
[  3%] Building C object winpr/libwinpr/CMakeFiles/winpr.dir/synch/event.c.o
[  3%] Building C object libfreerdp/codec/CMakeFiles/freerdp-codecs.dir/progressive.c.o
[  3%] Building C object libfreerdp/codec/CMakeFiles/freerdp-codecs.dir/rfx_dwt.c.o
[  3%] Building C object winpr/libwinpr/CMakeFiles/winpr.dir/synch/init.c.o
[  3%] Linking C shared library ../../../../../Testing/TestLibraryB.so
[  3%] Building C object libfreerdp/codec/CMakeFiles/freerdp-codecs.dir/rfx_decode.c.o
[  3%] Linking C executable ../../../../Testing/TestSecurity
[  4%] Linking C shared library ../../../../../Testing/TestLibraryA.so
[  4%] Building C object winpr/libwinpr/CMakeFiles/winpr.dir/synch/mutex.c.o
[  4%] Building C object libfreerdp/primitives/CMakeFiles/freerdp-primitives.dir/prim_sign.c.o
[  4%] Building C object libfreerdp/codec/CMakeFiles/freerdp-codecs.dir/rfx_encode.c.o
[  4%] Building C object libfreerdp/primitives/CMakeFiles/freerdp-primitives.dir/prim_YUV.c.o
[  5%] Building C object winpr/libwinpr/CMakeFiles/winpr.dir/synch/pollset.c.o
[  5%] Linking C executable ../../../../Testing/TestMemory
[  5%] Building C object libfreerdp/primitives/CMakeFiles/freerdp-primitives.dir/prim_YCoCg.c.o
[  5%] Building C object libfreerdp/codec/CMakeFiles/freerdp-codecs.dir/rfx_quantization.c.o
[  5%] Building C object winpr/libwinpr/CMakeFiles/winpr.dir/synch/sleep.c.o
[  5%] Building C object winpr/libwinpr/CMakeFiles/winpr.dir/synch/semaphore.c.o
[  5%] Building C object winpr/libwinpr/CMakeFiles/winpr.dir/synch/timer.c.o
[  5%] Linking C executable generate_argument_manpage
[  5%] Building C object winpr/libwinpr/CMakeFiles/winpr.dir/synch/wait.c.o
[  5%] Building C object libfreerdp/codec/CMakeFiles/freerdp-codecs.dir/rfx_rlgr.c.o
[  6%] Building C object libfreerdp/codec/CMakeFiles/freerdp-codecs.dir/rfx.c.o
[  6%] Building C object libfreerdp/primitives/CMakeFiles/freerdp-primitives.dir/primitives.c.o
[  6%] Building C object libfreerdp/primitives/CMakeFiles/freerdp-primitives.dir/neon/prim_colors_neon.c.o
[  6%] Building C object libfreerdp/codec/CMakeFiles/freerdp-codecs.dir/region.c.o
[  6%] Built target TestLibraryB
[  6%] Building C object libfreerdp/primitives/CMakeFiles/freerdp-primitives.dir/neon/prim_YCoCg_neon.c.o
[  6%] Building C object winpr/libwinpr/CMakeFiles/winpr.dir/file/generic.c.o
[  6%] Building C object winpr/libwinpr/CMakeFiles/winpr.dir/library/library.c.o
[  6%] Linking C static library librdpsnd-common.a
[  6%] Built target TestLibraryA
[  6%] Building C object libfreerdp/primitives/CMakeFiles/freerdp-primitives.dir/sse/prim_colors_sse2.c.o
[  6%] Building C object winpr/libwinpr/CMakeFiles/winpr.dir/file/namedPipeClient.c.o
[  7%] Built target TestMemory
[  7%] Building C object libfreerdp/primitives/CMakeFiles/freerdp-primitives.dir/neon/prim_YUV_neon.c.o
[  7%] Building C object libfreerdp/primitives/CMakeFiles/freerdp-primitives.dir/sse/prim_set_sse2.c.o
[  7%] Building C object libfreerdp/primitives/CMakeFiles/freerdp-primitives.dir/sse/prim_add_sse3.c.o
[  7%] Building C object libfreerdp/codec/CMakeFiles/freerdp-codecs.dir/nsc.c.o
[  7%] Building C object libfreerdp/codec/CMakeFiles/freerdp-codecs.dir/nsc_encode.c.o
[  8%] Linking C static library liburbdrc-common.a
[  8%] Built target TestSecurity
[  9%] Building C object winpr/libwinpr/CMakeFiles/winpr.dir/file/pattern.c.o
[  9%] Linking C static library libfreerdp-channels-server.a
[  9%] Linking C static library libremdesk-common.a
[  9%] Building C object winpr/libwinpr/CMakeFiles/winpr.dir/comm/comm.c.o
[  9%] Building C object winpr/libwinpr/CMakeFiles/winpr.dir/file/file.c.o
[  9%] Building C object libfreerdp/primitives/CMakeFiles/freerdp-primitives.dir/sse/prim_alphaComp_sse3.c.o
[  9%] Building C object libfreerdp/primitives/CMakeFiles/freerdp-primitives.dir/sse/prim_andor_sse3.c.o
[  9%] Building C object libfreerdp/codec/CMakeFiles/freerdp-codecs.dir/ncrush.c.o
[  9%] Building C object winpr/libwinpr/CMakeFiles/winpr.dir/comm/comm_io.c.o
[  9%] Building C object winpr/libwinpr/CMakeFiles/winpr.dir/comm/comm_ioctl.c.o
[  9%] Building C object winpr/libwinpr/CMakeFiles/winpr.dir/comm/comm_serial_sys.c.o
[  9%] Built target generate_argument_manpage
[  9%] Building C object libfreerdp/codec/CMakeFiles/freerdp-codecs.dir/xcrush.c.o
[  9%] Built target rdpsnd-common
[  9%] Building C object winpr/libwinpr/CMakeFiles/winpr.dir/comm/comm_sercx_sys.c.o
[  9%] Built target freerdp-channels-server
[  9%] Building C object libfreerdp/codec/CMakeFiles/freerdp-codecs.dir/mppc.c.o
[  9%] Building C object libfreerdp/primitives/CMakeFiles/freerdp-primitives.dir/sse/prim_shift_sse3.c.o
[  9%] Building C object libfreerdp/primitives/CMakeFiles/freerdp-primitives.dir/sse/prim_sign_ssse3.c.o
[  9%] Building C object winpr/libwinpr/CMakeFiles/winpr.dir/comm/comm_sercx2_sys.c.o
[  9%] Built target remdesk-common
[  9%] Generating freerdp-global-options.1
[ 10%] Building C object winpr/libwinpr/CMakeFiles/winpr.dir/pipe/pipe.c.o
[ 10%] Building C object libfreerdp/codec/CMakeFiles/freerdp-codecs.dir/zgfx.c.o
[ 10%] Built target urbdrc-common
[ 11%] Building C object libfreerdp/primitives/CMakeFiles/freerdp-primitives.dir/sse/prim_YCoCg_ssse3.c.o
[ 12%] Building C object libfreerdp/codec/CMakeFiles/freerdp-codecs.dir/clear.c.o
Generating manpage file '/src/FreeRDP/build_test/client/common/man/freerdp-global-options.1'
successfully generated '/src/FreeRDP/build_test/client/common/man/freerdp-global-options.1'
[ 12%] Building C object libfreerdp/codec/CMakeFiles/freerdp-codecs.dir/jpeg.c.o
[ 12%] Building C object winpr/libwinpr/CMakeFiles/winpr.dir/security/security.c.o
[ 12%] Building C object libfreerdp/primitives/CMakeFiles/freerdp-primitives.dir/sse/prim_copy_sse4_1.c.o
[ 12%] Building C object winpr/libwinpr/CMakeFiles/winpr.dir/interlocked/interlocked.c.o
[ 12%] Building C object winpr/libwinpr/CMakeFiles/winpr.dir/environment/environment.c.o
[ 12%] Built target generate_argument_manpage.target
[ 12%] Building C object libfreerdp/primitives/CMakeFiles/freerdp-primitives.dir/sse/prim_YUV_sse4.1.c.o
[ 12%] Building C object libfreerdp/codec/CMakeFiles/freerdp-codecs.dir/sse/nsc_sse2.c.o
[ 12%] Building C object libfreerdp/codec/CMakeFiles/freerdp-codecs.dir/h264.c.o
[ 12%] Built target encomsp-client
[ 12%] Building C object libfreerdp/codec/CMakeFiles/freerdp-codecs.dir/yuv.c.o
[ 12%] Building C object libfreerdp/codec/CMakeFiles/freerdp-codecs.dir/sse/rfx_sse2.c.o
[ 12%] Building C object channels/rdpsnd/server/CMakeFiles/rdpsnd-server.dir/rdpsnd_main.c.o
[ 12%] Building C object winpr/libwinpr/CMakeFiles/winpr.dir/crypto/hash.c.o
[ 12%] Building C object winpr/libwinpr/CMakeFiles/winpr.dir/crypto/rand.c.o
[ 12%] Building C object libfreerdp/codec/CMakeFiles/freerdp-codecs.dir/neon/rfx_neon.c.o
[ 12%] Building C object libfreerdp/primitives/CMakeFiles/freerdp-primitives.dir/opencl/prim_YUV_opencl.c.o
[ 12%] Building C object winpr/libwinpr/CMakeFiles/winpr.dir/crypto/cipher.c.o
[ 12%] Built target drdynvc-client
[ 13%] Building C object winpr/libwinpr/CMakeFiles/winpr.dir/crypto/cert.c.o
[ 13%] Building C object winpr/libwinpr/CMakeFiles/winpr.dir/crypto/crypto.c.o
[ 13%] Building C object libfreerdp/primitives/CMakeFiles/freerdp-primitives.dir/sse/prim_copy_avx2.c.o
[ 13%] Building C object libfreerdp/codec/CMakeFiles/freerdp-codecs.dir/neon/nsc_neon.c.o
[ 13%] Built target xfreerdp.1.target
[ 14%] Building C object libfreerdp/codec/CMakeFiles/freerdp-codecs.dir/dsp_ffmpeg.c.o
[ 14%] Building C object libfreerdp/codec/CMakeFiles/freerdp-codecs.dir/h264_ffmpeg.c.o
[ 14%] Building C object winpr/libwinpr/CMakeFiles/winpr.dir/registry/registry.c.o
[ 14%] Building C object winpr/libwinpr/CMakeFiles/winpr.dir/registry/registry_reg.c.o
[ 14%] Building C object winpr/libwinpr/CMakeFiles/winpr.dir/path/path.c.o
[ 14%] Building C object winpr/libwinpr/CMakeFiles/winpr.dir/path/shell.c.o
[ 14%] Built target pf_channels
[ 14%] Building C object winpr/libwinpr/CMakeFiles/winpr.dir/io/device.c.o
[ 15%] Building C object winpr/libwinpr/CMakeFiles/winpr.dir/memory/memory.c.o
[ 15%] Building C object winpr/libwinpr/CMakeFiles/winpr.dir/io/io.c.o
[ 15%] Building C object winpr/libwinpr/CMakeFiles/winpr.dir/ncrypt/ncrypt_pkcs11.c.o
[ 15%] Building C object winpr/libwinpr/CMakeFiles/winpr.dir/ncrypt/ncrypt.c.o
[ 15%] Building C object winpr/libwinpr/CMakeFiles/winpr.dir/input/virtualkey.c.o
[ 15%] Building C object winpr/libwinpr/CMakeFiles/winpr.dir/input/scancode.c.o
[ 15%] Building C object winpr/libwinpr/CMakeFiles/winpr.dir/input/keycode.c.o
[ 15%] Building C object winpr/libwinpr/CMakeFiles/winpr.dir/shell/shell.c.o
[ 15%] Building C object winpr/libwinpr/CMakeFiles/winpr.dir/utils/json/json.c.o
[ 16%] Building C object winpr/libwinpr/CMakeFiles/winpr.dir/utils/ini.c.o
[ 16%] Building C object winpr/libwinpr/CMakeFiles/winpr.dir/utils/ntlm.c.o
[ 16%] Building C object winpr/libwinpr/CMakeFiles/winpr.dir/utils/sam.c.o
[ 16%] Building C object winpr/libwinpr/CMakeFiles/winpr.dir/utils/image.c.o
[ 16%] Building C object winpr/libwinpr/CMakeFiles/winpr.dir/utils/print.c.o
[ 16%] Building C object winpr/libwinpr/CMakeFiles/winpr.dir/utils/stream.c.o
[ 16%] Building C object winpr/libwinpr/CMakeFiles/winpr.dir/utils/strlst.c.o
[ 16%] Built target rdpsnd-server
[ 17%] Building C object winpr/libwinpr/CMakeFiles/winpr.dir/utils/debug.c.o
[ 17%] Building C object winpr/libwinpr/CMakeFiles/winpr.dir/utils/cmdline.c.o
[ 17%] Building C object winpr/libwinpr/CMakeFiles/winpr.dir/utils/ssl.c.o
[ 17%] Building C object winpr/libwinpr/CMakeFiles/winpr.dir/utils/winpr.c.o
[ 17%] Building C object winpr/libwinpr/CMakeFiles/winpr.dir/utils/execinfo/debug.c.o
[ 17%] Building C object winpr/libwinpr/CMakeFiles/winpr.dir/utils/collections/Object.c.o
[ 17%] Building C object winpr/libwinpr/CMakeFiles/winpr.dir/utils/unwind/debug.c.o
[ 18%] Building C object winpr/libwinpr/CMakeFiles/winpr.dir/utils/collections/Stack.c.o
[ 18%] Building C object winpr/libwinpr/CMakeFiles/winpr.dir/utils/collections/PubSub.c.o
[ 18%] Building C object winpr/libwinpr/CMakeFiles/winpr.dir/utils/collections/BitStream.c.o
[ 18%] Building C object winpr/libwinpr/CMakeFiles/winpr.dir/utils/collections/Queue.c.o
[ 18%] Building C object winpr/libwinpr/CMakeFiles/winpr.dir/utils/collections/ArrayList.c.o
[ 18%] Building C object winpr/libwinpr/CMakeFiles/winpr.dir/utils/collections/LinkedList.c.o
[ 18%] Building C object winpr/libwinpr/CMakeFiles/winpr.dir/utils/collections/HashTable.c.o
[ 19%] Building C object winpr/libwinpr/CMakeFiles/winpr.dir/utils/collections/BufferPool.c.o
[ 19%] Building C object winpr/libwinpr/CMakeFiles/winpr.dir/utils/collections/ListDictionary.c.o
[ 19%] Building C object winpr/libwinpr/CMakeFiles/winpr.dir/utils/collections/ObjectPool.c.o
[ 19%] Building C object winpr/libwinpr/CMakeFiles/winpr.dir/utils/collections/StreamPool.c.o
[ 19%] Building C object winpr/libwinpr/CMakeFiles/winpr.dir/utils/collections/MessagePipe.c.o
[ 19%] Building C object winpr/libwinpr/CMakeFiles/winpr.dir/utils/collections/MessageQueue.c.o
[ 19%] Built target freerdp-primitives
[ 19%] Building C object winpr/libwinpr/CMakeFiles/winpr.dir/utils/collections/CountdownEvent.c.o
[ 19%] Building C object winpr/libwinpr/CMakeFiles/winpr.dir/utils/wlog/wlog.c.o
[ 19%] Built target freerdp-codecs
[ 19%] Building C object winpr/libwinpr/CMakeFiles/winpr.dir/utils/wlog/Message.c.o
[ 20%] Building C object winpr/libwinpr/CMakeFiles/winpr.dir/utils/wlog/DataMessage.c.o
[ 20%] Building C object winpr/libwinpr/CMakeFiles/winpr.dir/utils/wlog/Layout.c.o
[ 20%] Building C object winpr/libwinpr/CMakeFiles/winpr.dir/utils/wlog/ImageMessage.c.o
[ 20%] Building C object winpr/libwinpr/CMakeFiles/winpr.dir/utils/wlog/PacketMessage.c.o
[ 20%] Building C object winpr/libwinpr/CMakeFiles/winpr.dir/utils/wlog/BinaryAppender.c.o
[ 20%] Building C object winpr/libwinpr/CMakeFiles/winpr.dir/utils/wlog/FileAppender.c.o
[ 21%] Building C object winpr/libwinpr/CMakeFiles/winpr.dir/utils/wlog/ConsoleAppender.c.o
[ 21%] Building C object winpr/libwinpr/CMakeFiles/winpr.dir/utils/wlog/UdpAppender.c.o
[ 21%] Building C object winpr/libwinpr/CMakeFiles/winpr.dir/utils/wlog/SyslogAppender.c.o
[ 21%] Building C object winpr/libwinpr/CMakeFiles/winpr.dir/utils/wlog/CallbackAppender.c.o
[ 21%] Building C object winpr/libwinpr/CMakeFiles/winpr.dir/utils/wlog/Appender.c.o
[ 21%] Building C object winpr/libwinpr/CMakeFiles/winpr.dir/error/error.c.o
[ 21%] Building C object winpr/libwinpr/CMakeFiles/winpr.dir/utils/asn1/asn1.c.o
[ 21%] Building C object winpr/libwinpr/CMakeFiles/winpr.dir/timezone/timezone.c.o
[ 21%] Building C object winpr/libwinpr/CMakeFiles/winpr.dir/timezone/TimeZoneNameMapUtils.c.o
[ 21%] Building C object winpr/libwinpr/CMakeFiles/winpr.dir/timezone/TimeZoneIanaAbbrevMap.c.o
[ 22%] Building C object winpr/libwinpr/CMakeFiles/winpr.dir/timezone/WindowsZones.c.o
[ 22%] Building C object winpr/libwinpr/CMakeFiles/winpr.dir/pool/synch.c.o
[ 22%] Building C object winpr/libwinpr/CMakeFiles/winpr.dir/sysinfo/sysinfo.c.o
[ 22%] Building C object winpr/libwinpr/CMakeFiles/winpr.dir/pool/work.c.o
[ 22%] Building C object winpr/libwinpr/CMakeFiles/winpr.dir/pool/timer.c.o
[ 22%] Building C object winpr/libwinpr/CMakeFiles/winpr.dir/pool/cleanup_group.c.o
[ 22%] Building C object winpr/libwinpr/CMakeFiles/winpr.dir/pool/pool.c.o
[ 23%] Building C object winpr/libwinpr/CMakeFiles/winpr.dir/pool/callback.c.o
[ 23%] Building C object winpr/libwinpr/CMakeFiles/winpr.dir/pool/io.c.o
[ 23%] Building C object winpr/libwinpr/CMakeFiles/winpr.dir/pool/callback_cleanup.c.o
[ 23%] Building C object winpr/libwinpr/CMakeFiles/winpr.dir/handle/handle.c.o
[ 23%] Building C object winpr/libwinpr/CMakeFiles/winpr.dir/handle/nonehandle.c.o
[ 23%] Building C object winpr/libwinpr/CMakeFiles/winpr.dir/thread/apc.c.o
[ 24%] Building C object winpr/libwinpr/CMakeFiles/winpr.dir/thread/processor.c.o
[ 24%] Building C object winpr/libwinpr/CMakeFiles/winpr.dir/thread/process.c.o
[ 24%] Building C object winpr/libwinpr/CMakeFiles/winpr.dir/thread/argv.c.o
[ 24%] Building C object winpr/libwinpr/CMakeFiles/winpr.dir/thread/thread.c.o
[ 24%] Building C object winpr/libwinpr/CMakeFiles/winpr.dir/winsock/winsock.c.o
[ 24%] Building C object winpr/libwinpr/CMakeFiles/winpr.dir/sspi/NTLM/ntlm_av_pairs.c.o
[ 24%] Building C object winpr/libwinpr/CMakeFiles/winpr.dir/sspi/NTLM/ntlm_compute.c.o
[ 24%] Building C object winpr/libwinpr/CMakeFiles/winpr.dir/sspi/CredSSP/credssp.c.o
[ 24%] Building C object winpr/libwinpr/CMakeFiles/winpr.dir/sspi/NTLM/ntlm_message.c.o
[ 25%] Building C object winpr/libwinpr/CMakeFiles/winpr.dir/sspi/NTLM/ntlm.c.o
[ 25%] Building C object winpr/libwinpr/CMakeFiles/winpr.dir/thread/tls.c.o
[ 25%] Building C object winpr/libwinpr/CMakeFiles/winpr.dir/sspi/Kerberos/kerberos.c.o
[ 25%] Building C object winpr/libwinpr/CMakeFiles/winpr.dir/sspi/Kerberos/krb5glue_mit.c.o
[ 25%] Building C object winpr/libwinpr/CMakeFiles/winpr.dir/sspi/Negotiate/negotiate.c.o
[ 25%] Building C object winpr/libwinpr/CMakeFiles/winpr.dir/sspi/Schannel/schannel_openssl.c.o
[ 25%] Building C object winpr/libwinpr/CMakeFiles/winpr.dir/sspi/Schannel/schannel.c.o
[ 25%] Building C object winpr/libwinpr/CMakeFiles/winpr.dir/sspi/sspi_export.c.o
[ 25%] Building C object winpr/libwinpr/CMakeFiles/winpr.dir/sspi/sspi_winpr.c.o
[ 26%] Building C object winpr/libwinpr/CMakeFiles/winpr.dir/sspi/sspi_gss.c.o
[ 26%] Building C object winpr/libwinpr/CMakeFiles/winpr.dir/sspi/sspi.c.o
[ 26%] Building C object winpr/libwinpr/CMakeFiles/winpr.dir/sspicli/sspicli.c.o
[ 26%] Building C object winpr/libwinpr/CMakeFiles/winpr.dir/crt/alignment.c.o
[ 26%] Building C object winpr/libwinpr/CMakeFiles/winpr.dir/crt/conversion.c.o
[ 26%] Building C object winpr/libwinpr/CMakeFiles/winpr.dir/crt/buffer.c.o
[ 27%] Building C object winpr/libwinpr/CMakeFiles/winpr.dir/crt/unicode.c.o
[ 27%] Building C object winpr/libwinpr/CMakeFiles/winpr.dir/crt/assert.c.o
[ 27%] Building C object winpr/libwinpr/CMakeFiles/winpr.dir/crt/string.c.o
[ 27%] Building C object winpr/libwinpr/CMakeFiles/winpr.dir/crt/memory.c.o
[ 27%] Building C object winpr/libwinpr/CMakeFiles/winpr.dir/crt/unicode_icu.c.o
[ 27%] Building C object winpr/libwinpr/CMakeFiles/winpr.dir/wtsapi/wtsapi.c.o
[ 27%] Building C object winpr/libwinpr/CMakeFiles/winpr.dir/rpc/rpc.c.o
[ 27%] Building C object winpr/libwinpr/CMakeFiles/winpr.dir/bcrypt/bcrypt.c.o
[ 28%] Building C object winpr/libwinpr/CMakeFiles/winpr.dir/smartcard/smartcard.c.o
[ 28%] Building C object winpr/libwinpr/CMakeFiles/winpr.dir/dsparse/dsparse.c.o
[ 28%] Building C object winpr/libwinpr/CMakeFiles/winpr.dir/nt/nt.c.o
[ 28%] Building C object winpr/libwinpr/CMakeFiles/winpr.dir/smartcard/smartcard_pcsc.c.o
[ 28%] Building C object winpr/libwinpr/CMakeFiles/winpr.dir/nt/ntstatus.c.o
[ 28%] Building C object winpr/libwinpr/CMakeFiles/winpr.dir/clipboard/clipboard.c.o
[ 28%] Building C object winpr/libwinpr/CMakeFiles/winpr.dir/clipboard/synthetic.c.o
[ 28%] Building C object winpr/libwinpr/CMakeFiles/winpr.dir/clipboard/synthetic_file.c.o
[ 28%] Linking C shared library libwinpr3.so
[ 28%] Built target winpr
[ 28%] Building C object winpr/libwinpr/library/test/CMakeFiles/TestLibrary.dir/TestLibrary.c.o
[ 30%] Building C object winpr/libwinpr/file/test/CMakeFiles/TestFile.dir/TestFile.c.o
[ 30%] Building C object winpr/libwinpr/library/test/CMakeFiles/TestLibrary.dir/TestLibraryLoadLibrary.c.o
[ 30%] Building C object winpr/libwinpr/synch/test/CMakeFiles/TestSynch.dir/TestSynch.c.o
[ 30%] Building C object winpr/libwinpr/synch/test/CMakeFiles/TestSynch.dir/TestSynchInit.c.o
[ 30%] Building C object winpr/libwinpr/pipe/test/CMakeFiles/TestPipe.dir/TestPipe.c.o
[ 30%] Building C object winpr/libwinpr/pipe/test/CMakeFiles/TestPipe.dir/TestPipeCreatePipe.c.o
[ 30%] Building C object winpr/libwinpr/ncrypt/test/CMakeFiles/TestNCrypt.dir/TestNCrypt.c.o
[ 30%] Building C object winpr/libwinpr/environment/test/CMakeFiles/TestEnvironment.dir/TestEnvironment.c.o
[ 30%] Building C object winpr/libwinpr/file/test/CMakeFiles/TestFile.dir/TestFileDeleteFile.c.o
[ 30%] Building C object winpr/libwinpr/interlocked/test/CMakeFiles/TestInterlocked.dir/TestInterlocked.c.o
[ 30%] Building C object winpr/libwinpr/crypto/test/CMakeFiles/TestCrypto.dir/TestCrypto.c.o
[ 31%] Building C object winpr/libwinpr/environment/test/CMakeFiles/TestEnvironment.dir/TestEnvironmentGetEnvironmentStrings.c.o
[ 31%] Building C object winpr/libwinpr/pipe/test/CMakeFiles/TestPipe.dir/TestPipeCreateNamedPipe.c.o
[ 31%] Building C object winpr/libwinpr/synch/test/CMakeFiles/TestSynch.dir/TestSynchEvent.c.o
[ 31%] Building C object winpr/libwinpr/file/test/CMakeFiles/TestFile.dir/TestFileCreateFile.c.o
[ 31%] Building C object winpr/libwinpr/ncrypt/test/CMakeFiles/TestNCrypt.dir/TestNCryptProviders.c.o
[ 31%] Building C object winpr/libwinpr/library/test/CMakeFiles/TestLibrary.dir/TestLibraryGetProcAddress.c.o
[ 31%] Building C object winpr/libwinpr/path/test/CMakeFiles/TestPath.dir/TestPath.c.o
[ 31%] Building C object winpr/libwinpr/sysinfo/test/CMakeFiles/TestSysInfo.dir/TestSysInfo.c.o
[ 32%] Building C object winpr/libwinpr/io/test/CMakeFiles/TestIo.dir/TestIoGetOverlappedResult.c.o
[ 32%] Building C object winpr/libwinpr/io/test/CMakeFiles/TestIo.dir/TestIo.c.o
[ 33%] Building C object winpr/libwinpr/interlocked/test/CMakeFiles/TestInterlocked.dir/TestInterlockedAccess.c.o
[ 31%] Building C object winpr/libwinpr/sysinfo/test/CMakeFiles/TestSysInfo.dir/TestGetNativeSystemInfo.c.o
[ 33%] Building C object winpr/libwinpr/environment/test/CMakeFiles/TestEnvironment.dir/TestEnvironmentSetEnvironmentVariable.c.o
[ 33%] Building C object winpr/libwinpr/crypto/test/CMakeFiles/TestCrypto.dir/TestCryptoHash.c.o
[ 33%] Building C object winpr/libwinpr/ncrypt/test/CMakeFiles/TestNCrypt.dir/TestNCryptSmartcard.c.o
[ 33%] Building C object winpr/libwinpr/crypto/test/CMakeFiles/TestCrypto.dir/TestCryptoCipher.c.o
[ 33%] Building C object winpr/libwinpr/synch/test/CMakeFiles/TestSynch.dir/TestSynchMutex.c.o
[ 33%] Building C object winpr/libwinpr/synch/test/CMakeFiles/TestSynch.dir/TestSynchBarrier.c.o
[ 33%] Building C object winpr/libwinpr/file/test/CMakeFiles/TestFile.dir/TestFileReadFile.c.o
[ 33%] Building C object winpr/libwinpr/crypto/test/CMakeFiles/TestCrypto.dir/TestCryptoRand.c.o
[ 33%] Building C object winpr/libwinpr/pipe/test/CMakeFiles/TestPipe.dir/TestPipeCreateNamedPipeOverlapped.c.o
[ 33%] Building C object winpr/libwinpr/error/test/CMakeFiles/TestError.dir/TestError.c.o
[ 33%] Building C object winpr/libwinpr/utils/test/CMakeFiles/TestWinPRUtils.dir/TestWinPRUtils.c.o
[ 33%] Building C object winpr/libwinpr/interlocked/test/CMakeFiles/TestInterlocked.dir/TestInterlockedSList.c.o
[ 34%] Building C object winpr/libwinpr/path/test/CMakeFiles/TestPath.dir/TestPathCchRemoveBackslash.c.o
[ 34%] Building C object winpr/libwinpr/interlocked/test/CMakeFiles/TestInterlocked.dir/TestInterlockedDList.c.o
[ 34%] Building C object winpr/libwinpr/sysinfo/test/CMakeFiles/TestSysInfo.dir/TestCPUFeatures.c.o
[ 34%] Building C object winpr/libwinpr/path/test/CMakeFiles/TestPath.dir/TestPathCchAddBackslash.c.o
[ 34%] Building C object winpr/libwinpr/environment/test/CMakeFiles/TestEnvironment.dir/TestEnvironmentMergeEnvironmentStrings.c.o
[ 34%] Building C object winpr/libwinpr/library/test/CMakeFiles/TestLibrary.dir/TestLibraryGetModuleFileName.c.o
[ 34%] Building C object winpr/libwinpr/pool/test/CMakeFiles/TestPool.dir/TestPool.c.o
[ 35%] Building C object winpr/libwinpr/crypto/test/CMakeFiles/TestCrypto.dir/TestCryptoProtectData.c.o
[ 35%] Building C object winpr/libwinpr/path/test/CMakeFiles/TestPath.dir/TestPathCchAddBackslashEx.c.o
[ 35%] Building C object winpr/libwinpr/crypto/test/CMakeFiles/TestCrypto.dir/TestCryptoProtectMemory.c.o
[ 35%] Building C object winpr/libwinpr/error/test/CMakeFiles/TestError.dir/TestErrorSetLastError.c.o
[ 35%] Building C object winpr/libwinpr/utils/test/CMakeFiles/TestWinPRUtils.dir/TestIni.c.o
[ 35%] Building C object winpr/libwinpr/synch/test/CMakeFiles/TestSynch.dir/TestSynchCritical.c.o
[ 36%] Building C object winpr/libwinpr/sysinfo/test/CMakeFiles/TestSysInfo.dir/TestGetComputerName.c.o
[ 36%] Building C object winpr/libwinpr/pool/test/CMakeFiles/TestPool.dir/TestPoolThread.c.o
[ 36%] Building C object winpr/libwinpr/sysinfo/test/CMakeFiles/TestSysInfo.dir/TestSystemTime.c.o
[ 36%] Building C object winpr/libwinpr/thread/test/CMakeFiles/TestThread.dir/TestThread.c.o
[ 37%] Building C object winpr/libwinpr/pool/test/CMakeFiles/TestPool.dir/TestPoolSynch.c.o
[ 37%] Building C object winpr/libwinpr/utils/test/CMakeFiles/TestWinPRUtils.dir/TestVersion.c.o
[ 37%] Building C object winpr/libwinpr/pool/test/CMakeFiles/TestPool.dir/TestPoolIO.c.o
[ 37%] Building C object winpr/libwinpr/crt/test/CMakeFiles/TestCrt.dir/TestCrt.c.o
[ 37%] Building C object winpr/libwinpr/sysinfo/test/CMakeFiles/TestSysInfo.dir/TestLocalTime.c.o
[ 38%] Building C object winpr/libwinpr/utils/test/CMakeFiles/TestWinPRUtils.dir/TestImage.c.o
[ 38%] Building C object winpr/libwinpr/file/test/CMakeFiles/TestFile.dir/TestSetFileAttributes.c.o
[ 38%] Building C object winpr/libwinpr/pool/test/CMakeFiles/TestPool.dir/TestPoolTimer.c.o
[ 38%] Building C object winpr/libwinpr/crt/test/CMakeFiles/TestCrt.dir/TestFormatSpecifiers.c.o
[ 38%] Building C object winpr/libwinpr/thread/test/CMakeFiles/TestThread.dir/TestThreadCommandLineToArgv.c.o
[ 38%] Building C object winpr/libwinpr/utils/test/CMakeFiles/TestWinPRUtils.dir/TestBacktrace.c.o
[ 38%] Building C object winpr/libwinpr/path/test/CMakeFiles/TestPath.dir/TestPathCchRemoveBackslashEx.c.o
[ 38%] Building C object winpr/libwinpr/sspi/test/CMakeFiles/TestSspi.dir/TestSspi.c.o
[ 38%] Building C object winpr/libwinpr/thread/test/CMakeFiles/TestThread.dir/TestThreadCreateProcess.c.o
[ 38%] Building C object winpr/libwinpr/synch/test/CMakeFiles/TestSynch.dir/TestSynchThread.c.o
[ 38%] Building C object winpr/libwinpr/file/test/CMakeFiles/TestFile.dir/TestFileFindFirstFileEx.c.o
[ 38%] Building C object winpr/libwinpr/file/test/CMakeFiles/TestFile.dir/TestFileWriteFile.c.o
[ 39%] Building C object winpr/libwinpr/synch/test/CMakeFiles/TestSynch.dir/TestSynchSemaphore.c.o
[ 39%] Building C object winpr/libwinpr/file/test/CMakeFiles/TestFile.dir/TestFileFindFirstFile.c.o
[ 39%] Building C object winpr/libwinpr/file/test/CMakeFiles/TestFile.dir/TestFilePatternMatch.c.o
[ 40%] Building C object winpr/libwinpr/sspi/test/CMakeFiles/TestSspi.dir/TestQuerySecurityPackageInfo.c.o
[ 40%] Building C object winpr/libwinpr/crt/test/CMakeFiles/TestCrt.dir/TestTypes.c.o
[ 40%] Building C object winpr/libwinpr/synch/test/CMakeFiles/TestSynch.dir/TestSynchTimerQueue.c.o
[ 40%] Building C object winpr/libwinpr/sspi/test/CMakeFiles/TestSspi.dir/TestEnumerateSecurityPackages.c.o
[ 40%] Building C object winpr/libwinpr/bcrypt/test/CMakeFiles/TestBCrypt.dir/TestBCrypt.c.o
[ 40%] Building C object winpr/libwinpr/thread/test/CMakeFiles/TestThread.dir/TestThreadExitThread.c.o
[ 40%] Building C object winpr/libwinpr/environment/test/CMakeFiles/TestEnvironment.dir/TestEnvironmentGetSetEB.c.o
[ 40%] Building C object winpr/libwinpr/bcrypt/test/CMakeFiles/TestBCrypt.dir/TestBCryptDefine.c.o
[ 40%] Building C object winpr/libwinpr/utils/test/CMakeFiles/TestWinPRUtils.dir/TestQueue.c.o
[ 40%] Building C object winpr/libwinpr/pool/test/CMakeFiles/TestPool.dir/TestPoolWork.c.o
[ 40%] Building C object winpr/libwinpr/file/test/CMakeFiles/TestFile.dir/TestFileFindNextFile.c.o
[ 40%] Building C object winpr/libwinpr/sspi/test/CMakeFiles/TestSspi.dir/TestInitializeSecurityContext.c.o
[ 40%] Building C object winpr/libwinpr/utils/test/CMakeFiles/TestWinPRUtils.dir/TestPrint.c.o
[ 40%] Building C object winpr/libwinpr/wtsapi/test/CMakeFiles/TestWtsApi.dir/TestWtsApi.c.o
[ 40%] Building C object winpr/libwinpr/utils/test/CMakeFiles/TestWinPRUtils.dir/TestPubSub.c.o
[ 40%] Building C object winpr/libwinpr/wtsapi/test/CMakeFiles/TestWtsApi.dir/TestWtsApiEnumerateProcesses.c.o
[ 40%] Building C object winpr/libwinpr/crypto/test/CMakeFiles/TestCrypto.dir/TestCryptoCertEnumCertificatesInStore.c.o
[ 40%] Building C object winpr/libwinpr/sspi/test/CMakeFiles/TestSspi.dir/TestAcquireCredentialsHandle.c.o
[ 40%] Building C object winpr/libwinpr/wtsapi/test/CMakeFiles/TestWtsApi.dir/TestWtsApiEnumerateSessions.c.o
[ 41%] Building C object winpr/libwinpr/synch/test/CMakeFiles/TestSynch.dir/TestSynchWaitableTimer.c.o
[ 41%] Building C object winpr/libwinpr/dsparse/test/CMakeFiles/TestDsParse.dir/TestDsParse.c.o
[ 41%] Building C object winpr/libwinpr/path/test/CMakeFiles/TestPath.dir/TestPathCchAddExtension.c.o
[ 41%] Building C object winpr/libwinpr/synch/test/CMakeFiles/TestSynch.dir/TestSynchAPC.c.o
[ 41%] Building C object winpr/libwinpr/crt/test/CMakeFiles/TestCrt.dir/TestAlignment.c.o
[ 41%] Building C object winpr/libwinpr/dsparse/test/CMakeFiles/TestDsParse.dir/TestDsMakeSpn.c.o
[ 41%] Building C object winpr/libwinpr/synch/test/CMakeFiles/TestSynch.dir/TestSynchWaitableTimerAPC.c.o
[ 42%] Building C object winpr/libwinpr/path/test/CMakeFiles/TestPath.dir/TestPathCchAppendEx.c.o
[ 42%] Building C object winpr/libwinpr/smartcard/test/CMakeFiles/TestSmartCard.dir/TestSmartCard.c.o
[ 42%] Building C object winpr/libwinpr/wtsapi/test/CMakeFiles/TestWtsApi.dir/TestWtsApiQuerySessionInformation.c.o
[ 42%] Building C object winpr/libwinpr/path/test/CMakeFiles/TestPath.dir/TestPathCchAppend.c.o
[ 42%] Building C object winpr/libwinpr/smartcard/test/CMakeFiles/TestSmartCard.dir/TestSmartCardListReaders.c.o
[ 42%] Building C object winpr/libwinpr/sspi/test/CMakeFiles/TestSspi.dir/TestCredSSP.c.o
[ 43%] Building C object winpr/libwinpr/crt/test/CMakeFiles/TestCrt.dir/TestString.c.o
[ 43%] Building C object winpr/libwinpr/nt/test/CMakeFiles/TestNt.dir/TestNt.c.o
[ 43%] Building C object winpr/libwinpr/utils/test/CMakeFiles/TestWinPRUtils.dir/TestStream.c.o
[ 43%] Building C object winpr/libwinpr/crt/test/CMakeFiles/TestCrt.dir/TestUnicodeConversion.c.o
[ 43%] Building C object winpr/libwinpr/file/test/CMakeFiles/TestFile.dir/TestFileGetStdHandle.c.o
[ 43%] Building C object winpr/libwinpr/sspi/test/CMakeFiles/TestSspi.dir/TestNTLM.c.o
[ 43%] Building C object winpr/libwinpr/utils/test/CMakeFiles/TestWinPRUtils.dir/TestBitStream.c.o
[ 43%] Building C object winpr/libwinpr/wtsapi/test/CMakeFiles/TestWtsApi.dir/TestWtsApiSessionNotification.c.o
[ 43%] Building C object winpr/libwinpr/nt/test/CMakeFiles/TestNt.dir/TestNtCurrentTeb.c.o
[ 43%] Building C object winpr/libwinpr/path/test/CMakeFiles/TestPath.dir/TestPathCchCanonicalize.c.o
[ 43%] Building C object winpr/libwinpr/wtsapi/test/CMakeFiles/TestWtsApi.dir/TestWtsApiShutdownSystem.c.o
[ 43%] Building C object winpr/libwinpr/wtsapi/test/CMakeFiles/TestWtsApi.dir/TestWtsApiWaitSystemEvent.c.o
[ 44%] Building C object winpr/libwinpr/utils/test/CMakeFiles/TestWinPRUtils.dir/TestArrayList.c.o
[ 44%] Building C object winpr/libwinpr/clipboard/test/CMakeFiles/TestClipboard.dir/TestClipboardFormats.c.o
[ 44%] Building C object winpr/libwinpr/clipboard/test/CMakeFiles/TestClipboard.dir/TestClipboard.c.o
[ 44%] Building C object winpr/libwinpr/path/test/CMakeFiles/TestPath.dir/TestPathCchCanonicalizeEx.c.o
[ 44%] Building C object winpr/libwinpr/utils/test/CMakeFiles/TestWinPRUtils.dir/TestLinkedList.c.o
[ 44%] Linking C executable ../../../../Testing/TestInterlocked
[ 44%] Building C object winpr/libwinpr/utils/test/CMakeFiles/TestWinPRUtils.dir/TestListDictionary.c.o
[ 44%] Building C object winpr/libwinpr/utils/test/CMakeFiles/TestWinPRUtils.dir/TestCmdLine.c.o
[ 45%] Building C object winpr/tools/hash-cli/CMakeFiles/winpr-hash.dir/hash.c.o
[ 45%] Building C object winpr/tools/CMakeFiles/winpr-tools.dir/makecert/makecert.c.o
[ 45%] Building C object winpr/libwinpr/utils/test/CMakeFiles/TestWinPRUtils.dir/TestASN1.c.o
[ 46%] Building C object winpr/libwinpr/path/test/CMakeFiles/TestPath.dir/TestPathAllocCanonicalize.c.o
[ 46%] Building C object winpr/libwinpr/path/test/CMakeFiles/TestPath.dir/TestPathCchCombine.c.o
[ 46%] Building C object winpr/libwinpr/path/test/CMakeFiles/TestPath.dir/TestPathCchCombineEx.c.o
[ 46%] Building C object winpr/libwinpr/utils/test/CMakeFiles/TestWinPRUtils.dir/TestWLog.c.o
[ 46%] Building C object winpr/test/CMakeFiles/TestWinPR.dir/TestWinPR.c.o
[ 46%] Linking C executable ../../../../Testing/TestIo
[ 46%] Building C object libfreerdp/CMakeFiles/freerdp.dir/emu/scard/smartcard_emulate.c.o
[ 46%] Building C object rdtk/librdtk/CMakeFiles/rdtk.dir/rdtk_resources.c.o
[ 46%] Building C object winpr/test/CMakeFiles/TestWinPR.dir/TestIntrinsics.c.o
[ 46%] Linking C executable ../../../../Testing/TestError
[ 46%] Building C object winpr/test/CMakeFiles/TestWinPR.dir/TestTypes.c.o
[ 46%] Building C object libfreerdp/CMakeFiles/freerdp.dir/emu/scard/FreeRDP.ico.c.o
[ 47%] Building C object winpr/libwinpr/path/test/CMakeFiles/TestPath.dir/TestPathIsUNCEx.c.o
[ 47%] Building C object winpr/libwinpr/utils/test/CMakeFiles/TestWinPRUtils.dir/TestWLogCallback.c.o
[ 47%] Building C object rdtk/librdtk/CMakeFiles/rdtk.dir/rdtk_surface.c.o
[ 47%] Linking C executable ../../../../Testing/TestBCrypt
[ 47%] Building C object libfreerdp/CMakeFiles/freerdp.dir/emu/scard/smartcard_virtual_gids.c.o
[ 48%] Building C object rdtk/librdtk/CMakeFiles/rdtk.dir/rdtk_font.c.o
[ 48%] Linking C executable ../../../../Testing/TestLibrary
[ 48%] Building C object winpr/libwinpr/path/test/CMakeFiles/TestPath.dir/TestPathCchRenameExtension.c.o
[ 48%] Building C object winpr/libwinpr/path/test/CMakeFiles/TestPath.dir/TestPathCchRemoveExtension.c.o
[ 48%] Building C object winpr/libwinpr/path/test/CMakeFiles/TestPath.dir/TestPathAllocCombine.c.o
[ 48%] Building C object winpr/libwinpr/path/test/CMakeFiles/TestPath.dir/TestPathCchFindExtension.c.o
[ 48%] Building C object rdtk/librdtk/CMakeFiles/rdtk.dir/rdtk_button.c.o
[ 48%] Building C object winpr/libwinpr/utils/test/CMakeFiles/TestWinPRUtils.dir/TestHashTable.c.o
[ 49%] Building C object libfreerdp/CMakeFiles/freerdp.dir/utils/encoded_types.c.o
[ 50%] Building C object winpr/libwinpr/utils/test/CMakeFiles/TestWinPRUtils.dir/TestBufferPool.c.o
[ 50%] Linking C executable ../../../../Testing/TestSysInfo
[ 50%] Building C object libfreerdp/CMakeFiles/freerdp.dir/utils/passphrase.c.o
[ 50%] Building C object winpr/libwinpr/path/test/CMakeFiles/TestPath.dir/TestPathCchIsRoot.c.o
[ 50%] Building C object winpr/libwinpr/utils/test/CMakeFiles/TestWinPRUtils.dir/TestMessageQueue.c.o
[ 50%] Building C object libfreerdp/CMakeFiles/freerdp.dir/utils/helpers.c.o
[ 50%] Building C object rdtk/librdtk/CMakeFiles/rdtk.dir/rdtk_label.c.o
[ 50%] Building C object winpr/libwinpr/utils/test/CMakeFiles/TestWinPRUtils.dir/TestStreamPool.c.o
[ 50%] Building C object winpr/libwinpr/path/test/CMakeFiles/TestPath.dir/TestPathCchSkipRoot.c.o
[ 50%] Building C object channels/ainput/client/CMakeFiles/ainput-client.dir/ainput_main.c.o
[ 50%] Building C object rdtk/librdtk/CMakeFiles/rdtk.dir/rdtk_nine_patch.c.o
[ 51%] Building C object channels/video/client/CMakeFiles/video-client.dir/video_main.c.o
[ 51%] Building C object libfreerdp/CMakeFiles/freerdp.dir/utils/cliprdr_utils.c.o
[ 51%] Linking C executable ../../../../Testing/TestPool
[ 51%] Linking C executable ../../../../Testing/TestEnvironment
[ 52%] Building C object winpr/libwinpr/utils/test/CMakeFiles/TestWinPRUtils.dir/TestMessagePipe.c.o
[ 52%] Building C object channels/geometry/client/CMakeFiles/geometry-client.dir/geometry_main.c.o
[ 52%] Building C object channels/location/client/CMakeFiles/location-client.dir/location_main.c.o
[ 52%] Building C object rdtk/librdtk/CMakeFiles/rdtk.dir/rdtk_text_field.c.o
[ 52%] Linking C executable ../../../../Testing/TestSspi
[ 52%] Building C object channels/echo/client/CMakeFiles/echo-client.dir/echo_main.c.o
[ 52%] Building C object rdtk/librdtk/CMakeFiles/rdtk.dir/rdtk_engine.c.o
[ 52%] Building C object libfreerdp/CMakeFiles/freerdp.dir/utils/rdpdr_utils.c.o
[ 53%] Linking C executable ../../../../Testing/TestThread
[ 53%] Linking C executable ../../../../Testing/TestSynch
[ 53%] Linking C executable ../../../../Testing/TestNt
[ 53%] Building C object libfreerdp/CMakeFiles/freerdp.dir/utils/pcap.c.o
[ 53%] Building C object winpr/libwinpr/path/test/CMakeFiles/TestPath.dir/TestPathCchStripToRoot.c.o
[ 53%] Building C object channels/disp/client/CMakeFiles/disp-client.dir/disp_main.c.o
[ 53%] Linking C executable ../../../../Testing/TestDsParse
[ 53%] Building C object winpr/libwinpr/path/test/CMakeFiles/TestPath.dir/TestPathCchStripPrefix.c.o
[ 53%] Building C object libfreerdp/CMakeFiles/freerdp.dir/utils/profiler.c.o
[ 53%] Linking C executable ../../../../Testing/TestClipboard
[ 53%] Linking C executable ../../../../Testing/TestSmartCard
[ 53%] Linking C executable ../../../../Testing/TestCrypto
[ 53%] Linking C executable ../../../../Testing/TestFile
[ 53%] Linking C executable winpr-hash
[ 53%] Building C object winpr/libwinpr/path/test/CMakeFiles/TestPath.dir/TestPathCchRemoveFileSpec.c.o
[ 53%] Linking C executable ../../../../Testing/TestWtsApi
[ 53%] Building C object channels/disp/client/CMakeFiles/disp-client.dir/__/disp_common.c.o
[ 54%] Building C object libfreerdp/CMakeFiles/freerdp.dir/utils/ringbuffer.c.o
[ 54%] Building C object channels/encomsp/server/CMakeFiles/encomsp-server.dir/encomsp_main.c.o
[ 54%] Building C object channels/remdesk/server/CMakeFiles/remdesk-server.dir/remdesk_main.c.o
[ 54%] Building C object libfreerdp/CMakeFiles/freerdp.dir/utils/signal.c.o
[ 54%] Building C object libfreerdp/CMakeFiles/freerdp.dir/utils/string.c.o
[ 54%] Building CXX object server/proxy/modules/demo/CMakeFiles/proxy-demo-plugin.dir/demo.cpp.o
[ 54%] Building C object winpr/libwinpr/path/test/CMakeFiles/TestPath.dir/TestPathShell.c.o
[ 54%] Building C object channels/rdpei/server/CMakeFiles/rdpei-server.dir/rdpei_main.c.o
[ 54%] Building C object libfreerdp/CMakeFiles/freerdp.dir/utils/gfx.c.o
[ 54%] Building C object winpr/libwinpr/path/test/CMakeFiles/TestPath.dir/TestPathMakePath.c.o
[ 54%] Building C object channels/rdpei/server/CMakeFiles/rdpei-server.dir/__/rdpei_common.c.o
[ 54%] Linking C executable ../../Testing/TestWinPR
[ 54%] Building C object libfreerdp/CMakeFiles/freerdp.dir/utils/drdynvc.c.o
[ 54%] Linking C executable ../../../../Testing/TestPipe
[ 54%] Building C object libfreerdp/CMakeFiles/freerdp.dir/utils/smartcard_operations.c.o
[ 55%] Building C object libfreerdp/CMakeFiles/freerdp.dir/utils/stopwatch.c.o
[ 55%] Building C object libfreerdp/CMakeFiles/freerdp.dir/utils/http.c.o
[ 55%] Building C object libfreerdp/CMakeFiles/freerdp.dir/utils/smartcard_call.c.o
[ 55%] Linking C executable ../../../../Testing/TestNCrypt
[ 55%] Building C object libfreerdp/CMakeFiles/freerdp.dir/common/addin.c.o
[ 55%] Built target TestIo
[ 55%] Building C object libfreerdp/CMakeFiles/freerdp.dir/utils/smartcard_pack.c.o
[ 55%] Built target TestBCrypt
[ 55%] Linking C executable ../../../../Testing/TestCrt
[ 55%] Built target TestInterlocked
[ 55%] Linking C shared library librdtk0.so
[ 55%] Built target TestError
[ 55%] Building C object libfreerdp/CMakeFiles/freerdp.dir/common/settings.c.o
[ 55%] Building C object libfreerdp/CMakeFiles/freerdp.dir/common/settings_getters.c.o
[ 55%] Built target TestSysInfo
[ 55%] Building C object libfreerdp/CMakeFiles/freerdp.dir/common/settings_str.c.o
[ 56%] Linking C executable ../../../../Testing/TestPath
[ 56%] Built target TestDsParse
[ 56%] Built target TestLibrary
[ 56%] Building C object libfreerdp/CMakeFiles/freerdp.dir/common/assistance.c.o
[ 56%] Built target TestSmartCard
[ 56%] Built target TestPool
[ 56%] Building C object libfreerdp/CMakeFiles/freerdp.dir/gdi/bitmap.c.o
[ 56%] Built target TestEnvironment
[ 56%] Built target TestNt
[ 56%] Built target location-client
[ 57%] Building C object libfreerdp/CMakeFiles/freerdp.dir/gdi/brush.c.o
[ 57%] Built target echo-client
[ 57%] Built target TestFile
[ 57%] Built target TestThread
[ 57%] Built target TestSspi
[ 57%] Building C object libfreerdp/CMakeFiles/freerdp.dir/gdi/dc.c.o
[ 57%] Built target TestWtsApi
[ 57%] Built target TestCrypto
[ 57%] Built target TestSynch
[ 57%] Building C object libfreerdp/CMakeFiles/freerdp.dir/gdi/clipping.c.o
[ 57%] Linking C executable ../../../../Testing/TestWinPRUtils
[ 57%] Linking C shared library libwinpr-tools3.so
[ 57%] Building C object libfreerdp/CMakeFiles/freerdp.dir/gdi/drawing.c.o
[ 57%] Built target TestNCrypt
[ 57%] Built target TestClipboard
[ 57%] Built target winpr-hash
[ 57%] Building C object libfreerdp/CMakeFiles/freerdp.dir/gdi/gfx.c.o
[ 57%] Built target TestWinPR
[ 57%] Building C object libfreerdp/CMakeFiles/freerdp.dir/gdi/gdi.c.o
[ 57%] Built target ainput-client
[ 57%] Building C object libfreerdp/CMakeFiles/freerdp.dir/gdi/graphics.c.o
[ 58%] Building C object libfreerdp/CMakeFiles/freerdp.dir/gdi/line.c.o
[ 58%] Built target geometry-client
[ 58%] Building C object libfreerdp/CMakeFiles/freerdp.dir/gdi/pen.c.o
[ 58%] Built target TestPipe
[ 58%] Built target disp-client
[ 58%] Built target encomsp-server
[ 58%] Building C object libfreerdp/CMakeFiles/freerdp.dir/gdi/region.c.o
[ 58%] Built target rdpei-server
[ 58%] Built target video-client
[ 58%] Built target rdtk
[ 58%] Built target remdesk-server
[ 58%] Building C object rdtk/sample/CMakeFiles/rdtk-sample.dir/rdtk_x11.c.o
[ 58%] Building C object rdtk/librdtk/test/CMakeFiles/TestRdTk.dir/TestRdTkNinePatch.c.o
[ 58%] Building C object libfreerdp/CMakeFiles/freerdp.dir/gdi/video.c.o
[ 58%] Building C object rdtk/librdtk/test/CMakeFiles/TestRdTk.dir/TestRdTk.c.o
[ 58%] Built target TestCrt
[ 58%] Building C object libfreerdp/CMakeFiles/freerdp.dir/gdi/shape.c.o
[ 58%] Building C object libfreerdp/CMakeFiles/freerdp.dir/cache/brush.c.o
[ 58%] Built target winpr-tools
[ 58%] Building C object winpr/tools/makecert-cli/CMakeFiles/winpr-makecert.dir/main.c.o
[ 58%] Building C object libfreerdp/CMakeFiles/freerdp.dir/cache/pointer.c.o
[ 58%] Building C object libfreerdp/CMakeFiles/freerdp.dir/cache/bitmap.c.o
[ 59%] Building C object libfreerdp/CMakeFiles/freerdp.dir/cache/persistent.c.o
[ 59%] Linking C executable ../../../Testing/TestRdTk
[ 59%] Building C object libfreerdp/CMakeFiles/freerdp.dir/cache/offscreen.c.o
[ 59%] Building C object libfreerdp/CMakeFiles/freerdp.dir/cache/nine_grid.c.o
[ 59%] Building C object libfreerdp/CMakeFiles/freerdp.dir/cache/palette.c.o
[ 59%] Building C object libfreerdp/CMakeFiles/freerdp.dir/cache/glyph.c.o
[ 59%] Built target TestPath
[ 59%] Building C object libfreerdp/CMakeFiles/freerdp.dir/cache/cache.c.o
[ 59%] Linking C executable winpr-makecert
[ 59%] Building C object libfreerdp/CMakeFiles/freerdp.dir/crypto/er.c.o
[ 59%] Building C object libfreerdp/CMakeFiles/freerdp.dir/crypto/der.c.o
[ 60%] Building C object libfreerdp/CMakeFiles/freerdp.dir/crypto/ber.c.o
[ 60%] Building C object libfreerdp/CMakeFiles/freerdp.dir/crypto/per.c.o
[ 61%] Linking C executable rdtk-sample
[ 61%] Building C object libfreerdp/CMakeFiles/freerdp.dir/crypto/base64.c.o
[ 61%] Building C object libfreerdp/CMakeFiles/freerdp.dir/crypto/x509_utils.c.o
[ 61%] Building C object libfreerdp/CMakeFiles/freerdp.dir/crypto/cert_common.c.o
[ 61%] Building C object libfreerdp/CMakeFiles/freerdp.dir/crypto/privatekey.c.o
[ 61%] Building C object libfreerdp/CMakeFiles/freerdp.dir/crypto/certificate.c.o
[ 62%] Building C object libfreerdp/CMakeFiles/freerdp.dir/crypto/certificate_data.c.o
[ 62%] Building C object libfreerdp/CMakeFiles/freerdp.dir/crypto/crypto.c.o
[ 62%] Building C object libfreerdp/CMakeFiles/freerdp.dir/crypto/certificate_store.c.o
[ 62%] Built target winpr-makecert
[ 62%] Building C object libfreerdp/CMakeFiles/freerdp.dir/crypto/tls.c.o
[ 62%] Building C object libfreerdp/CMakeFiles/freerdp.dir/crypto/opensslcompat.c.o
[ 62%] Building C object libfreerdp/CMakeFiles/freerdp.dir/locale/keyboard_layout.c.o
[ 62%] Building C object libfreerdp/CMakeFiles/freerdp.dir/locale/keyboard.c.o
[ 62%] Building C object libfreerdp/CMakeFiles/freerdp.dir/locale/locale.c.o
[ 62%] Built target TestRdTk
[ 63%] Building C object libfreerdp/CMakeFiles/freerdp.dir/locale/keyboard_x11.c.o
[ 63%] Building C object libfreerdp/CMakeFiles/freerdp.dir/locale/keyboard_xkbfile.c.o
[ 63%] Building C object libfreerdp/CMakeFiles/freerdp.dir/locale/xkb_layout_ids.c.o
[ 63%] Building C object libfreerdp/CMakeFiles/freerdp.dir/core/utils.c.o
[ 63%] Building C object libfreerdp/CMakeFiles/freerdp.dir/core/state.c.o
[ 63%] Building C object libfreerdp/CMakeFiles/freerdp.dir/core/streamdump.c.o
[ 63%] Built target rdtk-sample
[ 63%] Built target TestWinPRUtils
[ 63%] Building C object libfreerdp/CMakeFiles/freerdp.dir/core/gcc.c.o
[ 63%] Building C object libfreerdp/CMakeFiles/freerdp.dir/core/nla.c.o
[ 64%] Building C object libfreerdp/CMakeFiles/freerdp.dir/core/mcs.c.o
[ 64%] Building C object libfreerdp/CMakeFiles/freerdp.dir/core/activation.c.o
[ 64%] Building C object libfreerdp/CMakeFiles/freerdp.dir/core/smartcardlogon.c.o
[ 64%] Building C object libfreerdp/CMakeFiles/freerdp.dir/core/nego.c.o
[ 64%] Building C object libfreerdp/CMakeFiles/freerdp.dir/core/info.c.o
[ 64%] Building C object libfreerdp/CMakeFiles/freerdp.dir/core/input.c.o
[ 64%] Building C object libfreerdp/CMakeFiles/freerdp.dir/core/license.c.o
[ 65%] Building C object libfreerdp/CMakeFiles/freerdp.dir/core/errinfo.c.o
[ 65%] Building C object libfreerdp/CMakeFiles/freerdp.dir/core/errbase.c.o
[ 65%] Building C object libfreerdp/CMakeFiles/freerdp.dir/core/errconnect.c.o
[ 65%] Building C object libfreerdp/CMakeFiles/freerdp.dir/core/settings.c.o
[ 65%] Building C object libfreerdp/CMakeFiles/freerdp.dir/core/orders.c.o
[ 65%] Building C object libfreerdp/CMakeFiles/freerdp.dir/core/freerdp.c.o
[ 66%] Building C object libfreerdp/CMakeFiles/freerdp.dir/core/client.c.o
[ 66%] Building C object libfreerdp/CMakeFiles/freerdp.dir/core/security.c.o
[ 66%] Building C object libfreerdp/CMakeFiles/freerdp.dir/core/graphics.c.o
[ 66%] Building C object libfreerdp/CMakeFiles/freerdp.dir/core/codecs.c.o
[ 66%] Building C object libfreerdp/CMakeFiles/freerdp.dir/core/server.c.o
[ 66%] Linking CXX shared library proxy-demo-plugin.so
[ 66%] Building C object libfreerdp/CMakeFiles/freerdp.dir/core/metrics.c.o
[ 66%] Building C object libfreerdp/CMakeFiles/freerdp.dir/core/capabilities.c.o
[ 66%] Building C object libfreerdp/CMakeFiles/freerdp.dir/core/connection.c.o
[ 66%] Building C object libfreerdp/CMakeFiles/freerdp.dir/core/redirection.c.o
[ 66%] Building C object libfreerdp/CMakeFiles/freerdp.dir/core/autodetect.c.o
[ 67%] Building C object libfreerdp/CMakeFiles/freerdp.dir/core/heartbeat.c.o
[ 67%] Building C object libfreerdp/CMakeFiles/freerdp.dir/core/multitransport.c.o
[ 67%] Building C object libfreerdp/CMakeFiles/freerdp.dir/core/timezone.c.o
[ 67%] Built target proxy-demo-plugin
[ 67%] Building C object libfreerdp/CMakeFiles/freerdp.dir/core/childsession.c.o
[ 67%] Building C object libfreerdp/CMakeFiles/freerdp.dir/core/rdp.c.o
[ 67%] Building C object libfreerdp/CMakeFiles/freerdp.dir/core/tcp.c.o
[ 67%] Building C object libfreerdp/CMakeFiles/freerdp.dir/core/proxy.c.o
[ 67%] Building C object libfreerdp/CMakeFiles/freerdp.dir/core/tpdu.c.o
[ 67%] Building C object libfreerdp/CMakeFiles/freerdp.dir/core/fastpath.c.o
[ 68%] Building C object libfreerdp/CMakeFiles/freerdp.dir/core/tpkt.c.o
[ 68%] Building C object libfreerdp/CMakeFiles/freerdp.dir/core/surface.c.o
[ 68%] Building C object libfreerdp/CMakeFiles/freerdp.dir/core/update.c.o
[ 68%] Building C object libfreerdp/CMakeFiles/freerdp.dir/core/transport.c.o
[ 68%] Building C object libfreerdp/CMakeFiles/freerdp.dir/core/message.c.o
[ 68%] Building C object libfreerdp/CMakeFiles/freerdp.dir/core/channels.c.o
[ 68%] Building C object libfreerdp/CMakeFiles/freerdp.dir/core/listener.c.o
[ 69%] Building C object libfreerdp/CMakeFiles/freerdp.dir/core/window.c.o
[ 69%] Building C object libfreerdp/CMakeFiles/freerdp.dir/core/peer.c.o
[ 69%] Building C object libfreerdp/CMakeFiles/freerdp.dir/core/display.c.o
[ 69%] Building C object libfreerdp/CMakeFiles/freerdp.dir/core/credssp_auth.c.o
[ 69%] Building C object libfreerdp/CMakeFiles/freerdp.dir/core/rdstls.c.o
[ 69%] Building C object libfreerdp/CMakeFiles/freerdp.dir/core/aad.c.o
[ 69%] Building C object libfreerdp/CMakeFiles/freerdp.dir/core/gateway/tsg.c.o
[ 70%] Building C object libfreerdp/CMakeFiles/freerdp.dir/core/gateway/rpc.c.o
[ 70%] Building C object libfreerdp/CMakeFiles/freerdp.dir/core/gateway/rdg.c.o
[ 70%] Building C object libfreerdp/CMakeFiles/freerdp.dir/core/gateway/rpc_bind.c.o
[ 70%] Building C object libfreerdp/CMakeFiles/freerdp.dir/core/gateway/rpc_client.c.o
[ 70%] Building C object libfreerdp/CMakeFiles/freerdp.dir/core/gateway/rts.c.o
[ 70%] Building C object libfreerdp/CMakeFiles/freerdp.dir/core/gateway/rpc_fault.c.o
[ 70%] Building C object libfreerdp/CMakeFiles/freerdp.dir/core/gateway/rts_signature.c.o
[ 70%] Building C object libfreerdp/CMakeFiles/freerdp.dir/core/gateway/http.c.o
[ 71%] Building C object libfreerdp/CMakeFiles/freerdp.dir/core/gateway/websocket.c.o
[ 71%] Building C object libfreerdp/CMakeFiles/freerdp.dir/core/gateway/arm.c.o
[ 71%] Building C object libfreerdp/CMakeFiles/freerdp.dir/core/gateway/wst.c.o
[ 71%] Building C object libfreerdp/CMakeFiles/freerdp.dir/core/gateway/ncacn_http.c.o
[ 71%] Linking C shared library libfreerdp3.so
LLVM gold plugin: ./libfreerdp/primitives/../codec/color.h:109:2: loop not vectorized: loop contains a switch statement
/usr/bin/ld: warning: LLVM gold plugin: ./libfreerdp/primitives/prim_copy.c:241:3: loop not vectorized: the optimizer was unable to perform the requested transformation; the transformation might be disabled or specified as part of an unsupported transformation ordering
[ 71%] Built target freerdp
[ 71%] Generating protocols/xdg-shell-protocol.c
[ 71%] Generating protocols/fullscreen-shell-unstable-v1-client-protocol.h
[ 71%] Generating protocols/fullscreen-shell-unstable-v1-protocol.c
[ 71%] Generating protocols/ivi-application-protocol.c
[ 71%] Generating protocols/ivi-application-client-protocol.h
[ 71%] Generating protocols/keyboard-shortcuts-inhibit-unstable-v1-client-protocol.h
[ 71%] Generating protocols/keyboard-shortcuts-inhibit-unstable-v1-protocol.c
[ 71%] Building C object libfreerdp/utils/test/CMakeFiles/TestFreeRDPUtils.dir/TestFreeRDPUtils.c.o
[ 71%] Building C object channels/urbdrc/client/CMakeFiles/urbdrc-client.dir/data_transfer.c.o
[ 72%] Generating protocols/server-decoration-protocol.c
[ 72%] Generating protocols/viewporter-client-protocol.h
[ 72%] Generating protocols/server-decoration-client-protocol.h
[ 72%] Building C object channels/urbdrc/client/CMakeFiles/urbdrc-client.dir/urbdrc_main.c.o
[ 72%] Building C object libfreerdp/utils/test/CMakeFiles/TestFreeRDPUtils.dir/TestRingBuffer.c.o
[ 73%] Generating protocols/viewporter-protocol.c
[ 73%] Building C object libfreerdp/utils/test/CMakeFiles/TestFreeRDPUtils.dir/TestEncodedTypes.c.o
[ 73%] Generating protocols/xdg-decoration-unstable-v1-protocol.c
[ 73%] Generating protocols/xdg-decoration-unstable-v1-client-protocol.h
[ 73%] Generating protocols/xdg-shell-client-protocol.h
[ 73%] Building C object libfreerdp/common/test/CMakeFiles/TestCommon.dir/TestCommon.c.o
[ 73%] Building C object libfreerdp/utils/test/CMakeFiles/TestFreeRDPUtils.dir/TestPodArrays.c.o
[ 73%] Building C object libfreerdp/crypto/test/CMakeFiles/TestFreeRDPCrypto.dir/TestBase64.c.o
[ 73%] Building C object libfreerdp/common/test/CMakeFiles/TestCommon.dir/TestAddinArgv.c.o
[ 74%] Building C object libfreerdp/crypto/test/CMakeFiles/TestFreeRDPCrypto.dir/TestFreeRDPCrypto.c.o
[ 74%] Building C object channels/urbdrc/client/libusb/CMakeFiles/urbdrc-client-libusb.dir/libusb_udevman.c.o
[ 75%] Building C object channels/urbdrc/client/libusb/CMakeFiles/urbdrc-client-libusb.dir/libusb_udevice.c.o
[ 75%] Building C object channels/smartcard/client/CMakeFiles/smartcard-client.dir/smartcard_main.c.o
[ 75%] Building C object libfreerdp/common/test/CMakeFiles/TestCommon.dir/TestCommonAssistance.c.o
[ 75%] Building C object libfreerdp/crypto/test/CMakeFiles/TestFreeRDPCrypto.dir/TestKnownHosts.c.o
[ 75%] Building C object channels/remdesk/client/CMakeFiles/remdesk-client.dir/remdesk_main.c.o
[ 75%] Building C object channels/serial/client/CMakeFiles/serial-client.dir/serial_main.c.o
[ 75%] Building C object channels/rdpsnd/client/oss/CMakeFiles/rdpsnd-client-oss.dir/rdpsnd_oss.c.o
[ 75%] Building C object channels/rdpsnd/client/CMakeFiles/rdpsnd-client.dir/rdpsnd_main.c.o
[ 76%] Building C object channels/rdpsnd/client/alsa/CMakeFiles/rdpsnd-client-alsa.dir/rdpsnd_alsa.c.o
[ 76%] Building C object channels/rdpgfx/client/CMakeFiles/rdpgfx-client.dir/rdpgfx_main.c.o
[ 76%] Building C object channels/rdpsnd/client/fake/CMakeFiles/rdpsnd-client-fake.dir/rdpsnd_fake.c.o
[ 76%] Building C object channels/rdpei/client/CMakeFiles/rdpei-client.dir/rdpei_main.c.o
[ 76%] Building C object channels/rdpgfx/client/CMakeFiles/rdpgfx-client.dir/rdpgfx_codec.c.o
[ 76%] Building C object channels/rdpdr/client/CMakeFiles/rdpdr-client.dir/irp.c.o
[ 76%] Building C object channels/rdpgfx/client/CMakeFiles/rdpgfx-client.dir/__/rdpgfx_common.c.o
[ 76%] Building C object channels/rdpei/client/CMakeFiles/rdpei-client.dir/__/rdpei_common.c.o
[ 76%] Building C object channels/rail/client/CMakeFiles/rail-client.dir/__/rail_common.c.o
[ 77%] Building C object channels/rail/client/CMakeFiles/rail-client.dir/client_rails.c.o
[ 77%] Building C object channels/rail/client/CMakeFiles/rail-client.dir/rail_main.c.o
[ 77%] Building C object channels/rail/client/CMakeFiles/rail-client.dir/rail_orders.c.o
[ 77%] Building C object channels/rdpdr/client/CMakeFiles/rdpdr-client.dir/rdpdr_main.c.o
[ 77%] Building C object channels/parallel/client/CMakeFiles/parallel-client.dir/parallel_main.c.o
[ 77%] Building C object channels/printer/client/CMakeFiles/printer-client.dir/printer_main.c.o
[ 77%] Building C object channels/rdpdr/client/CMakeFiles/rdpdr-client.dir/devman.c.o
[ 78%] Building C object channels/rdpdr/client/CMakeFiles/rdpdr-client.dir/rdpdr_capabilities.c.o
[ 78%] Building C object channels/printer/client/cups/CMakeFiles/printer-client-cups.dir/printer_cups.c.o
[ 78%] Building C object uwac/libuwac/CMakeFiles/uwac.dir/protocols/server-decoration-protocol.c.o
[ 79%] Building C object uwac/libuwac/CMakeFiles/uwac.dir/protocols/xdg-shell-protocol.c.o
[ 79%] Building C object uwac/libuwac/CMakeFiles/uwac.dir/protocols/xdg-decoration-unstable-v1-protocol.c.o
[ 79%] Building C object uwac/libuwac/CMakeFiles/uwac.dir/protocols/viewporter-protocol.c.o
[ 79%] Building C object uwac/libuwac/CMakeFiles/uwac.dir/protocols/ivi-application-protocol.c.o
[ 79%] Linking C executable ../../../Testing/TestFreeRDPUtils
[ 79%] Building C object channels/cliprdr/client/CMakeFiles/cliprdr-client.dir/cliprdr_format.c.o
[ 79%] Building C object channels/drive/client/CMakeFiles/drive-client.dir/drive_file.c.o
[ 80%] Building C object channels/drive/client/CMakeFiles/drive-client.dir/drive_main.c.o
[ 80%] Built target rdpsnd-client-fake
[ 80%] Building C object channels/audin/client/CMakeFiles/audin-client.dir/audin_main.c.o
[ 80%] Building C object channels/cliprdr/client/CMakeFiles/cliprdr-client.dir/cliprdr_main.c.o
[ 80%] Building C object channels/cliprdr/client/CMakeFiles/cliprdr-client.dir/__/cliprdr_common.c.o
[ 80%] Building C object channels/audin/client/oss/CMakeFiles/audin-client-oss.dir/audin_oss.c.o
[ 80%] Built target smartcard-client
[ 80%] Building C object uwac/libuwac/CMakeFiles/uwac.dir/protocols/keyboard-shortcuts-inhibit-unstable-v1-protocol.c.o
[ 80%] Linking C executable ../../../Testing/TestFreeRDPCrypto
[ 80%] Building C object uwac/libuwac/CMakeFiles/uwac.dir/protocols/fullscreen-shell-unstable-v1-protocol.c.o
[ 80%] Linking C executable ../../../Testing/TestCommon
[ 80%] Building C object uwac/libuwac/CMakeFiles/uwac.dir/uwac-display.c.o
[ 81%] Building C object channels/audin/client/alsa/CMakeFiles/audin-client-alsa.dir/audin_alsa.c.o
[ 81%] Built target rdpsnd-client-oss
[ 82%] Building C object uwac/libuwac/CMakeFiles/uwac.dir/uwac-input.c.o
[ 82%] Building C object libfreerdp/codec/test/CMakeFiles/TestFreeRDPCodec.dir/TestFreeRDPRegion.c.o
[ 82%] Building C object uwac/libuwac/CMakeFiles/uwac.dir/uwac-clipboard.c.o
[ 82%] Building C object libfreerdp/codec/test/CMakeFiles/TestFreeRDPCodec.dir/TestFreeRDPCodec.c.o
[ 82%] Building C object channels/drdynvc/server/CMakeFiles/drdynvc-server.dir/drdynvc_main.c.o
[ 82%] Building C object libfreerdp/codec/test/CMakeFiles/TestFreeRDPCodec.dir/TestFreeRDPCodecZGfx.c.o
[ 82%] Built target remdesk-client
[ 82%] Building C object channels/telemetry/server/CMakeFiles/telemetry-server.dir/telemetry_main.c.o
[ 82%] Building C object uwac/libuwac/CMakeFiles/uwac.dir/uwac-os.c.o
[ 82%] Building C object uwac/libuwac/CMakeFiles/uwac.dir/uwac-tools.c.o
[ 82%] Building C object channels/rdpgfx/server/CMakeFiles/rdpgfx-server.dir/__/rdpgfx_common.c.o
[ 82%] Building C object uwac/libuwac/CMakeFiles/uwac.dir/uwac-output.c.o
[ 82%] Built target printer-client-cups
[ 83%] Building C object libfreerdp/codec/test/CMakeFiles/TestFreeRDPCodec.dir/TestFreeRDPCodecPlanar.c.o
[ 83%] Building C object uwac/libuwac/CMakeFiles/uwac.dir/uwac-utils.c.o
[ 83%] Building C object libfreerdp/codec/test/CMakeFiles/TestFreeRDPCodec.dir/TestFreeRDPCodecCopy.c.o
[ 83%] Building C object uwac/libuwac/CMakeFiles/uwac.dir/uwac-window.c.o
[ 84%] Building C object channels/rdpemsc/server/CMakeFiles/rdpemsc-server.dir/mouse_cursor_main.c.o
[ 84%] Building C object channels/rdpgfx/server/CMakeFiles/rdpgfx-server.dir/rdpgfx_main.c.o
[ 84%] Building C object libfreerdp/codec/test/CMakeFiles/TestFreeRDPCodec.dir/TestFreeRDPCodecClear.c.o
[ 84%] Built target urbdrc-client
[ 84%] Built target serial-client
[ 84%] Building C object libfreerdp/codec/test/CMakeFiles/TestFreeRDPCodec.dir/TestFreeRDPCodecProgressive.c.o
[ 84%] Building C object libfreerdp/codec/test/CMakeFiles/TestFreeRDPCodec.dir/TestFreeRDPCodecInterleaved.c.o
[ 84%] Building C object libfreerdp/codec/test/CMakeFiles/TestFreeRDPCodec.dir/TestFreeRDPCodecRemoteFX.c.o
[ 84%] Built target rdpsnd-client-alsa
[ 84%] Building C object libfreerdp/codec/test/CMakeFiles/TestFreeRDPCodec.dir/TestFreeRDPCodecH264.c.o
[ 84%] Building C object channels/rdpecam/server/CMakeFiles/rdpecam-server.dir/camera_device_main.c.o
[ 84%] Built target urbdrc-client-libusb
[ 84%] Built target audin-client
[ 84%] Building C object channels/rdpecam/server/CMakeFiles/rdpecam-server.dir/camera_device_enumerator_main.c.o
[ 84%] Built target parallel-client
[ 84%] Built target audin-client-oss
[ 84%] Built target rdpei-client
[ 84%] Built target audin-client-alsa
[ 84%] Built target drdynvc-server
[ 84%] Building C object channels/rdpdr/server/CMakeFiles/rdpdr-server.dir/rdpdr_main.c.o
[ 84%] Built target printer-client
[ 84%] Built target rail-client
[ 84%] Built target TestCommon
[ 84%] Built target drive-client
[ 84%] Building C object channels/rail/server/CMakeFiles/rail-server.dir/rail_main.c.o
[ 84%] Building C object channels/rail/server/CMakeFiles/rail-server.dir/__/rail_common.c.o
[ 84%] Built target cliprdr-client
[ 84%] Building C object channels/echo/server/CMakeFiles/echo-server.dir/echo_main.c.o
[ 84%] Built target TestFreeRDPUtils
[ 84%] Built target rdpdr-client
[ 84%] Built target telemetry-server
[ 84%] Built target TestFreeRDPCrypto
[ 84%] Building C object channels/location/server/CMakeFiles/location-server.dir/location_main.c.o
[ 84%] Building C object channels/disp/server/CMakeFiles/disp-server.dir/disp_main.c.o
[ 84%] Building C object channels/disp/server/CMakeFiles/disp-server.dir/__/disp_common.c.o
[ 84%] Linking C shared library libuwac0.so
[ 85%] Building C object channels/cliprdr/server/CMakeFiles/cliprdr-server.dir/cliprdr_main.c.o
[ 85%] Building C object channels/cliprdr/server/CMakeFiles/cliprdr-server.dir/__/cliprdr_common.c.o
[ 85%] Built target rdpsnd-client
[ 85%] Built target rdpemsc-server
[ 85%] Building C object channels/ainput/server/CMakeFiles/ainput-server.dir/ainput_main.c.o
[ 86%] Building CXX object server/proxy/modules/bitmap-filter/CMakeFiles/proxy-bitmap-filter-plugin.dir/bitmap-filter.cpp.o
[ 86%] Linking C executable ../../../Testing/TestFreeRDPCodec
[ 86%] Building C object channels/audin/server/CMakeFiles/audin-server.dir/audin.c.o
[ 86%] Built target rdpgfx-client
[ 87%] Building C object client/common/CMakeFiles/freerdp-client.dir/client.c.o
[ 87%] Building C object client/common/CMakeFiles/freerdp-client.dir/cmdline.c.o
[ 87%] Building C object client/common/CMakeFiles/freerdp-client.dir/file.c.o
[ 87%] Building C object client/common/CMakeFiles/freerdp-client.dir/client_cliprdr_file.c.o
[ 87%] Built target rdpgfx-server
[ 87%] Building C object client/common/CMakeFiles/freerdp-client.dir/geometry.c.o
[ 87%] Built target echo-server
[ 87%] Building C object client/common/CMakeFiles/freerdp-client.dir/smartcard_cli.c.o
[ 87%] Building C object client/common/CMakeFiles/freerdp-client.dir/__/__/channels/client/tables.c.o
[ 88%] Building C object client/common/CMakeFiles/freerdp-client.dir/__/__/channels/client/generic_dynvc.c.o
[ 88%] Built target location-server
[ 88%] Built target rdpecam-server
[ 88%] Building C object client/common/CMakeFiles/freerdp-client.dir/__/__/channels/client/addin.c.o
[ 88%] Built target disp-server
[ 88%] Built target uwac
[ 88%] Built target rail-server
[ 88%] Built target ainput-server
[ 88%] Built target cliprdr-server
[ 88%] Built target audin-server
[ 88%] Built target rdpdr-server
[ 89%] Building C object server/common/CMakeFiles/freerdp-server.dir/server.c.o
[ 89%] Building C object server/common/CMakeFiles/freerdp-server.dir/__/__/channels/server/channels.c.o
[ 89%] Built target TestFreeRDPCodec
[ 89%] Linking C shared library libfreerdp-server3.so
[ 89%] Linking C shared library libfreerdp-client3.so
[ 89%] Linking CXX shared library proxy-bitmap-filter-plugin.so
[ 89%] Built target proxy-bitmap-filter-plugin
[ 89%] Built target freerdp-server
[ 89%] Building C object server/Sample/CMakeFiles/sfreerdp-server.dir/sf_audin.c.o
[ 89%] Building C object server/Sample/CMakeFiles/sfreerdp-server.dir/sf_encomsp.c.o
[ 89%] Building C object server/Sample/CMakeFiles/sfreerdp-server.dir/sfreerdp.c.o
[ 89%] Building C object server/shadow/X11/CMakeFiles/freerdp-shadow-subsystem-impl.dir/x11_shadow.c.o
[ 89%] Building C object server/Sample/CMakeFiles/sfreerdp-server.dir/sf_ainput.c.o
[ 89%] Building C object server/Sample/CMakeFiles/sfreerdp-server.dir/sf_rdpsnd.c.o
[ 89%] Building C object server/shadow/CMakeFiles/freerdp-shadow.dir/shadow_lobby.c.o
[ 89%] Building C object server/shadow/CMakeFiles/freerdp-shadow.dir/shadow_input.c.o
[ 89%] Building C object server/shadow/CMakeFiles/freerdp-shadow.dir/shadow_client.c.o
[ 90%] Building C object server/shadow/CMakeFiles/freerdp-shadow.dir/shadow_surface.c.o
[ 90%] Building C object server/shadow/CMakeFiles/freerdp-shadow.dir/shadow_encoder.c.o
[ 90%] Building C object server/shadow/CMakeFiles/freerdp-shadow.dir/shadow_screen.c.o
[ 90%] Building C object server/shadow/CMakeFiles/freerdp-shadow.dir/shadow_capture.c.o
[ 90%] Building C object server/shadow/CMakeFiles/freerdp-shadow.dir/shadow_channels.c.o
[ 90%] Building C object server/shadow/CMakeFiles/freerdp-shadow.dir/shadow_encomsp.c.o
[ 90%] Building C object server/shadow/CMakeFiles/freerdp-shadow.dir/shadow_remdesk.c.o
[ 90%] Building C object server/shadow/CMakeFiles/freerdp-shadow.dir/shadow_rdpsnd.c.o
[ 90%] Building C object server/shadow/CMakeFiles/freerdp-shadow.dir/shadow_rdpgfx.c.o
[ 90%] Building C object server/shadow/CMakeFiles/freerdp-shadow.dir/shadow_mcevent.c.o
[ 90%] Building C object server/shadow/CMakeFiles/freerdp-shadow.dir/shadow_subsystem.c.o
[ 91%] Building C object server/shadow/CMakeFiles/freerdp-shadow.dir/shadow_audin.c.o
[ 91%] Building C object server/shadow/CMakeFiles/freerdp-shadow.dir/shadow_server.c.o
[ 91%] Built target freerdp-client
[ 91%] Building C object libfreerdp/core/test/CMakeFiles/TestCore.dir/TestSettings.c.o
[ 92%] Building C object libfreerdp/core/test/CMakeFiles/TestCore.dir/TestCore.c.o
[ 92%] Building C object client/Wayland/CMakeFiles/wlfreerdp.dir/wlf_pointer.c.o
[ 92%] Building C object client/Wayland/CMakeFiles/wlfreerdp.dir/wlf_input.c.o
[ 92%] Building C object client/common/test/CMakeFiles/TestClient.dir/TestClient.c.o
[ 92%] Building C object libfreerdp/core/test/CMakeFiles/TestCore.dir/TestVersion.c.o
[ 93%] Building C object client/Wayland/CMakeFiles/wlfreerdp.dir/wlf_disp.c.o
[ 94%] Building C object client/Sample/CMakeFiles/sfreerdp.dir/tf_freerdp.c.o
[ 94%] Building C object client/common/test/CMakeFiles/TestClient.dir/TestClientCmdLine.c.o
[ 94%] Building C object client/Wayland/CMakeFiles/wlfreerdp.dir/wlfreerdp.c.o
[ 94%] Building C object client/common/test/CMakeFiles/TestClient.dir/TestClientRdpFile.c.o
[ 94%] Building C object client/Sample/CMakeFiles/sfreerdp.dir/tf_channels.c.o
[ 94%] Building C object client/common/test/CMakeFiles/TestClient.dir/TestClientChannels.c.o
[ 94%] Building C object client/Wayland/CMakeFiles/wlfreerdp.dir/wlf_cliprdr.c.o
[ 95%] Building C object client/X11/CMakeFiles/xfreerdp-client.dir/xf_utils.c.o
[ 95%] Building C object client/Wayland/CMakeFiles/wlfreerdp.dir/wlf_channels.c.o
[ 95%] Building C object server/proxy/CMakeFiles/freerdp-server-proxy.dir/pf_channel.c.o
[ 95%] Building C object server/proxy/CMakeFiles/freerdp-server-proxy.dir/pf_context.c.o
[ 95%] Building C object server/proxy/CMakeFiles/freerdp-server-proxy.dir/pf_update.c.o
[ 95%] Linking C executable sfreerdp-server
[ 95%] Linking C static library libfreerdp-shadow-subsystem-impl.a
[ 95%] Building C object server/proxy/CMakeFiles/freerdp-server-proxy.dir/pf_client.c.o
[ 95%] Building C object server/proxy/CMakeFiles/freerdp-server-proxy.dir/pf_input.c.o
[ 95%] Building C object client/X11/CMakeFiles/xfreerdp-client.dir/xf_gfx.c.o
[ 95%] Built target freerdp-shadow-subsystem-impl
[ 95%] Building C object client/X11/CMakeFiles/xfreerdp-client.dir/xf_rail.c.o
[ 95%] Building C object client/X11/CMakeFiles/xfreerdp-client.dir/xf_input.c.o
[ 95%] Building C object client/X11/CMakeFiles/xfreerdp-client.dir/xf_event.c.o
[ 95%] Building C object server/proxy/CMakeFiles/freerdp-server-proxy.dir/pf_config.c.o
[ 95%] Building C object server/proxy/CMakeFiles/freerdp-server-proxy.dir/pf_modules.c.o
[ 95%] Building C object server/proxy/CMakeFiles/freerdp-server-proxy.dir/pf_utils.c.o
[ 96%] Building C object client/X11/CMakeFiles/xfreerdp-client.dir/xf_floatbar.c.o
[ 96%] Building C object server/proxy/CMakeFiles/freerdp-server-proxy.dir/pf_server.c.o
[ 96%] Building C object client/X11/CMakeFiles/xfreerdp-client.dir/xf_channels.c.o
[ 96%] Linking C shared library libfreerdp-shadow3.so
[ 96%] Building C object client/X11/CMakeFiles/xfreerdp-client.dir/xf_cliprdr.c.o
[ 97%] Building C object client/X11/CMakeFiles/xfreerdp-client.dir/xf_monitor.c.o
[ 97%] Building C object client/X11/CMakeFiles/xfreerdp-client.dir/xf_disp.c.o
[ 97%] Building C object client/X11/CMakeFiles/xfreerdp-client.dir/xf_graphics.c.o
[ 97%] Building C object client/X11/CMakeFiles/xfreerdp-client.dir/xf_keyboard.c.o
[ 97%] Building C object client/X11/CMakeFiles/xfreerdp-client.dir/xf_client.c.o
[ 97%] Building C object client/X11/CMakeFiles/xfreerdp-client.dir/xf_window.c.o
[ 97%] Building C object client/X11/CMakeFiles/xfreerdp-client.dir/xf_video.c.o
[ 97%] Linking C executable sfreerdp
[ 97%] Linking C executable ../../../Testing/TestCore
[ 98%] Linking C executable ../../../Testing/TestClient
[ 98%] Linking C executable wlfreerdp
[ 98%] Built target sfreerdp-server
[ 98%] Linking C shared library libfreerdp-server-proxy3.so
[ 98%] Built target sfreerdp
[ 98%] Built target TestClient
[ 98%] Built target TestCore
[ 99%] Linking C static library libxfreerdp-client3.a
[ 99%] Built target freerdp-shadow
[ 99%] Building C object server/shadow/CMakeFiles/freerdp-shadow-subsystem.dir/shadow_subsystem_builtin.c.o
[ 99%] Built target wlfreerdp
[ 99%] Built target xfreerdp-client
[ 99%] Building C object client/X11/cli/CMakeFiles/xfreerdp.dir/xfreerdp.c.o
[ 99%] Built target freerdp-server-proxy
[ 99%] Building CXX object server/proxy/modules/dyn-channel-dump/CMakeFiles/proxy-dyn-channel-dump-plugin.dir/dyn-channel-dump.cpp.o
[ 99%] Building C object server/proxy/cli/CMakeFiles/freerdp-proxy.dir/freerdp_proxy.c.o
[ 99%] Linking C shared library libfreerdp-shadow-subsystem3.so
[ 99%] Linking C executable ../xfreerdp
[ 99%] Linking C executable freerdp-proxy
[ 99%] Built target freerdp-shadow-subsystem
[ 99%] Building C object server/shadow/CMakeFiles/freerdp-shadow-cli.dir/shadow.c.o
[ 99%] Built target freerdp-proxy
[100%] Linking C executable freerdp-shadow-cli
[100%] Built target xfreerdp
[100%] Built target freerdp-shadow-cli
[100%] Linking CXX shared library proxy-dyn-channel-dump-plugin.so
[100%] Built target proxy-dyn-channel-dump-plugin
Running tests...
Test project /src/FreeRDP/build_test
        Start   1: TestSynchInit
  1/150 Test   #1: TestSynchInit ............................   Passed    0.75 sec
        Start   2: TestSynchEvent
  2/150 Test   #2: TestSynchEvent ...........................   Passed    0.02 sec
        Start   3: TestSynchMutex
  3/150 Test   #3: TestSynchMutex ...........................   Passed    0.12 sec
        Start   4: TestSynchBarrier
  4/150 Test   #4: TestSynchBarrier .........................   Passed    0.67 sec
        Start   5: TestSynchCritical
  5/150 Test   #5: TestSynchCritical ........................   Passed    0.22 sec
        Start   6: TestSynchSemaphore
  6/150 Test   #6: TestSynchSemaphore .......................   Passed    0.01 sec
        Start   7: TestSynchThread
  7/150 Test   #7: TestSynchThread ..........................   Passed    0.21 sec
        Start   8: TestSynchTimerQueue
  8/150 Test   #8: TestSynchTimerQueue ......................   Passed    0.52 sec
        Start   9: TestSynchWaitableTimer
  9/150 Test   #9: TestSynchWaitableTimer ...................   Passed    0.60 sec
        Start  10: TestSynchWaitableTimerAPC
 10/150 Test  #10: TestSynchWaitableTimerAPC ................   Passed    0.17 sec
        Start  11: TestSynchAPC
 11/150 Test  #11: TestSynchAPC .............................   Passed    0.61 sec
        Start  12: TestLibraryLoadLibrary
 12/150 Test  #12: TestLibraryLoadLibrary ...................   Passed    0.01 sec
        Start  13: TestLibraryGetProcAddress
 13/150 Test  #13: TestLibraryGetProcAddress ................   Passed    0.01 sec
        Start  14: TestLibraryGetModuleFileName
 14/150 Test  #14: TestLibraryGetModuleFileName .............   Passed    0.01 sec
        Start  15: TestFileCreateFile
 15/150 Test  #15: TestFileCreateFile .......................   Passed    0.01 sec
        Start  16: TestFileDeleteFile
 16/150 Test  #16: TestFileDeleteFile .......................   Passed    0.01 sec
        Start  17: TestFileReadFile
 17/150 Test  #17: TestFileReadFile .........................   Passed    0.01 sec
        Start  18: TestSetFileAttributes
 18/150 Test  #18: TestSetFileAttributes ....................   Passed    0.01 sec
        Start  19: TestFileWriteFile
 19/150 Test  #19: TestFileWriteFile ........................   Passed    0.01 sec
        Start  20: TestFilePatternMatch
 20/150 Test  #20: TestFilePatternMatch .....................   Passed    0.01 sec
        Start  21: TestFileFindFirstFile
 21/150 Test  #21: TestFileFindFirstFile ....................   Passed    0.06 sec
        Start  22: TestFileFindFirstFileEx
 22/150 Test  #22: TestFileFindFirstFileEx ..................   Passed    0.01 sec
        Start  23: TestFileFindNextFile
 23/150 Test  #23: TestFileFindNextFile .....................   Passed    0.01 sec
        Start  24: TestFileGetStdHandle
 24/150 Test  #24: TestFileGetStdHandle .....................   Passed    0.01 sec
        Start  25: TestPipeCreatePipe
 25/150 Test  #25: TestPipeCreatePipe .......................   Passed    0.01 sec
        Start  26: TestPipeCreateNamedPipe
 26/150 Test  #26: TestPipeCreateNamedPipe ..................   Passed    0.01 sec
        Start  27: TestPipeCreateNamedPipeOverlapped
 27/150 Test  #27: TestPipeCreateNamedPipeOverlapped ........   Passed    0.01 sec
        Start  28: TestInterlockedAccess
 28/150 Test  #28: TestInterlockedAccess ....................   Passed    0.01 sec
        Start  29: TestInterlockedSList
 29/150 Test  #29: TestInterlockedSList .....................   Passed    0.01 sec
        Start  30: TestInterlockedDList
 30/150 Test  #30: TestInterlockedDList .....................   Passed    0.01 sec
        Start  31: TestSecurityToken
 31/150 Test  #31: TestSecurityToken ........................   Passed    0.00 sec
        Start  32: TestEnvironmentGetEnvironmentStrings
 32/150 Test  #32: TestEnvironmentGetEnvironmentStrings .....   Passed    0.01 sec
        Start  33: TestEnvironmentSetEnvironmentVariable
 33/150 Test  #33: TestEnvironmentSetEnvironmentVariable ....   Passed    0.01 sec
        Start  34: TestEnvironmentMergeEnvironmentStrings
 34/150 Test  #34: TestEnvironmentMergeEnvironmentStrings ...   Passed    0.01 sec
        Start  35: TestEnvironmentGetSetEB
 35/150 Test  #35: TestEnvironmentGetSetEB ..................   Passed    0.01 sec
        Start  36: TestCryptoHash
 36/150 Test  #36: TestCryptoHash ...........................   Passed    0.01 sec
        Start  37: TestCryptoRand
 37/150 Test  #37: TestCryptoRand ...........................   Passed    0.01 sec
        Start  38: TestCryptoCipher
 38/150 Test  #38: TestCryptoCipher .........................   Passed    0.01 sec
        Start  39: TestCryptoProtectData
 39/150 Test  #39: TestCryptoProtectData ....................   Passed    0.01 sec
        Start  40: TestCryptoProtectMemory
 40/150 Test  #40: TestCryptoProtectMemory ..................   Passed    0.01 sec
        Start  41: TestCryptoCertEnumCertificatesInStore
 41/150 Test  #41: TestCryptoCertEnumCertificatesInStore ....   Passed    0.01 sec
        Start  42: TestPathCchAddBackslash
 42/150 Test  #42: TestPathCchAddBackslash ..................   Passed    0.01 sec
        Start  43: TestPathCchRemoveBackslash
 43/150 Test  #43: TestPathCchRemoveBackslash ...............   Passed    0.01 sec
        Start  44: TestPathCchAddBackslashEx
 44/150 Test  #44: TestPathCchAddBackslashEx ................   Passed    0.01 sec
        Start  45: TestPathCchRemoveBackslashEx
 45/150 Test  #45: TestPathCchRemoveBackslashEx .............   Passed    0.01 sec
        Start  46: TestPathCchAddExtension
 46/150 Test  #46: TestPathCchAddExtension ..................   Passed    0.01 sec
        Start  47: TestPathCchAppend
 47/150 Test  #47: TestPathCchAppend ........................   Passed    0.01 sec
        Start  48: TestPathCchAppendEx
 48/150 Test  #48: TestPathCchAppendEx ......................   Passed    0.01 sec
        Start  49: TestPathCchCanonicalize
 49/150 Test  #49: TestPathCchCanonicalize ..................   Passed    0.01 sec
        Start  50: TestPathCchCanonicalizeEx
 50/150 Test  #50: TestPathCchCanonicalizeEx ................   Passed    0.01 sec
        Start  51: TestPathAllocCanonicalize
 51/150 Test  #51: TestPathAllocCanonicalize ................   Passed    0.01 sec
        Start  52: TestPathCchCombine
 52/150 Test  #52: TestPathCchCombine .......................   Passed    0.01 sec
        Start  53: TestPathCchCombineEx
 53/150 Test  #53: TestPathCchCombineEx .....................   Passed    0.01 sec
        Start  54: TestPathAllocCombine
 54/150 Test  #54: TestPathAllocCombine .....................   Passed    0.01 sec
        Start  55: TestPathCchFindExtension
 55/150 Test  #55: TestPathCchFindExtension .................   Passed    0.01 sec
        Start  56: TestPathCchRenameExtension
 56/150 Test  #56: TestPathCchRenameExtension ...............   Passed    0.01 sec
        Start  57: TestPathCchRemoveExtension
 57/150 Test  #57: TestPathCchRemoveExtension ...............   Passed    0.01 sec
        Start  58: TestPathCchIsRoot
 58/150 Test  #58: TestPathCchIsRoot ........................   Passed    0.01 sec
        Start  59: TestPathIsUNCEx
 59/150 Test  #59: TestPathIsUNCEx ..........................   Passed    0.01 sec
        Start  60: TestPathCchSkipRoot
 60/150 Test  #60: TestPathCchSkipRoot ......................   Passed    0.01 sec
        Start  61: TestPathCchStripToRoot
 61/150 Test  #61: TestPathCchStripToRoot ...................   Passed    0.01 sec
        Start  62: TestPathCchStripPrefix
 62/150 Test  #62: TestPathCchStripPrefix ...................   Passed    0.01 sec
        Start  63: TestPathCchRemoveFileSpec
 63/150 Test  #63: TestPathCchRemoveFileSpec ................   Passed    0.01 sec
        Start  64: TestPathShell
 64/150 Test  #64: TestPathShell ............................   Passed    0.01 sec
        Start  65: TestPathMakePath
 65/150 Test  #65: TestPathMakePath .........................   Passed    0.01 sec
        Start  66: TestIoGetOverlappedResult
 66/150 Test  #66: TestIoGetOverlappedResult ................   Passed    0.01 sec
        Start  67: TestMemoryCreateFileMapping
 67/150 Test  #67: TestMemoryCreateFileMapping ..............   Passed    0.00 sec
        Start  68: TestNCryptSmartcard
 68/150 Test  #68: TestNCryptSmartcard ......................   Passed    0.02 sec
        Start  69: TestNCryptProviders
 69/150 Test  #69: TestNCryptProviders ......................   Passed    0.01 sec
        Start  70: TestIni
 70/150 Test  #70: TestIni ..................................   Passed    0.01 sec
        Start  71: TestVersion
 71/150 Test  #71: TestVersion ..............................   Passed    0.01 sec
        Start  72: TestImage
 72/150 Test  #72: TestImage ................................   Passed    0.08 sec
        Start  73: TestBacktrace
 73/150 Test  #73: TestBacktrace ............................   Passed    0.01 sec
        Start  74: TestQueue
 74/150 Test  #74: TestQueue ................................   Passed    0.01 sec
        Start  75: TestPrint
 75/150 Test  #75: TestPrint ................................   Passed    0.01 sec
        Start  76: TestPubSub
 76/150 Test  #76: TestPubSub ...............................   Passed    0.01 sec
        Start  77: TestStream
 77/150 Test  #77: TestStream ...............................   Passed    0.01 sec
        Start  78: TestBitStream
 78/150 Test  #78: TestBitStream ............................   Passed    0.01 sec
        Start  79: TestArrayList
 79/150 Test  #79: TestArrayList ............................   Passed    0.01 sec
        Start  80: TestLinkedList
 80/150 Test  #80: TestLinkedList ...........................   Passed    0.01 sec
        Start  81: TestListDictionary
 81/150 Test  #81: TestListDictionary .......................   Passed    0.01 sec
        Start  82: TestCmdLine
 82/150 Test  #82: TestCmdLine ..............................   Passed    0.01 sec
        Start  83: TestASN1
 83/150 Test  #83: TestASN1 .................................   Passed    0.01 sec
        Start  84: TestWLog
 84/150 Test  #84: TestWLog .................................   Passed    0.01 sec
        Start  85: TestWLogCallback
 85/150 Test  #85: TestWLogCallback .........................   Passed    0.01 sec
        Start  86: TestHashTable
 86/150 Test  #86: TestHashTable ............................   Passed    0.01 sec
        Start  87: TestBufferPool
 87/150 Test  #87: TestBufferPool ...........................   Passed    0.01 sec
        Start  88: TestStreamPool
 88/150 Test  #88: TestStreamPool ...........................   Passed    0.01 sec
        Start  89: TestMessageQueue
 89/150 Test  #89: TestMessageQueue .........................   Passed    0.01 sec
        Start  90: TestMessagePipe
 90/150 Test  #90: TestMessagePipe ..........................   Passed    0.01 sec
        Start  91: TestErrorSetLastError
 91/150 Test  #91: TestErrorSetLastError ....................   Passed    0.21 sec
        Start  92: TestGetNativeSystemInfo
 92/150 Test  #92: TestGetNativeSystemInfo ..................   Passed    0.01 sec
        Start  93: TestCPUFeatures
 93/150 Test  #93: TestCPUFeatures ..........................   Passed    0.01 sec
        Start  94: TestGetComputerName
 94/150 Test  #94: TestGetComputerName ......................   Passed    0.01 sec
        Start  95: TestSystemTime
 95/150 Test  #95: TestSystemTime ...........................   Passed    0.01 sec
        Start  96: TestLocalTime
 96/150 Test  #96: TestLocalTime ............................   Passed    0.01 sec
        Start  97: TestPoolIO
 97/150 Test  #97: TestPoolIO ...............................   Passed    0.01 sec
        Start  98: TestPoolSynch
 98/150 Test  #98: TestPoolSynch ............................   Passed    0.01 sec
        Start  99: TestPoolThread
 99/150 Test  #99: TestPoolThread ...........................   Passed    0.01 sec
        Start 100: TestPoolTimer
100/150 Test #100: TestPoolTimer ............................   Passed    0.01 sec
        Start 101: TestPoolWork
101/150 Test #101: TestPoolWork .............................   Passed    0.01 sec
        Start 102: TestThreadCommandLineToArgv
102/150 Test #102: TestThreadCommandLineToArgv ..............   Passed    0.01 sec
        Start 103: TestThreadCreateProcess
103/150 Test #103: TestThreadCreateProcess ..................   Passed    0.32 sec
        Start 104: TestThreadExitThread
104/150 Test #104: TestThreadExitThread .....................   Passed    0.02 sec
        Start 105: TestQuerySecurityPackageInfo
105/150 Test #105: TestQuerySecurityPackageInfo .............   Passed    0.01 sec
        Start 106: TestEnumerateSecurityPackages
106/150 Test #106: TestEnumerateSecurityPackages ............   Passed    0.01 sec
        Start 107: TestInitializeSecurityContext
107/150 Test #107: TestInitializeSecurityContext ............   Passed    0.01 sec
        Start 108: TestAcquireCredentialsHandle
108/150 Test #108: TestAcquireCredentialsHandle .............   Passed    0.01 sec
        Start 109: TestCredSSP
109/150 Test #109: TestCredSSP ..............................   Passed    0.01 sec
        Start 110: TestNTLM
110/150 Test #110: TestNTLM .................................   Passed    0.01 sec
        Start 111: TestTypes
111/150 Test #111: TestTypes ................................   Passed    0.01 sec
        Start 112: TestFormatSpecifiers
112/150 Test #112: TestFormatSpecifiers .....................   Passed    0.01 sec
        Start 113: TestAlignment
113/150 Test #113: TestAlignment ............................   Passed    0.01 sec
        Start 114: TestString
114/150 Test #114: TestString ...............................   Passed    0.01 sec
        Start 115: TestUnicodeConversion
115/150 Test #115: TestUnicodeConversion ....................   Passed    0.01 sec
        Start 116: TestBCryptDefine
116/150 Test #116: TestBCryptDefine .........................   Passed    0.01 sec
        Start 117: TestWtsApiEnumerateProcesses
117/150 Test #117: TestWtsApiEnumerateProcesses .............   Passed    0.01 sec
        Start 118: TestWtsApiEnumerateSessions
118/150 Test #118: TestWtsApiEnumerateSessions ..............   Passed    0.01 sec
        Start 119: TestWtsApiQuerySessionInformation
119/150 Test #119: TestWtsApiQuerySessionInformation ........   Passed    0.01 sec
        Start 120: TestWtsApiSessionNotification
120/150 Test #120: TestWtsApiSessionNotification ............   Passed    0.01 sec
        Start 121: TestWtsApiShutdownSystem
121/150 Test #121: TestWtsApiShutdownSystem .................   Passed    0.01 sec
        Start 122: TestWtsApiWaitSystemEvent
122/150 Test #122: TestWtsApiWaitSystemEvent ................   Passed    0.01 sec
        Start 123: TestDsMakeSpn
123/150 Test #123: TestDsMakeSpn ............................   Passed    0.01 sec
        Start 124: TestSmartCardListReaders
124/150 Test #124: TestSmartCardListReaders .................   Passed    0.01 sec
        Start 125: TestNtCurrentTeb
125/150 Test #125: TestNtCurrentTeb .........................   Passed    0.01 sec
        Start 126: TestClipboardFormats
126/150 Test #126: TestClipboardFormats .....................   Passed    0.01 sec
        Start 127: TestIntrinsics
127/150 Test #127: TestIntrinsics ...........................   Passed    0.01 sec
        Start 128: TestTypes
128/150 Test #128: TestTypes ................................   Passed    0.01 sec
        Start 129: TestRdTkNinePatch
129/150 Test #129: TestRdTkNinePatch ........................   Passed    0.01 sec
        Start 130: TestRingBuffer
130/150 Test #130: TestRingBuffer ...........................   Passed    0.05 sec
        Start 131: TestPodArrays
131/150 Test #131: TestPodArrays ............................   Passed    0.05 sec
        Start 132: TestEncodedTypes
132/150 Test #132: TestEncodedTypes .........................   Passed    0.68 sec
        Start 133: TestAddinArgv
133/150 Test #133: TestAddinArgv ............................   Passed    0.05 sec
        Start 134: TestCommonAssistance
134/150 Test #134: TestCommonAssistance .....................   Passed    0.06 sec
        Start 135: TestKnownHosts
135/150 Test #135: TestKnownHosts ...........................   Passed    0.05 sec
        Start 136: TestBase64
136/150 Test #136: TestBase64 ...............................   Passed    0.04 sec
        Start 137: TestVersion
137/150 Test #137: TestVersion ..............................   Passed    0.05 sec
        Start 138: TestSettings
138/150 Test #138: TestSettings .............................   Passed    1.59 sec
        Start 139: TestFreeRDPRegion
139/150 Test #139: TestFreeRDPRegion ........................   Passed    0.05 sec
        Start 140: TestFreeRDPCodecZGfx
140/150 Test #140: TestFreeRDPCodecZGfx .....................   Passed    0.05 sec
        Start 141: TestFreeRDPCodecPlanar
141/150 Test #141: TestFreeRDPCodecPlanar ...................   Passed    0.09 sec
        Start 142: TestFreeRDPCodecCopy
142/150 Test #142: TestFreeRDPCodecCopy .....................   Passed    0.30 sec
        Start 143: TestFreeRDPCodecClear
143/150 Test #143: TestFreeRDPCodecClear ....................   Passed    0.05 sec
        Start 144: TestFreeRDPCodecInterleaved
144/150 Test #144: TestFreeRDPCodecInterleaved ..............   Passed    0.08 sec
        Start 145: TestFreeRDPCodecProgressive
145/150 Test #145: TestFreeRDPCodecProgressive ..............   Passed    0.11 sec
        Start 146: TestFreeRDPCodecRemoteFX
146/150 Test #146: TestFreeRDPCodecRemoteFX .................   Passed    0.05 sec
        Start 147: TestFreeRDPCodecH264
147/150 Test #147: TestFreeRDPCodecH264 .....................   Passed    1.76 sec
        Start 148: TestClientRdpFile
148/150 Test #148: TestClientRdpFile ........................   Passed    0.06 sec
        Start 149: TestClientChannels
149/150 Test #149: TestClientChannels .......................   Passed    0.05 sec
        Start 150: TestClientCmdLine
150/150 Test #150: TestClientCmdLine ........................   Passed    0.12 sec

100% tests passed, 0 tests failed out of 150

Total Test time (real) =  11.29 sec
Tests passed as expected

Using CFLAGS -O1   -fno-omit-frame-pointer   -gline-tables-only   -Wno-error=enum-constexpr-conversion   -Wno-error=incompatible-function-pointer-types   -Wno-error=int-conversion   -Wno-error=deprecated-declarations   -Wno-error=implicit-function-declaration   -Wno-error=implicit-int   -Wno-error=vla-cxx-extension   -DFUZZING_BUILD_MODE_UNSAFE_FOR_PRODUCTION -fno-omit-frame-pointer -Wredundant-decls -Wimplicit-function-declaration
Using CFLAGS_RELEASE -O3 -DNDEBUG
Using CFLAGS_DEBUG -g
Using CFLAGS_MINSIZEREL -Os -DNDEBUG
Using CFLAGS_RELWITHDEBINFO -O2 -g -DNDEBUG
FREERDP_VERSION=3.11.2-dev0
using default plugins location
Configured RPATH=$ORIGIN/../lib:$ORIGIN/..
CMake Warning at cmake/JsonDetect.cmake:7 (find_package):
  By not providing "FindcJSON.cmake" in CMAKE_MODULE_PATH this project has
  asked CMake to find a package configuration file provided by "cJSON", but
  CMake did not find one.

  Could not find a package configuration file provided by "cJSON" with any of
  the following names:

    cJSONConfig.cmake
    cjson-config.cmake

  Add the installation prefix of "cJSON" to CMAKE_PREFIX_PATH or set
  "cJSON_DIR" to a directory containing one of the above files.  If "cJSON"
  provides a separate development package or SDK, be sure it has been
  installed.
Call Stack (most recent call first):
  winpr/libwinpr/CMakeLists.txt:19 (include)


CMake Warning at winpr/libwinpr/CMakeLists.txt:126 (find_package):
  By not providing "Finduriparser.cmake" in CMAKE_MODULE_PATH this project
  has asked CMake to find a package configuration file provided by
  "uriparser", but CMake did not find one.

  Could not find a package configuration file provided by "uriparser" with
  any of the following names:

    uriparserConfig.cmake
    uriparser-config.cmake

  Add the installation prefix of "uriparser" to CMAKE_PREFIX_PATH or set
  "uriparser_DIR" to a directory containing one of the above files.  If
  "uriparser" provides a separate development package or SDK, be sure it has
  been installed.


CMake Warning at cmake/JsonDetect.cmake:7 (find_package):
  By not providing "FindcJSON.cmake" in CMAKE_MODULE_PATH this project has
  asked CMake to find a package configuration file provided by "cJSON", but
  CMake did not find one.

  Could not find a package configuration file provided by "cJSON" with any of
  the following names:

    cJSONConfig.cmake
    cjson-config.cmake

  Add the installation prefix of "cJSON" to CMAKE_PREFIX_PATH or set
  "cJSON_DIR" to a directory containing one of the above files.  If "cJSON"
  provides a separate development package or SDK, be sure it has been
  installed.
Call Stack (most recent call first):
  winpr/libwinpr/utils/CMakeLists.txt:179 (include)


using KRB5_FOUND 1 
using KRB5_VERSION 1.17 
using KRB5_FLAVOUR MIT 
using KRB5_CFLAGS -isystem;/usr/include/mit-krb5 
using KRB5_LDFLAGS -L/usr/lib/x86_64-linux-gnu/mit-krb5;-lkrb5;-lk5crypto;-lcom_err 
using KRB5_INCLUDEDIR /usr/include/mit-krb5 
using KRB5_INCLUDE_DIRS /usr/include/mit-krb5 
using KRB5_LIBRARIES krb5;k5crypto;com_err 
add_library(winpr) []
add_library(winpr-tools) []
add_executable(winpr-makecert) []
add_executable(winpr-hash) []
Configured RPATH=$ORIGIN/../lib:$ORIGIN/..
Configured RPATH=$ORIGIN/../lib:$ORIGIN/..
add_library(rdtk) []
add_executable(rdtk-sample) []
Skipping connection tests, requires BUILD_TESTING_INTERNAL, WITH_SAMPLE and WITH_SERVER set!
[SIMD] linking sse2 [-msse2]: sse/rfx_sse2.c;sse/rfx_sse2.h;sse/nsc_sse2.c;sse/nsc_sse2.h
INTRINSIC_TYPE=neon: not supported on target platform, ignoring
[SIMD] linking sse2 [-msse2]: sse/prim_colors_sse2.c;sse/prim_set_sse2.c
[SIMD] linking sse3 [-msse3]: sse/prim_add_sse3.c;sse/prim_alphaComp_sse3.c;sse/prim_andor_sse3.c;sse/prim_shift_sse3.c
[SIMD] linking ssse3 [-mssse3]: sse/prim_sign_ssse3.c;sse/prim_YCoCg_ssse3.c
[SIMD] linking sse4.1 [-msse4.1]: sse/prim_copy_sse4_1.c;sse/prim_YUV_sse4.1.c
[SIMD] linking sse4.2 [-msse4.2]: 
[SIMD] linking avx2 [-mavx2]: sse/prim_copy_avx2.c
INTRINSIC_TYPE=neon: not supported on target platform, ignoring
add_library(freerdp) []
add_library(freerdp-client) []
project sfreerdp is using version 3.11.2
Configured RPATH=$ORIGIN/../lib:$ORIGIN/..
add_executable(sfreerdp) []
project sdl-freerdp is using version 3.11.2
Configured RPATH=$ORIGIN/../lib:$ORIGIN/..
Using CXXFLAGS -O1   -fno-omit-frame-pointer   -gline-tables-only   -Wno-error=enum-constexpr-conversion   -Wno-error=incompatible-function-pointer-types   -Wno-error=int-conversion   -Wno-error=deprecated-declarations   -Wno-error=implicit-function-declaration   -Wno-error=implicit-int   -Wno-error=vla-cxx-extension   -DFUZZING_BUILD_MODE_UNSAFE_FOR_PRODUCTION -stdlib=libc++ -fno-omit-frame-pointer -Wredundant-decls
Using CXXFLAGS_RELEASE -O3 -DNDEBUG
Using CXXFLAGS_DEBUG -g
Using CXXFLAGS_MINSIZEREL -Os -DNDEBUG
Using CXXFLAGS_RELWITHDEBINFO -O2 -g -DNDEBUG
CMake Warning at client/SDL/CMakeLists.txt:65 (find_package):
  Could not find a configuration file for package "SDL2" that is compatible
  with requested version "2.0.20".

  The following configuration files were considered but not accepted:

    /usr/lib/x86_64-linux-gnu/cmake/SDL2/sdl2-config.cmake, version: unknown
    /lib/x86_64-linux-gnu/cmake/SDL2/sdl2-config.cmake, version: unknown



CMake Warning at client/SDL/CMakeLists.txt:66 (find_package):
  By not providing "FindSDL3.cmake" in CMAKE_MODULE_PATH this project has
  asked CMake to find a package configuration file provided by "SDL3", but
  CMake did not find one.

  Could not find a package configuration file provided by "SDL3" with any of
  the following names:

    SDL3Config.cmake
    sdl3-config.cmake

  Add the installation prefix of "SDL3" to CMAKE_PREFIX_PATH or set
  "SDL3_DIR" to a directory containing one of the above files.  If "SDL3"
  provides a separate development package or SDK, be sure it has been
  installed.


CMake Warning at client/SDL/CMakeLists.txt:82 (message):
  No SDL library detected, giving up.  Install SDL2 or SDL3 development
  package to fix


project xfreerdp-client is using version 3.11.2
CMake Warning at cmake/CommonConfigOptions.cmake:27 (message):
  LTO not supported, got CMake doesn't support IPO for current CXX compiler
Call Stack (most recent call first):
  client/X11/CMakeLists.txt:35 (include)


Configured RPATH=$ORIGIN/../lib:$ORIGIN/..
add_library(xfreerdp-client) [STATIC]
add_executable(xfreerdp) []
add_executable(wlfreerdp) []
add_library(freerdp-server) []
add_library(freerdp-shadow) []
add_library(freerdp-shadow-subsystem) []
add_executable(freerdp-shadow-cli) []
add_library(freerdp-server-proxy) []
add_executable(freerdp-proxy) []
project proxy-bitmap-filter-plugin is using version 3.11.2
Configured RPATH=$ORIGIN/../lib:$ORIGIN/..
Using CXXFLAGS -O1   -fno-omit-frame-pointer   -gline-tables-only   -Wno-error=enum-constexpr-conversion   -Wno-error=incompatible-function-pointer-types   -Wno-error=int-conversion   -Wno-error=deprecated-declarations   -Wno-error=implicit-function-declaration   -Wno-error=implicit-int   -Wno-error=vla-cxx-extension   -DFUZZING_BUILD_MODE_UNSAFE_FOR_PRODUCTION -stdlib=libc++ -fno-omit-frame-pointer -Wredundant-decls
Using CXXFLAGS_RELEASE -O3 -DNDEBUG
Using CXXFLAGS_DEBUG -g
Using CXXFLAGS_MINSIZEREL -Os -DNDEBUG
Using CXXFLAGS_RELWITHDEBINFO -O2 -g -DNDEBUG
add_library(proxy-bitmap-filter-plugin) []
project proxy-demo-plugin is using version 3.11.2
Configured RPATH=$ORIGIN/../lib:$ORIGIN/..
Using CXXFLAGS -O1   -fno-omit-frame-pointer   -gline-tables-only   -Wno-error=enum-constexpr-conversion   -Wno-error=incompatible-function-pointer-types   -Wno-error=int-conversion   -Wno-error=deprecated-declarations   -Wno-error=implicit-function-declaration   -Wno-error=implicit-int   -Wno-error=vla-cxx-extension   -DFUZZING_BUILD_MODE_UNSAFE_FOR_PRODUCTION -stdlib=libc++ -fno-omit-frame-pointer -Wredundant-decls
Using CXXFLAGS_RELEASE -O3 -DNDEBUG
Using CXXFLAGS_DEBUG -g
Using CXXFLAGS_MINSIZEREL -Os -DNDEBUG
Using CXXFLAGS_RELWITHDEBINFO -O2 -g -DNDEBUG
add_library(proxy-demo-plugin) []
project proxy-dyn-channel-dump-plugin is using version 3.11.2
Configured RPATH=$ORIGIN/../lib:$ORIGIN/..
Using CXXFLAGS -O1   -fno-omit-frame-pointer   -gline-tables-only   -Wno-error=enum-constexpr-conversion   -Wno-error=incompatible-function-pointer-types   -Wno-error=int-conversion   -Wno-error=deprecated-declarations   -Wno-error=implicit-function-declaration   -Wno-error=implicit-int   -Wno-error=vla-cxx-extension   -DFUZZING_BUILD_MODE_UNSAFE_FOR_PRODUCTION -stdlib=libc++ -fno-omit-frame-pointer -Wredundant-decls
Using CXXFLAGS_RELEASE -O3 -DNDEBUG
Using CXXFLAGS_DEBUG -g
Using CXXFLAGS_MINSIZEREL -Os -DNDEBUG
Using CXXFLAGS_RELWITHDEBINFO -O2 -g -DNDEBUG
add_library(proxy-dyn-channel-dump-plugin) []
add_executable(sfreerdp-server) []
using /src/FreeRDP/build_test/client/X11/man/../../common/man/freerdp-global-options.1
using generated /src/FreeRDP/build_test/client/X11/man/xfreerdp-shortcuts.1 from /src/FreeRDP/client/X11/man/xfreerdp-shortcuts.1.in
using generated /src/FreeRDP/build_test/client/X11/man/freerdp-global-envvar.1 from /src/FreeRDP/client/X11/man/../../common/man/freerdp-global-envvar.1.in
using generated /src/FreeRDP/build_test/client/X11/man/freerdp-global-config.1 from /src/FreeRDP/client/X11/man/../../common/man/freerdp-global-config.1.in
using generated /src/FreeRDP/build_test/client/X11/man/xfreerdp-examples.1 from /src/FreeRDP/client/X11/man/xfreerdp-examples.1.in
using generated /src/FreeRDP/build_test/client/X11/man/freerdp-global-links.1 from /src/FreeRDP/client/X11/man/../../common/man/freerdp-global-links.1.in
/src/FreeRDP/libfreerdp/common/settings_getters.c:1815:8: warning: case value not in enumerated type 'FreeRDP_Settings_Keys_UInt32' [-Wswitch]
 1815 |                 case FreeRDP_MonitorLocalShiftX:
      |                      ^
/src/FreeRDP/libfreerdp/common/settings_getters.c:1818:8: warning: case value not in enumerated type 'FreeRDP_Settings_Keys_UInt32' [-Wswitch]
 1818 |                 case FreeRDP_MonitorLocalShiftY:
      |                      ^
/src/FreeRDP/libfreerdp/common/settings_getters.c:2280:8: warning: case value not in enumerated type 'FreeRDP_Settings_Keys_UInt32' [-Wswitch]
 2280 |                 case FreeRDP_MonitorLocalShiftX:
      |                      ^
/src/FreeRDP/libfreerdp/common/settings_getters.c:2284:8: warning: case value not in enumerated type 'FreeRDP_Settings_Keys_UInt32' [-Wswitch]
 2284 |                 case FreeRDP_MonitorLocalShiftY:
      |                      ^
4 warnings generated.
Using "code" is deprecated - use private-code or public-code.
See the help page for details.
Using "code" is deprecated - use private-code or public-code.
See the help page for details.
Using "code" is deprecated - use private-code or public-code.
See the help page for details.
Using "code" is deprecated - use private-code or public-code.
See the help page for details.
Using "code" is deprecated - use private-code or public-code.
See the help page for details.
Using "code" is deprecated - use private-code or public-code.
See the help page for details.
Using "code" is deprecated - use private-code or public-code.
See the help page for details.
/src/FreeRDP/client/X11/xf_keyboard.c:162:24: warning: 'freerdp_keyboard_init_ex' is deprecated: since 3.11.0, implement yourself in client [-Wdeprecated-declarations]
  162 |         xfc->KeyboardLayout = freerdp_keyboard_init_ex(xfc->KeyboardLayout, NULL);
      |                               ^
/src/FreeRDP/include/freerdp/locale/keyboard.h:268:1: note: 'freerdp_keyboard_init_ex' has been explicitly marked deprecated here
  268 | WINPR_DEPRECATED_VAR("since 3.11.0, implement yourself in client",
      | ^
/src/FreeRDP/winpr/include/winpr/platform.h:497:60: note: expanded from macro 'WINPR_DEPRECATED_VAR'
  497 | #define WINPR_DEPRECATED_VAR(text, obj) obj __attribute__((deprecated(text)))
      |                                                            ^
/src/FreeRDP/client/X11/xf_keyboard.c:214:8: warning: 'freerdp_keyboard_get_rdp_scancode_from_x11_keycode' is deprecated: since 3.11.0, implement yourself in client [-Wdeprecated-declarations]
  214 |                             freerdp_keyboard_get_rdp_scancode_from_x11_keycode((UINT32)keycode);
      |                             ^
/src/FreeRDP/include/freerdp/locale/keyboard.h:272:1: note: 'freerdp_keyboard_get_rdp_scancode_from_x11_keycode' has been explicitly marked deprecated here
  272 | WINPR_DEPRECATED_VAR("since 3.11.0, implement yourself in client",
      | ^
/src/FreeRDP/winpr/include/winpr/platform.h:497:60: note: expanded from macro 'WINPR_DEPRECATED_VAR'
  497 | #define WINPR_DEPRECATED_VAR(text, obj) obj __attribute__((deprecated(text)))
      |                                                            ^
/src/FreeRDP/client/X11/xf_keyboard.c:245:19: warning: 'freerdp_keyboard_get_rdp_scancode_from_x11_keycode' is deprecated: since 3.11.0, implement yourself in client [-Wdeprecated-declarations]
  245 |         const DWORD sc = freerdp_keyboard_get_rdp_scancode_from_x11_keycode(event->keycode);
      |                          ^
/src/FreeRDP/include/freerdp/locale/keyboard.h:272:1: note: 'freerdp_keyboard_get_rdp_scancode_from_x11_keycode' has been explicitly marked deprecated here
  272 | WINPR_DEPRECATED_VAR("since 3.11.0, implement yourself in client",
      | ^
/src/FreeRDP/winpr/include/winpr/platform.h:497:60: note: expanded from macro 'WINPR_DEPRECATED_VAR'
  497 | #define WINPR_DEPRECATED_VAR(text, obj) obj __attribute__((deprecated(text)))
      |                                                            ^
3 warnings generated.

