Functional tests passed successfully

/src /src/libavif
/src/libavif
-- The C compiler identification is Clang 18.1.8
-- The CXX compiler identification is Clang 18.1.8
-- Detecting C compiler ABI info
-- Detecting C compiler ABI info - done
-- Check for working C compiler: /usr/local/bin/clang - skipped
-- Detecting C compile features
-- Detecting C compile features - done
-- Detecting CXX compiler ABI info
-- Detecting CXX compiler ABI info - done
-- Check for working CXX compiler: /usr/local/bin/clang++ - skipped
-- Detecting CXX compile features
-- Detecting CXX compile features - done
-- Performing Test CMAKE_HAVE_LIBC_PTHREAD
-- Performing Test CMAKE_HAVE_LIBC_PTHREAD - Failed
-- Looking for pthread_create in pthreads
-- Looking for pthread_create in pthreads - not found
-- Looking for pthread_create in pthread
-- Looking for pthread_create in pthread - found
-- Found Threads: TRUE
-- The ASM_NASM compiler identification is NASM
-- Found assembler: /usr/bin/nasm
-- Performing Test C_TEST_COMPILED
-- Performing Test C_TEST_COMPILED - Success
-- Performing Test CXX_TEST_COMPILED
-- Performing Test CXX_TEST_COMPILED - Success
-- Performing Test C_TEST_COMPILED
-- Performing Test C_TEST_COMPILED - Success
-- Performing Test HAVE_C_FLAG
-- Performing Test HAVE_C_FLAG - Success
-- Performing Test HAVE_CXX_FLAG
-- Performing Test HAVE_CXX_FLAG - Success
-- Performing Test C_FLAG_SUPPORTED
-- Performing Test C_FLAG_SUPPORTED - Success
-- Performing Test CXX_FLAG_SUPPORTED
-- Performing Test CXX_FLAG_SUPPORTED - Success
-- Performing Test C_FLAG_SUPPORTED
-- Performing Test C_FLAG_SUPPORTED - Success
-- Performing Test CXX_FLAG_SUPPORTED
-- Performing Test CXX_FLAG_SUPPORTED - Success
-- Performing Test C_FLAG_SUPPORTED
-- Performing Test C_FLAG_SUPPORTED - Success
-- Performing Test CXX_FLAG_SUPPORTED
-- Performing Test CXX_FLAG_SUPPORTED - Success
-- Performing Test C_FLAG_SUPPORTED
-- Performing Test C_FLAG_SUPPORTED - Success
-- Performing Test CXX_FLAG_SUPPORTED
-- Performing Test CXX_FLAG_SUPPORTED - Success
-- Performing Test C_FLAG_SUPPORTED
-- Performing Test C_FLAG_SUPPORTED - Success
-- Performing Test CXX_FLAG_SUPPORTED
-- Performing Test CXX_FLAG_SUPPORTED - Success
-- Performing Test C_FLAG_SUPPORTED
-- Performing Test C_FLAG_SUPPORTED - Success
-- Performing Test CXX_FLAG_SUPPORTED
-- Performing Test CXX_FLAG_SUPPORTED - Success
-- Performing Test C_FLAG_SUPPORTED
-- Performing Test C_FLAG_SUPPORTED - Success
-- Performing Test CXX_FLAG_SUPPORTED
-- Performing Test CXX_FLAG_SUPPORTED - Success
-- Performing Test C_FLAG_SUPPORTED
-- Performing Test C_FLAG_SUPPORTED - Success
-- Performing Test C_FLAG_SUPPORTED
-- Performing Test C_FLAG_SUPPORTED - Failed
-- Performing Test CXX_FLAG_SUPPORTED
-- Performing Test CXX_FLAG_SUPPORTED - Failed
-- Performing Test C_FLAG_SUPPORTED
-- Performing Test C_FLAG_SUPPORTED - Success
-- Performing Test CXX_FLAG_SUPPORTED
-- Performing Test CXX_FLAG_SUPPORTED - Success
-- Performing Test C_FLAG_SUPPORTED
-- Performing Test C_FLAG_SUPPORTED - Success
-- Performing Test CXX_FLAG_SUPPORTED
-- Performing Test CXX_FLAG_SUPPORTED - Success
-- Performing Test C_FLAG_SUPPORTED
-- Performing Test C_FLAG_SUPPORTED - Success
-- Performing Test CXX_FLAG_SUPPORTED
-- Performing Test CXX_FLAG_SUPPORTED - Success
-- Performing Test C_FLAG_SUPPORTED
-- Performing Test C_FLAG_SUPPORTED - Success
-- Performing Test CXX_FLAG_SUPPORTED
-- Performing Test CXX_FLAG_SUPPORTED - Success
-- Performing Test C_FLAG_SUPPORTED
-- Performing Test C_FLAG_SUPPORTED - Success
-- Performing Test CXX_FLAG_SUPPORTED
-- Performing Test CXX_FLAG_SUPPORTED - Success
-- Performing Test C_FLAG_SUPPORTED
-- Performing Test C_FLAG_SUPPORTED - Success
-- Performing Test CXX_FLAG_SUPPORTED
-- Performing Test CXX_FLAG_SUPPORTED - Success
-- Performing Test C_FLAG_SUPPORTED
-- Performing Test C_FLAG_SUPPORTED - Success
-- Performing Test CXX_FLAG_SUPPORTED
-- Performing Test CXX_FLAG_SUPPORTED - Success
-- Performing Test C_FLAG_SUPPORTED
-- Performing Test C_FLAG_SUPPORTED - Success
-- Performing Test CXX_FLAG_SUPPORTED
-- Performing Test CXX_FLAG_SUPPORTED - Success
-- Performing Test C_FLAG_SUPPORTED
-- Performing Test C_FLAG_SUPPORTED - Success
-- Performing Test CXX_FLAG_SUPPORTED
-- Performing Test CXX_FLAG_SUPPORTED - Success
-- Performing Test C_FLAG_SUPPORTED
-- Performing Test C_FLAG_SUPPORTED - Success
-- Performing Test CXX_FLAG_SUPPORTED
-- Performing Test CXX_FLAG_SUPPORTED - Success
-- Performing Test C_FLAG_SUPPORTED
-- Performing Test C_FLAG_SUPPORTED - Success
-- Performing Test CXX_FLAG_SUPPORTED
-- Performing Test CXX_FLAG_SUPPORTED - Success
-- Performing Test C_FLAG_SUPPORTED
-- Performing Test C_FLAG_SUPPORTED - Success
-- Performing Test CXX_FLAG_SUPPORTED
-- Performing Test CXX_FLAG_SUPPORTED - Success
-- Performing Test C_FLAG_SUPPORTED
-- Performing Test C_FLAG_SUPPORTED - Success
-- Performing Test CXX_FLAG_SUPPORTED
-- Performing Test CXX_FLAG_SUPPORTED - Success
-- Performing Test CXX_FLAG_SUPPORTED
-- Performing Test CXX_FLAG_SUPPORTED - Success
-- Performing Test CXX_FLAG_SUPPORTED
-- Performing Test CXX_FLAG_SUPPORTED - Success
-- Performing Test CXX_FLAG_SUPPORTED
-- Performing Test CXX_FLAG_SUPPORTED - Success
-- Performing Test C_FLAG_SUPPORTED
-- Performing Test C_FLAG_SUPPORTED - Failed
-- Performing Test CXX_FLAG_SUPPORTED
-- Performing Test CXX_FLAG_SUPPORTED - Failed
-- Performing Test C_FLAG_SUPPORTED
-- Performing Test C_FLAG_SUPPORTED - Success
-- Performing Test CXX_FLAG_SUPPORTED
-- Performing Test CXX_FLAG_SUPPORTED - Success
-- Performing Test C_FLAG_SUPPORTED
-- Performing Test C_FLAG_SUPPORTED - Success
-- Performing Test CXX_FLAG_SUPPORTED
-- Performing Test CXX_FLAG_SUPPORTED - Success
-- Performing Test C_FLAG_SUPPORTED
-- Performing Test C_FLAG_SUPPORTED - Success
-- Performing Test CXX_FLAG_SUPPORTED
-- Performing Test CXX_FLAG_SUPPORTED - Success
-- Performing Test C_FLAG_SUPPORTED
-- Performing Test C_FLAG_SUPPORTED - Success
-- Performing Test CXX_FLAG_SUPPORTED
-- Performing Test CXX_FLAG_SUPPORTED - Success
-- Found Git: /usr/bin/git (found version "2.25.1")
-- Found Perl: /usr/bin/perl (found version "5.30.0")
-- Performing Test FLAG_SUPPORTED
-- Performing Test FLAG_SUPPORTED - Failed
-- Performing Test HAVE_C_FLAG
-- Performing Test HAVE_C_FLAG - Success
-- Performing Test HAVE_CXX_FLAG
-- Performing Test HAVE_CXX_FLAG - Success
-- Performing Test HAVE_C_FLAG
-- Performing Test HAVE_C_FLAG - Success
-- Performing Test HAVE_CXX_FLAG
-- Performing Test HAVE_CXX_FLAG - Success
-- Performing Test HAVE_C_FLAG
-- Performing Test HAVE_C_FLAG - Success
-- Performing Test HAVE_CXX_FLAG
-- Performing Test HAVE_CXX_FLAG - Success
-- Performing Test HAVE_C_FLAG
-- Performing Test HAVE_C_FLAG - Success
-- Performing Test HAVE_CXX_FLAG
-- Performing Test HAVE_CXX_FLAG - Success
-- Performing Test HAVE_C_FLAG
-- Performing Test HAVE_C_FLAG - Success
-- Performing Test HAVE_CXX_FLAG
-- Performing Test HAVE_CXX_FLAG - Success
-- Performing Test HAVE_C_FLAG
-- Performing Test HAVE_C_FLAG - Success
-- Performing Test HAVE_CXX_FLAG
-- Performing Test HAVE_CXX_FLAG - Success
-- Configuring done (6.8s)
-- Generating done (0.0s)
-- Build files have been written to: /src/libavif/ext/aom/build.libavif
[1/360] Updating version info if necessary.
[2/360] Writing aom_version.h
[3/360] Building C object CMakeFiles/aom_version.dir/gen_src/aom_version_no_op.c.o
[4/360] Building CXX object CMakeFiles/yuv.dir/third_party/libyuv/source/row_mips.cc.o
[5/360] Building CXX object CMakeFiles/yuv.dir/third_party/libyuv/source/scale_mips.cc.o
[6/360] Building CXX object CMakeFiles/yuv.dir/third_party/libyuv/source/row_neon64.cc.o
[7/360] Linking C static library libaom_version.a
[8/360] Building CXX object CMakeFiles/yuv.dir/third_party/libyuv/source/row_win.cc.o
[9/360] Building CXX object CMakeFiles/yuv.dir/third_party/libyuv/source/scale_neon.cc.o
[10/360] Building CXX object CMakeFiles/yuv.dir/third_party/libyuv/source/row_neon.cc.o
[11/360] Building CXX object CMakeFiles/yuv.dir/third_party/libyuv/source/scale_neon64.cc.o
[12/360] Building CXX object CMakeFiles/yuv.dir/third_party/libyuv/source/scale_win.cc.o
[13/360] Writing aom.pc
[14/360] Building CXX object CMakeFiles/yuv.dir/third_party/libyuv/source/cpu_id.cc.o
[15/360] Generating /src/libavif/ext/aom/build.libavif/config/aom_scale_rtcd.h
[16/360] Building C object CMakeFiles/aom_pc.dir/gen_src/aom_pc_no_op.c.o
[17/360] Linking C static library libaom_pc.a
[18/360] Building CXX object CMakeFiles/yuv.dir/third_party/libyuv/source/scale_any.cc.o
[19/360] Building CXX object CMakeFiles/yuv.dir/third_party/libyuv/source/scale_gcc.cc.o
[20/360] Generating /src/libavif/ext/aom/build.libavif/config/av1_rtcd.h
[21/360] Building CXX object CMakeFiles/yuv.dir/third_party/libyuv/source/scale_uv.cc.o
[22/360] Building CXX object CMakeFiles/yuv.dir/third_party/libyuv/source/row_gcc.cc.o
[23/360] Building CXX object CMakeFiles/yuv.dir/third_party/libyuv/source/scale.cc.o
[24/360] Generating /src/libavif/ext/aom/build.libavif/config/aom_dsp_rtcd.h
[25/360] Building C object CMakeFiles/aom_obj.dir/config/aom_config.c.o
[26/360] Building C object CMakeFiles/aom_dsp.dir/gen_src/aom_av1_no_op.c.o
[27/360] Building C object CMakeFiles/aom_dsp.dir/gen_src/aom_dsp_no_op.c.o
[28/360] Building ASM_NASM object CMakeFiles/aom_dsp_common_sse2.dir/aom_dsp/x86/aom_high_subpixel_bilinear_sse2.asm.o
[29/360] Building ASM_NASM object CMakeFiles/aom_dsp_encoder_sse2.dir/aom_dsp/x86/highbd_variance_impl_sse2.asm.o
[30/360] Building ASM_NASM object CMakeFiles/aom_dsp_encoder_sse2.dir/aom_dsp/x86/ssim_sse2_x86_64.asm.o
[31/360] Building C object CMakeFiles/aom_dsp_common.dir/aom_dsp/odintrin.c.o
[32/360] Building ASM_NASM object CMakeFiles/aom_dsp_common_sse2.dir/aom_dsp/x86/aom_high_subpixel_8t_sse2.asm.o
[33/360] Building ASM_NASM object CMakeFiles/aom_dsp_common_ssse3.dir/aom_dsp/x86/aom_subpixel_bilinear_ssse3.asm.o
[34/360] Building C object CMakeFiles/aom_dsp_common.dir/aom_dsp/entcode.c.o
[35/360] Building C object CMakeFiles/aom_rtcd.dir/aom_scale/aom_scale_rtcd.c.o
[36/360] Building C object CMakeFiles/aom_dsp_encoder.dir/aom_dsp/bitwriter.c.o
[37/360] Building C object CMakeFiles/aom_dsp_encoder.dir/aom_dsp/flow_estimation/flow_estimation.c.o
[38/360] Building C object CMakeFiles/aom_dsp_decoder.dir/aom_dsp/bitreader.c.o
[39/360] Building C object CMakeFiles/aom_obj.dir/aom/src/aom_decoder.c.o
[40/360] Building C object CMakeFiles/aom_obj.dir/aom/src/aom_integer.c.o
[41/360] Building C object CMakeFiles/aom_obj.dir/aom/src/aom_codec.c.o
[42/360] Building C object CMakeFiles/aom_dsp_decoder.dir/aom_dsp/binary_codes_reader.c.o
[43/360] Building C object CMakeFiles/aom_dsp_encoder.dir/aom_dsp/binary_codes_writer.c.o
[44/360] Building C object CMakeFiles/aom_dsp_encoder.dir/aom_dsp/flow_estimation/corner_detect.c.o
[45/360] Building C object CMakeFiles/aom_dsp_encoder.dir/aom_dsp/entenc.c.o
[46/360] Building C object CMakeFiles/aom_dsp_common.dir/aom_dsp/bitreader_buffer.c.o
[47/360] Building C object CMakeFiles/aom_obj.dir/aom/src/aom_encoder.c.o
[48/360] Building CXX object CMakeFiles/yuv.dir/third_party/libyuv/source/row_any.cc.o
[49/360] Building C object CMakeFiles/aom_obj.dir/aom/src/aom_image.c.o
[50/360] Building C object CMakeFiles/aom_dsp_decoder.dir/aom_dsp/entdec.c.o
[51/360] Building C object CMakeFiles/aom_dsp_common.dir/aom_dsp/bitwriter_buffer.c.o
[52/360] Building C object CMakeFiles/aom_dsp_encoder.dir/aom_dsp/grain_table.c.o
[53/360] Building C object CMakeFiles/aom_dsp_encoder.dir/aom_dsp/blk_sse_sum.c.o
[54/360] Building CXX object CMakeFiles/yuv.dir/third_party/libyuv/source/scale_common.cc.o
[55/360] Building C object CMakeFiles/aom_rtcd.dir/av1/common/av1_rtcd.c.o
[56/360] Building C object CMakeFiles/aom_dsp_encoder.dir/aom_dsp/sse.c.o
[57/360] Building C object CMakeFiles/aom_dsp_common_sse4_1_intrinsics.dir/aom_dsp/x86/blend_a64_hmask_sse4.c.o
[58/360] Building C object CMakeFiles/aom_dsp_common.dir/aom_dsp/blend_a64_vmask.c.o
[59/360] Building C object CMakeFiles/aom_dsp_encoder.dir/aom_dsp/subtract.c.o
[60/360] Building C object CMakeFiles/aom_dsp_common.dir/aom_dsp/blend_a64_hmask.c.o
[61/360] Building C object CMakeFiles/aom_dsp_encoder.dir/aom_dsp/sum_squares.c.o
[62/360] Building C object CMakeFiles/aom_dsp_encoder_sse2_intrinsics.dir/aom_dsp/x86/fwd_txfm_sse2.c.o
[63/360] Building C object CMakeFiles/aom_dsp_encoder_sse2_intrinsics.dir/aom_dsp/x86/quantize_sse2.c.o
[64/360] Building C object CMakeFiles/aom_dsp_encoder_sse4_1_intrinsics.dir/aom_dsp/x86/avg_intrin_sse4.c.o
[65/360] Building C object CMakeFiles/aom_dsp_encoder_ssse3_intrinsics.dir/aom_dsp/x86/quantize_ssse3.c.o
[66/360] Building C object CMakeFiles/aom_dsp_encoder.dir/aom_dsp/ssim.c.o
[67/360] Building C object CMakeFiles/aom_dsp_encoder.dir/aom_dsp/fwd_txfm.c.o
[68/360] Building C object CMakeFiles/aom_dsp_encoder.dir/aom_dsp/pyramid.c.o
[69/360] Building C object CMakeFiles/aom_dsp_encoder.dir/aom_dsp/noise_util.c.o
[70/360] Building C object CMakeFiles/aom_dsp_encoder.dir/aom_dsp/flow_estimation/ransac.c.o
[71/360] Building C object CMakeFiles/aom_dsp_encoder_ssse3_intrinsics.dir/aom_dsp/x86/variance_impl_ssse3.c.o
[72/360] Building C object CMakeFiles/aom_dsp_encoder_sse4_1_intrinsics.dir/aom_dsp/x86/highbd_variance_sse4.c.o
[73/360] Building C object CMakeFiles/aom_dsp_common.dir/aom_dsp/aom_convolve.c.o
[74/360] Building C object CMakeFiles/aom_dsp_encoder_sse4_1_intrinsics.dir/aom_dsp/flow_estimation/x86/corner_match_sse4.c.o
[75/360] Building C object CMakeFiles/aom_dsp_encoder_sse2_intrinsics.dir/aom_dsp/x86/highbd_quantize_intrin_sse2.c.o
[76/360] Building ASM_NASM object CMakeFiles/aom_dsp_common_sse2.dir/aom_dsp/x86/highbd_intrapred_asm_sse2.asm.o
[77/360] Building C object CMakeFiles/aom_dsp_encoder.dir/aom_dsp/quantize.c.o
[78/360] Building C object CMakeFiles/aom_dsp_common_sse4_1_intrinsics.dir/aom_dsp/x86/blend_a64_vmask_sse4.c.o
[79/360] Building C object CMakeFiles/aom_dsp_common_ssse3_intrinsics.dir/aom_dsp/x86/highbd_convolve_ssse3.c.o
[80/360] Building C object CMakeFiles/aom_dsp_encoder_sse4_1_intrinsics.dir/aom_dsp/flow_estimation/x86/disflow_sse4.c.o
[81/360] Building C object CMakeFiles/aom_mem.dir/aom_mem/aom_mem.c.o
[82/360] Building ASM_NASM object CMakeFiles/aom_dsp_encoder_sse2.dir/aom_dsp/x86/subtract_sse2.asm.o
[83/360] Building CXX object CMakeFiles/yuv.dir/third_party/libyuv/source/planar_functions.cc.o
[84/360] Building C object CMakeFiles/aom_util.dir/aom_util/aom_thread.c.o
[85/360] Building C object CMakeFiles/aom_av1_common.dir/av1/arg_defs.c.o
[86/360] Building C object CMakeFiles/aom_dsp_encoder.dir/aom_dsp/psnr.c.o
[87/360] Building C object CMakeFiles/aom_dsp_encoder_sse2_intrinsics.dir/aom_dsp/x86/blk_sse_sum_sse2.c.o
[88/360] Building CXX object CMakeFiles/yuv.dir/third_party/libyuv/source/convert_argb.cc.o
[89/360] Building C object CMakeFiles/aom_dsp_encoder_sse2_intrinsics.dir/aom_dsp/x86/highbd_subtract_sse2.c.o
[90/360] Building ASM_NASM object CMakeFiles/aom_dsp_encoder_ssse3.dir/aom_dsp/x86/fwd_txfm_ssse3_x86_64.asm.o
[91/360] Building C object CMakeFiles/aom_av1_common.dir/common/args_helper.c.o
[92/360] Building C object CMakeFiles/aom_dsp_common_sse2_intrinsics.dir/aom_dsp/x86/highbd_convolve_sse2.c.o
[93/360] Building C object CMakeFiles/aom_dsp_encoder_sse2_intrinsics.dir/aom_dsp/x86/sum_squares_sse2.c.o
[94/360] Building C object CMakeFiles/aom_scale.dir/aom_scale/generic/yv12config.c.o
[95/360] Building C object CMakeFiles/aom_av1_common.dir/av1/common/common_data.c.o
[96/360] Building C object CMakeFiles/aom_dsp_encoder.dir/aom_dsp/flow_estimation/corner_match.c.o
[97/360] Building C object CMakeFiles/aom_dsp_encoder_sse4_1_intrinsics.dir/aom_dsp/x86/sse_sse4.c.o
[98/360] Building C object CMakeFiles/aom_dsp_encoder_sse2_intrinsics.dir/aom_dsp/x86/adaptive_quantize_sse2.c.o
[99/360] Building C object CMakeFiles/aom_av1_common.dir/av1/common/frame_buffers.c.o
[100/360] Building C object CMakeFiles/aom_av1_common.dir/av1/common/obu_util.c.o
[101/360] Building C object CMakeFiles/aom_dsp_encoder_ssse3_intrinsics.dir/aom_dsp/x86/variance_ssse3.c.o
[102/360] Building C object CMakeFiles/aom_av1_common.dir/av1/common/debugmodes.c.o
[103/360] Building C object CMakeFiles/aom_av1_common.dir/av1/common/blockd.c.o
[104/360] Building C object CMakeFiles/aom_av1_common.dir/av1/common/av1_txfm.c.o
[105/360] Building ASM_NASM object CMakeFiles/aom_dsp_common_ssse3.dir/aom_dsp/x86/aom_subpixel_8t_ssse3.asm.o
[106/360] Building C object CMakeFiles/aom_av1_common.dir/av1/common/entropymv.c.o
[107/360] Building C object CMakeFiles/aom_av1_common.dir/av1/common/timing.c.o
[108/360] Building C object CMakeFiles/aom_dsp_encoder_sse2_intrinsics.dir/aom_dsp/x86/highbd_adaptive_quantize_sse2.c.o
[109/360] Building ASM_NASM object CMakeFiles/aom_dsp_encoder_ssse3.dir/aom_dsp/x86/quantize_ssse3_x86_64.asm.o
[110/360] Building C object CMakeFiles/aom_dsp_common.dir/aom_dsp/blend_a64_mask.c.o
[111/360] Building ASM_NASM object CMakeFiles/aom_dsp_common_sse2.dir/aom_dsp/x86/intrapred_asm_sse2.asm.o
[112/360] Building C object CMakeFiles/aom_dsp_common_ssse3_intrinsics.dir/aom_dsp/x86/aom_subpixel_8t_intrin_ssse3.c.o
[113/360] Building C object CMakeFiles/aom_dsp_encoder_sse2_intrinsics.dir/aom_dsp/x86/fft_sse2.c.o
[114/360] Building C object CMakeFiles/aom_rtcd.dir/aom_dsp/aom_dsp_rtcd.c.o
[115/360] Building C object CMakeFiles/aom_av1_common.dir/av1/common/scan.c.o
[116/360] Building C object CMakeFiles/aom_av1_common.dir/av1/common/idct.c.o
[117/360] Building C object CMakeFiles/aom_av1_common.dir/av1/common/seg_common.c.o
[118/360] Building C object CMakeFiles/aom_av1_common.dir/av1/common/pred_common.c.o
[119/360] Building C object CMakeFiles/aom_av1_common.dir/av1/common/alloccommon.c.o
[120/360] Building C object CMakeFiles/aom_scale.dir/aom_scale/generic/yv12extend.c.o
[121/360] Building C object CMakeFiles/aom_av1_common.dir/av1/common/scale.c.o
[122/360] Building C object CMakeFiles/aom_av1_common.dir/av1/common/txb_common.c.o
[123/360] Building C object CMakeFiles/aom_dsp_encoder_sse2_intrinsics.dir/aom_dsp/x86/variance_sse2.c.o
[124/360] Building C object CMakeFiles/aom_av1_common.dir/av1/common/tile_common.c.o
[125/360] Building C object CMakeFiles/aom_dsp_encoder.dir/aom_dsp/flow_estimation/disflow.c.o
[126/360] Building C object CMakeFiles/aom_av1_common.dir/av1/common/entropymode.c.o
[127/360] Building C object CMakeFiles/aom_dsp_common_sse2_intrinsics.dir/aom_dsp/x86/aom_convolve_copy_sse2.c.o
[128/360] Building C object CMakeFiles/aom_dsp_common_avx2_intrinsics.dir/aom_dsp/x86/aom_convolve_copy_avx2.c.o
[129/360] Building C object CMakeFiles/aom_dsp_encoder_avx2_intrinsics.dir/aom_dsp/flow_estimation/x86/corner_match_avx2.c.o
[130/360] Building C object CMakeFiles/aom_dsp_common_avx2_intrinsics.dir/aom_dsp/x86/highbd_loopfilter_avx2.c.o
[131/360] Building C object CMakeFiles/aom_dsp_common.dir/aom_dsp/loopfilter.c.o
[132/360] Building C object CMakeFiles/aom_dsp_encoder.dir/aom_dsp/fft.c.o
[133/360] Building C object CMakeFiles/aom_dsp_encoder_avx2_intrinsics.dir/aom_dsp/x86/subtract_avx2.c.o
[134/360] Building C object CMakeFiles/aom_dsp_common_sse2_intrinsics.dir/aom_dsp/x86/highbd_intrapred_sse2.c.o
[135/360] Building C object CMakeFiles/aom_dsp_common_sse4_1_intrinsics.dir/aom_dsp/x86/blend_a64_mask_sse4.c.o
[136/360] Building C object CMakeFiles/aom_av1_common.dir/av1/common/cdef.c.o
[137/360] Building C object CMakeFiles/aom_av1_decoder.dir/av1/decoder/detokenize.c.o
[138/360] Building C object CMakeFiles/aom_dsp_encoder_avx2_intrinsics.dir/aom_dsp/flow_estimation/x86/disflow_avx2.c.o
[139/360] Building C object CMakeFiles/aom_av1_encoder.dir/av1/encoder/cost.c.o
[140/360] Building C object CMakeFiles/aom_dsp_encoder.dir/aom_dsp/avg.c.o
[141/360] Building C object CMakeFiles/aom_dsp_encoder_avx2_intrinsics.dir/aom_dsp/x86/adaptive_quantize_avx2.c.o
[142/360] Building C object CMakeFiles/aom_av1_encoder.dir/av1/encoder/external_partition.c.o
[143/360] Building C object CMakeFiles/aom_dsp_encoder_avx2_intrinsics.dir/aom_dsp/x86/quantize_avx2.c.o
[144/360] Building C object CMakeFiles/aom_av1_common.dir/av1/common/cdef_block.c.o
[145/360] Building C object CMakeFiles/aom_dsp_encoder_sse2_intrinsics.dir/aom_dsp/x86/avg_intrin_sse2.c.o
[146/360] Building C object CMakeFiles/aom_av1_decoder.dir/av1/decoder/decoder.c.o
[147/360] Building C object CMakeFiles/aom_dsp_encoder_avx2_intrinsics.dir/aom_dsp/x86/sad_impl_avx2.c.o
[148/360] Building C object CMakeFiles/aom_dsp_common_sse2_intrinsics.dir/aom_dsp/x86/highbd_loopfilter_sse2.c.o
[149/360] Building C object CMakeFiles/aom_dsp_common_avx2_intrinsics.dir/aom_dsp/x86/loopfilter_avx2.c.o
[150/360] Building C object CMakeFiles/aom_dsp_encoder_avx2_intrinsics.dir/aom_dsp/x86/fft_avx2.c.o
[151/360] Building C object CMakeFiles/aom_av1_encoder.dir/av1/encoder/aq_complexity.c.o
[152/360] Building C object CMakeFiles/aom_dsp_encoder_avx_intrinsics.dir/aom_dsp/x86/aom_quantize_avx.c.o
[153/360] Building C object CMakeFiles/aom_dsp_encoder_avx2_intrinsics.dir/aom_dsp/x86/sum_squares_avx2.c.o
[154/360] Building C object CMakeFiles/aom_dsp_encoder_avx2_intrinsics.dir/aom_dsp/x86/highbd_quantize_intrin_avx2.c.o
[155/360] Building C object CMakeFiles/aom_dsp_encoder_avx2_intrinsics.dir/aom_dsp/x86/sse_avx2.c.o
[156/360] Building C object CMakeFiles/aom_av1_encoder.dir/av1/encoder/aq_variance.c.o
[157/360] Building C object CMakeFiles/aom_dsp_common_avx2_intrinsics.dir/aom_dsp/x86/aom_subpixel_8t_intrin_avx2.c.o
[158/360] Building C object CMakeFiles/aom_dsp_encoder_avx2_intrinsics.dir/aom_dsp/x86/blk_sse_sum_avx2.c.o
[159/360] Building C object CMakeFiles/aom_av1_common.dir/av1/common/warped_motion.c.o
[160/360] Building C object CMakeFiles/aom_dsp_encoder_avx2_intrinsics.dir/aom_dsp/x86/avg_intrin_avx2.c.o
[161/360] Building C object CMakeFiles/aom_dsp_encoder_avx2_intrinsics.dir/aom_dsp/x86/highbd_adaptive_quantize_avx2.c.o
[162/360] Building C object CMakeFiles/aom_av1_encoder.dir/av1/encoder/extend.c.o
[163/360] Building C object CMakeFiles/aom_av1_decoder.dir/av1/decoder/obu.c.o
[164/360] Building C object CMakeFiles/aom_av1_encoder.dir/av1/encoder/context_tree.c.o
[165/360] Building C object CMakeFiles/aom_dsp_encoder_sse4_1_intrinsics.dir/aom_dsp/x86/obmc_sad_sse4.c.o
[166/360] Building C object CMakeFiles/aom_dsp_encoder_avx2_intrinsics.dir/aom_dsp/x86/sad_avx2.c.o
[167/360] Building C object CMakeFiles/aom_av1_encoder.dir/av1/encoder/hash.c.o
[168/360] Building C object CMakeFiles/aom_av1_encoder.dir/av1/encoder/hybrid_fwd_txfm.c.o
[169/360] Building C object CMakeFiles/aom_av1_common.dir/av1/common/quant_common.c.o
[170/360] Building C object CMakeFiles/aom_av1_encoder.dir/av1/encoder/ml.c.o
[171/360] Building C object CMakeFiles/aom_av1_decoder.dir/av1/av1_dx_iface.c.o
[172/360] Building C object CMakeFiles/aom_av1_common.dir/av1/common/thread_common.c.o
[173/360] Building C object CMakeFiles/aom_dsp_encoder_avx2_intrinsics.dir/aom_dsp/x86/obmc_variance_avx2.c.o
[174/360] Building C object CMakeFiles/aom_dsp_encoder_avx2_intrinsics.dir/aom_dsp/x86/variance_avx2.c.o
[175/360] Building C object CMakeFiles/aom_av1_common.dir/av1/common/av1_inv_txfm2d.c.o
[176/360] Building C object CMakeFiles/aom_dsp_common_avx2_intrinsics.dir/aom_dsp/x86/highbd_convolve_avx2.c.o
[177/360] Building C object CMakeFiles/aom_av1_encoder.dir/third_party/fastfeat/fast.c.o
[178/360] Building C object CMakeFiles/aom_dsp_encoder_avx2_intrinsics.dir/aom_dsp/x86/obmc_sad_avx2.c.o
[179/360] Building C object CMakeFiles/aom_av1_encoder.dir/av1/encoder/av1_fwd_txfm2d.c.o
[180/360] Building C object CMakeFiles/aom_av1_encoder.dir/av1/encoder/lookahead.c.o
[181/360] Building C object CMakeFiles/aom_dsp_common_avx2_intrinsics.dir/aom_dsp/x86/blend_a64_mask_avx2.c.o
[182/360] Building C object CMakeFiles/aom_av1_common.dir/av1/common/av1_loopfilter.c.o
[183/360] Building C object CMakeFiles/aom_dsp_encoder_avx2_intrinsics.dir/aom_dsp/x86/sad4d_avx2.c.o
[184/360] Building C object CMakeFiles/aom_dsp_common_sse2_intrinsics.dir/aom_dsp/x86/intrapred_sse2.c.o
[185/360] Building C object CMakeFiles/aom_av1_encoder.dir/av1/encoder/hash_motion.c.o
[186/360] Building C object CMakeFiles/aom_dsp_common_sse2_intrinsics.dir/aom_dsp/x86/loopfilter_sse2.c.o
[187/360] Building C object CMakeFiles/aom_av1_common.dir/av1/common/reconinter.c.o
[188/360] Building C object CMakeFiles/aom_av1_encoder.dir/third_party/vector/vector.c.o
[189/360] Building C object CMakeFiles/aom_av1_encoder.dir/av1/encoder/aq_cyclicrefresh.c.o
[190/360] Building C object CMakeFiles/aom_av1_encoder.dir/av1/encoder/encodemv.c.o
[191/360] Building C object CMakeFiles/aom_av1_decoder.dir/av1/decoder/decodetxb.c.o
[192/360] Building C object CMakeFiles/aom_av1_encoder.dir/av1/encoder/gop_structure.c.o
[193/360] Building C object CMakeFiles/aom_av1_encoder.dir/av1/encoder/global_motion_facade.c.o
[194/360] Building C object CMakeFiles/aom_av1_encoder.dir/av1/encoder/segmentation.c.o
[195/360] Building C object CMakeFiles/aom_av1_encoder.dir/third_party/fastfeat/nonmax.c.o
[196/360] Building C object CMakeFiles/aom_dsp_encoder_ssse3_intrinsics.dir/aom_dsp/x86/masked_sad_intrin_ssse3.c.o
[197/360] Building C object CMakeFiles/aom_av1_common.dir/av1/common/entropy.c.o
[198/360] Building C object CMakeFiles/aom_dsp_encoder_avx2_intrinsics.dir/aom_dsp/x86/masked_sad_intrin_avx2.c.o
[199/360] Building C object CMakeFiles/aom_av1_encoder.dir/av1/encoder/av1_quantize.c.o
[200/360] Building C object CMakeFiles/aom_av1_encoder.dir/av1/encoder/picklpf.c.o
[201/360] Building C object CMakeFiles/aom_av1_encoder.dir/av1/encoder/wedge_utils.c.o
[202/360] Building ASM_NASM object CMakeFiles/aom_dsp_encoder_sse2.dir/aom_dsp/x86/sad_sse2.asm.o
[203/360] Building C object CMakeFiles/aom_dsp_encoder.dir/aom_dsp/noise_model.c.o
[204/360] Building C object CMakeFiles/aom_av1_common.dir/av1/common/resize.c.o
[205/360] Building C object CMakeFiles/aom_av1_encoder.dir/av1/encoder/global_motion.c.o
[206/360] Building ASM_NASM object CMakeFiles/aom_av1_encoder_sse2.dir/av1/encoder/x86/error_sse2.asm.o
[207/360] Building ASM_NASM object CMakeFiles/aom_av1_encoder_sse2.dir/av1/encoder/x86/dct_sse2.asm.o
[208/360] Building C object CMakeFiles/aom_av1_common_sse2_intrinsics.dir/av1/common/x86/wiener_convolve_sse2.c.o
[209/360] Building C object CMakeFiles/aom_dsp_common_sse4_1_intrinsics.dir/aom_dsp/x86/intrapred_sse4.c.o
[210/360] Building C object CMakeFiles/aom_av1_encoder_sse2_intrinsics.dir/av1/encoder/x86/av1_quantize_sse2.c.o
[211/360] Building ASM_NASM object CMakeFiles/aom_dsp_encoder_sse2.dir/aom_dsp/x86/sad4d_sse2.asm.o
[212/360] Building C object CMakeFiles/aom_av1_encoder_sse2_intrinsics.dir/av1/encoder/x86/error_intrin_sse2.c.o
[213/360] Building C object CMakeFiles/aom_dsp_encoder_avx2_intrinsics.dir/aom_dsp/x86/highbd_variance_avx2.c.o
[214/360] Building C object CMakeFiles/aom_av1_common_sse2_intrinsics.dir/av1/common/x86/convolve_sse2.c.o
[215/360] Building C object CMakeFiles/aom_av1_common.dir/av1/common/mvref_common.c.o
[216/360] Building C object CMakeFiles/aom_av1_common.dir/av1/common/restoration.c.o
[217/360] Building C object CMakeFiles/aom_av1_encoder_sse2_intrinsics.dir/av1/encoder/x86/av1_k_means_sse2.c.o
[218/360] Building C object CMakeFiles/aom_av1_encoder.dir/av1/encoder/tokenize.c.o
[219/360] Building C object CMakeFiles/aom_av1_encoder_sse2_intrinsics.dir/av1/encoder/x86/highbd_block_error_intrin_sse2.c.o
[220/360] Building C object CMakeFiles/aom_av1_common_sse2_intrinsics.dir/av1/common/x86/cfl_sse2.c.o
[221/360] Building C object CMakeFiles/aom_av1_common_sse2_intrinsics.dir/av1/common/x86/convolve_2d_sse2.c.o
[222/360] Building C object CMakeFiles/aom_av1_encoder.dir/av1/encoder/level.c.o
[223/360] Building C object CMakeFiles/aom_av1_encoder.dir/av1/encoder/dwt.c.o
[224/360] Building C object CMakeFiles/aom_av1_common_sse2_intrinsics.dir/av1/common/x86/jnt_convolve_sse2.c.o
[225/360] Building C object CMakeFiles/aom_av1_encoder.dir/av1/encoder/av1_fwd_txfm1d.c.o
[226/360] Building C object CMakeFiles/aom_av1_encoder.dir/av1/encoder/av1_noise_estimate.c.o
[227/360] Building C object CMakeFiles/aom_av1_encoder_sse3_intrinsics.dir/av1/encoder/x86/ml_sse3.c.o
[228/360] Building C object CMakeFiles/aom_av1_encoder.dir/av1/encoder/encodemb.c.o
[229/360] Building C object CMakeFiles/aom_av1_common_ssse3_intrinsics.dir/av1/common/x86/jnt_convolve_ssse3.c.o
[230/360] Building C object CMakeFiles/aom_av1_common.dir/av1/common/reconintra.c.o
[231/360] Building C object CMakeFiles/aom_av1_common_ssse3_intrinsics.dir/av1/common/x86/highbd_wiener_convolve_ssse3.c.o
[232/360] Building C object CMakeFiles/aom_av1_common_ssse3_intrinsics.dir/av1/common/x86/reconinter_ssse3.c.o
[233/360] Building C object CMakeFiles/aom_av1_encoder.dir/av1/encoder/mv_prec.c.o
[234/360] Building C object CMakeFiles/aom_av1_encoder.dir/av1/encoder/allintra_vis.c.o
[235/360] Building C object CMakeFiles/aom_av1_common_sse4_intrinsics.dir/av1/common/x86/av1_txfm_sse4.c.o
[236/360] Building C object CMakeFiles/aom_av1_common_sse4_intrinsics.dir/av1/common/x86/av1_convolve_horiz_rs_sse4.c.o
[237/360] Building C object CMakeFiles/aom_av1_encoder.dir/av1/encoder/interp_search.c.o
[238/360] Building C object CMakeFiles/aom_av1_encoder.dir/av1/encoder/motion_search_facade.c.o
[239/360] Building C object CMakeFiles/aom_av1_encoder_sse2_intrinsics.dir/av1/encoder/x86/encodetxb_sse2.c.o
[240/360] Building C object CMakeFiles/aom_dsp_encoder_sse2_intrinsics.dir/aom_dsp/x86/highbd_variance_sse2.c.o
[241/360] Building C object CMakeFiles/aom_av1_decoder.dir/av1/decoder/grain_synthesis.c.o
[242/360] Building C object CMakeFiles/aom_av1_common_sse4_intrinsics.dir/av1/common/x86/reconinter_sse4.c.o
[243/360] Building C object CMakeFiles/aom_av1_common_ssse3_intrinsics.dir/av1/common/x86/highbd_convolve_2d_ssse3.c.o
[244/360] Building C object CMakeFiles/aom_av1_encoder.dir/av1/encoder/superres_scale.c.o
[245/360] Building C object CMakeFiles/aom_av1_encoder.dir/av1/encoder/encoder_utils.c.o
[246/360] Building C object CMakeFiles/aom_av1_common_sse4_intrinsics.dir/av1/common/x86/intra_edge_sse4.c.o
[247/360] Building C object CMakeFiles/aom_av1_encoder.dir/av1/encoder/svc_layercontext.c.o
[248/360] Building C object CMakeFiles/aom_av1_encoder.dir/av1/encoder/nonrd_opt.c.o
[249/360] Building C object CMakeFiles/aom_av1_encoder_sse4_intrinsics.dir/av1/encoder/x86/encodetxb_sse4.c.o
[250/360] Building C object CMakeFiles/aom_av1_encoder_sse4_intrinsics.dir/av1/encoder/x86/av1_highbd_quantize_sse4.c.o
[251/360] Building C object CMakeFiles/aom_av1_common_sse4_intrinsics.dir/av1/common/x86/filterintra_sse4.c.o
[252/360] Building C object CMakeFiles/aom_av1_common_sse4_intrinsics.dir/av1/common/x86/highbd_jnt_convolve_sse4.c.o
[253/360] Building C object CMakeFiles/aom_av1_encoder_sse2_intrinsics.dir/av1/encoder/x86/reconinter_enc_sse2.c.o
[254/360] Building C object CMakeFiles/aom_av1_encoder_sse2_intrinsics.dir/av1/encoder/x86/highbd_temporal_filter_sse2.c.o
[255/360] Building C object CMakeFiles/aom_av1_encoder.dir/av1/encoder/firstpass.c.o
[256/360] Building C object CMakeFiles/aom_av1_common_sse4_intrinsics.dir/av1/common/x86/highbd_convolve_2d_sse4.c.o
[257/360] Building C object CMakeFiles/aom_av1_common.dir/av1/common/convolve.c.o
[258/360] Building C object CMakeFiles/aom_av1_encoder_sse42_intrinsics.dir/av1/encoder/x86/hash_sse42.c.o
[259/360] Building C object CMakeFiles/aom_av1_encoder_sse2_intrinsics.dir/av1/encoder/x86/temporal_filter_sse2.c.o
[260/360] Building ASM_NASM object CMakeFiles/aom_av1_encoder_ssse3.dir/av1/encoder/x86/av1_quantize_ssse3_x86_64.asm.o
[261/360] Building C object CMakeFiles/aom_av1_encoder.dir/av1/encoder/compound_type.c.o
[262/360] Building C object CMakeFiles/aom_av1_encoder.dir/av1/encoder/encodetxb.c.o
[263/360] Building C object CMakeFiles/aom_av1_common_sse2_intrinsics.dir/av1/common/x86/resize_sse2.c.o
[264/360] Building C object CMakeFiles/aom_av1_encoder.dir/av1/encoder/rd.c.o
[265/360] Building C object CMakeFiles/aom_av1_encoder.dir/av1/encoder/speed_features.c.o
[266/360] Building C object CMakeFiles/aom_av1_encoder.dir/av1/encoder/reconinter_enc.c.o
[267/360] Building C object CMakeFiles/aom_av1_encoder_sse2_intrinsics.dir/av1/encoder/x86/wedge_utils_sse2.c.o
[268/360] Building C object CMakeFiles/aom_av1_encoder.dir/av1/encoder/encode_strategy.c.o
[269/360] Building C object CMakeFiles/aom_av1_common_sse4_intrinsics.dir/av1/common/x86/highbd_warp_plane_sse4.c.o
[270/360] Building C object CMakeFiles/aom_av1_common_sse4_intrinsics.dir/av1/common/x86/av1_convolve_scale_sse4.c.o
[271/360] Building C object CMakeFiles/aom_av1_encoder.dir/av1/encoder/pickcdef.c.o
[272/360] Building C object CMakeFiles/aom_av1_encoder_sse4_intrinsics.dir/av1/encoder/x86/rdopt_sse4.c.o
[273/360] Building C object CMakeFiles/aom_av1_common_ssse3_intrinsics.dir/av1/common/x86/resize_ssse3.c.o
[274/360] Building C object CMakeFiles/aom_av1_common_sse4_intrinsics.dir/av1/common/x86/selfguided_sse4.c.o
[275/360] Building C object CMakeFiles/aom_dsp_encoder_avx2_intrinsics.dir/aom_dsp/x86/variance_impl_avx2.c.o
[276/360] Building C object CMakeFiles/aom_dsp_encoder_sse4_1_intrinsics.dir/aom_dsp/x86/obmc_variance_sse4.c.o
[277/360] Building C object CMakeFiles/aom_av1_common_sse4_intrinsics.dir/av1/common/x86/warp_plane_sse4.c.o
[278/360] Building C object CMakeFiles/aom_av1_encoder.dir/av1/encoder/txb_rdopt.c.o
[279/360] Building ASM_NASM object CMakeFiles/aom_dsp_encoder_sse2.dir/aom_dsp/x86/highbd_sad_sse2.asm.o
[280/360] Building C object CMakeFiles/aom_av1_encoder_sse4_intrinsics.dir/av1/encoder/x86/av1_fwd_txfm1d_sse4.c.o
[281/360] Building C object CMakeFiles/aom_av1_common_avx2_intrinsics.dir/av1/common/x86/highbd_convolve_2d_avx2.c.o
[282/360] Building C object CMakeFiles/aom_av1_encoder_avx2_intrinsics.dir/av1/encoder/x86/error_intrin_avx2.c.o
[283/360] Building C object CMakeFiles/aom_av1_encoder_avx2_intrinsics.dir/av1/encoder/x86/av1_highbd_quantize_avx2.c.o
[284/360] Building C object CMakeFiles/aom_av1_common_avx2_intrinsics.dir/av1/common/x86/resize_avx2.c.o
[285/360] Building C object CMakeFiles/aom_av1_encoder.dir/av1/encoder/temporal_filter.c.o
[286/360] Building C object CMakeFiles/aom_av1_common.dir/av1/common/av1_inv_txfm1d.c.o
[287/360] Building C object CMakeFiles/aom_av1_common_ssse3_intrinsics.dir/av1/common/x86/cfl_ssse3.c.o
[288/360] Building C object CMakeFiles/aom_av1_decoder.dir/av1/decoder/decodemv.c.o
[289/360] Building C object CMakeFiles/aom_av1_common_avx2_intrinsics.dir/av1/common/x86/highbd_wiener_convolve_avx2.c.o
[290/360] Building C object CMakeFiles/aom_av1_encoder.dir/av1/encoder/palette.c.o
[291/360] Building C object CMakeFiles/aom_av1_common_avx2_intrinsics.dir/av1/common/x86/highbd_jnt_convolve_avx2.c.o
[292/360] Building C object CMakeFiles/aom_av1_common_avx2_intrinsics.dir/av1/common/x86/wiener_convolve_avx2.c.o
[293/360] Building C object CMakeFiles/aom_av1_encoder.dir/av1/encoder/partition_strategy.c.o
[294/360] Building C object CMakeFiles/aom_av1_encoder_avx2_intrinsics.dir/av1/encoder/x86/av1_k_means_avx2.c.o
[295/360] Building C object CMakeFiles/aom_av1_encoder_avx2_intrinsics.dir/av1/encoder/x86/highbd_block_error_intrin_avx2.c.o
[296/360] Building C object CMakeFiles/aom_av1_encoder_avx2_intrinsics.dir/av1/encoder/x86/wedge_utils_avx2.c.o
[297/360] Building C object CMakeFiles/aom_av1_encoder_avx2_intrinsics.dir/av1/encoder/x86/encodetxb_avx2.c.o
[298/360] Building C object CMakeFiles/aom_av1_encoder.dir/av1/encoder/tpl_model.c.o
[299/360] Building C object CMakeFiles/aom_av1_common_avx2_intrinsics.dir/av1/common/x86/highbd_warp_affine_avx2.c.o
[300/360] Building C object CMakeFiles/aom_dsp_encoder_avx2_intrinsics.dir/aom_dsp/x86/highbd_sad_avx2.c.o
[301/360] Building C object CMakeFiles/aom_av1_encoder_avx2_intrinsics.dir/av1/encoder/x86/av1_quantize_avx2.c.o
[302/360] Building C object CMakeFiles/aom_av1_encoder.dir/av1/av1_cx_iface.c.o
[303/360] Building C object CMakeFiles/aom_dsp_common_ssse3_intrinsics.dir/aom_dsp/x86/intrapred_ssse3.c.o
[304/360] Building C object CMakeFiles/aom_av1_common_sse4_intrinsics.dir/av1/common/x86/cdef_block_sse4.c.o
[305/360] Building C object CMakeFiles/aom_av1_encoder_avx2_intrinsics.dir/av1/encoder/x86/ml_avx2.c.o
[306/360] Building C object CMakeFiles/aom_av1_common_avx2_intrinsics.dir/av1/common/x86/reconinter_avx2.c.o
[307/360] Building C object CMakeFiles/aom_av1_encoder.dir/av1/encoder/cnn.c.o
[308/360] Building C object CMakeFiles/aom_av1_encoder.dir/av1/encoder/pickrst.c.o
[309/360] Building C object CMakeFiles/aom_av1_encoder_avx2_intrinsics.dir/av1/encoder/x86/cnn_avx2.c.o
[310/360] Building C object CMakeFiles/aom_av1_common_avx2_intrinsics.dir/av1/common/x86/cfl_avx2.c.o
[311/360] Building C object CMakeFiles/aom_av1_encoder.dir/av1/encoder/encodeframe.c.o
[312/360] Building C object CMakeFiles/aom_av1_common_avx2_intrinsics.dir/av1/common/x86/selfguided_avx2.c.o
[313/360] Building C object CMakeFiles/aom_av1_encoder_sse4_intrinsics.dir/av1/encoder/x86/av1_fwd_txfm2d_sse4.c.o
[314/360] Building C object CMakeFiles/aom_av1_encoder_avx2_intrinsics.dir/av1/encoder/x86/rdopt_avx2.c.o
[315/360] Building C object CMakeFiles/aom_av1_encoder.dir/av1/encoder/var_based_part.c.o
[316/360] Building C object CMakeFiles/aom_av1_encoder.dir/av1/encoder/ethread.c.o
[317/360] Building ASM_NASM object CMakeFiles/aom_dsp_encoder_sse2.dir/aom_dsp/x86/highbd_subpel_variance_impl_sse2.asm.o
[318/360] Building C object CMakeFiles/aom_av1_encoder_avx2_intrinsics.dir/av1/encoder/x86/highbd_temporal_filter_avx2.c.o
[319/360] Building C object CMakeFiles/aom_av1_encoder_avx2_intrinsics.dir/av1/encoder/x86/temporal_filter_avx2.c.o
[320/360] Building C object CMakeFiles/aom_av1_encoder.dir/av1/encoder/intra_mode_search.c.o
[321/360] Building CXX object CMakeFiles/yuv.dir/third_party/libyuv/source/row_common.cc.o
[322/360] Building CXX object CMakeFiles/aom_av1_rc.dir/av1/ratectrl_rtc.cc.o
[323/360] Building C object CMakeFiles/aom_av1_encoder.dir/av1/encoder/ratectrl.c.o
[324/360] Building C object CMakeFiles/aom_av1_encoder.dir/av1/encoder/encodeframe_utils.c.o
[325/360] Building C object CMakeFiles/aom_av1_common_avx2_intrinsics.dir/av1/common/x86/jnt_convolve_avx2.c.o
[326/360] Building C object CMakeFiles/aom_av1_common_avx2_intrinsics.dir/av1/common/x86/cdef_block_avx2.c.o
[327/360] Building C object CMakeFiles/aom_av1_common_avx2_intrinsics.dir/av1/common/x86/convolve_2d_avx2.c.o
[328/360] Building C object CMakeFiles/aom_av1_common_avx2_intrinsics.dir/av1/common/x86/warp_plane_avx2.c.o
[329/360] Building C object CMakeFiles/aom_av1_encoder.dir/av1/encoder/pass2_strategy.c.o
[330/360] Building C object CMakeFiles/aom_av1_encoder_sse4_intrinsics.dir/av1/encoder/x86/pickrst_sse4.c.o
[331/360] Building C object CMakeFiles/aom_av1_encoder.dir/av1/encoder/nonrd_pickmode.c.o
[332/360] Building C object CMakeFiles/aom_av1_common_avx2_intrinsics.dir/av1/common/x86/convolve_avx2.c.o
[333/360] Building C object CMakeFiles/aom_av1_encoder.dir/av1/encoder/mcomp.c.o
[334/360] Building C object CMakeFiles/aom_av1_encoder.dir/third_party/fastfeat/fast_9.c.o
[335/360] Building ASM_NASM object CMakeFiles/aom_dsp_encoder_ssse3.dir/aom_dsp/x86/subpel_variance_ssse3.asm.o
[336/360] Building C object CMakeFiles/aom_av1_encoder_sse2_intrinsics.dir/av1/encoder/x86/av1_fwd_txfm_sse2.c.o
[337/360] Building C object CMakeFiles/aom_dsp_encoder.dir/aom_dsp/sad_av1.c.o
[338/360] Building C object CMakeFiles/aom_av1_decoder.dir/av1/decoder/decodeframe.c.o
[339/360] Building C object CMakeFiles/aom_av1_encoder.dir/av1/encoder/bitstream.c.o
[340/360] Building C object CMakeFiles/aom_av1_common_ssse3_intrinsics.dir/av1/common/x86/av1_inv_txfm_ssse3.c.o
[341/360] Building C object CMakeFiles/aom_av1_encoder.dir/av1/encoder/tx_search.c.o
[342/360] Building C object CMakeFiles/aom_av1_common.dir/av1/common/cfl.c.o
[343/360] Building C object CMakeFiles/aom_av1_encoder.dir/av1/encoder/partition_search.c.o
[344/360] Building C object CMakeFiles/aom_av1_common_avx2_intrinsics.dir/av1/common/x86/av1_inv_txfm_avx2.c.o
[345/360] Building C object CMakeFiles/aom_av1_common_avx2_intrinsics.dir/av1/common/x86/highbd_inv_txfm_avx2.c.o
[346/360] Building C object CMakeFiles/aom_av1_encoder.dir/av1/encoder/encoder.c.o
[347/360] Building C object CMakeFiles/aom_av1_encoder_avx2_intrinsics.dir/av1/encoder/x86/av1_fwd_txfm2d_avx2.c.o
[348/360] Building C object CMakeFiles/aom_av1_encoder_avx2_intrinsics.dir/av1/encoder/x86/pickrst_avx2.c.o
[349/360] Building C object CMakeFiles/aom_av1_encoder_sse4_intrinsics.dir/av1/encoder/x86/highbd_fwd_txfm_sse4.c.o
[350/360] Building C object CMakeFiles/aom_dsp_common_avx2_intrinsics.dir/aom_dsp/x86/intrapred_avx2.c.o
[351/360] Building C object CMakeFiles/aom_av1_common_sse4_intrinsics.dir/av1/common/x86/highbd_inv_txfm_sse4.c.o
[352/360] Building C object CMakeFiles/aom_av1_encoder_avx2_intrinsics.dir/av1/encoder/x86/highbd_fwd_txfm_avx2.c.o
[353/360] Building C object CMakeFiles/aom_av1_encoder.dir/av1/encoder/rdopt.c.o
[354/360] Building C object CMakeFiles/aom_dsp_encoder_ssse3_intrinsics.dir/aom_dsp/x86/masked_variance_intrin_ssse3.c.o
[355/360] Building C object CMakeFiles/aom_dsp_encoder.dir/aom_dsp/sad.c.o
[356/360] Building C object CMakeFiles/aom_dsp_common.dir/aom_dsp/intrapred.c.o
[357/360] Building C object CMakeFiles/aom_dsp_encoder.dir/aom_dsp/variance.c.o
[358/360] Building ASM_NASM object CMakeFiles/aom_dsp_encoder_sse2.dir/aom_dsp/x86/highbd_sad4d_sse2.asm.o
[359/360] Linking C static library libaom.a
[360/360] Linking CXX static library libaom_av1_rc.a
The Meson build system
Version: 1.9.1
Source dir: /src/libavif/ext/dav1d
Build dir: /src/libavif/ext/dav1d/build
Build type: native build
Project name: dav1d
Project version: 1.5.1
C compiler for the host machine: clang (clang 18.1.8 "clang version 18.1.8 (https://github.com/llvm/llvm-project.git 3b5b5c1ec4a3095ab096dd780e84d7ab81f3d7ff)")
C linker for the host machine: clang ld.bfd 2.34
Host machine cpu family: x86_64
Host machine cpu: x86_64
Fetching value of define "DAV1D_API_VERSION_MAJOR" : 7 
Fetching value of define "DAV1D_API_VERSION_MINOR" : 0 
Fetching value of define "DAV1D_API_VERSION_PATCH" : 0 
Fetching value of define "__ILP32__" : (undefined) 
Run-time dependency threads found: YES
Checking for function "clock_gettime" : YES 
Checking for function "posix_memalign" : YES 
Checking for function "memalign" : YES 
Checking for function "aligned_alloc" : YES 
Library dl found: YES
Checking for function "dlsym" with dependency -ldl: YES 
Library m found: YES
Check usable header "stdatomic.h" : YES 
Check usable header "sys/types.h" : YES 
Check usable header "unistd.h" : YES 
Check usable header "io.h" : NO 
Check usable header "pthread_np.h" : NO 
Checking for function "getopt_long" : YES 
Checking for function "pthread_getaffinity_np" with dependency threads: YES 
Checking for function "pthread_setaffinity_np" with dependency threads: YES 
Checking for function "pthread_setname_np" with dependency threads: YES 
Checking for function "pthread_set_name_np" with dependency threads: NO 
Checking if "_Generic" compiles: YES 
Compiler for C supports arguments -fvisibility=hidden: YES 
Compiler for C supports arguments -Wundef: YES 
Compiler for C supports arguments -Werror=vla: YES 
Compiler for C supports arguments -Wno-maybe-uninitialized: NO 
Compiler for C supports arguments -Wno-missing-field-initializers: YES 
Compiler for C supports arguments -Wno-unused-parameter: YES 
Compiler for C supports arguments -Wstrict-prototypes: YES 
Compiler for C supports arguments -Werror=missing-prototypes: YES 
Compiler for C supports arguments -Wshorten-64-to-32: YES 
Compiler for C supports arguments -fomit-frame-pointer: YES 
Compiler for C supports arguments -ffast-math: YES 
Fetching value of define "__AVX__" : (undefined) 
Program nasm found: YES (/usr/bin/nasm)
Configuring config.asm using configuration
Configuring config.h using configuration
Did not find pkg-config by name 'pkg-config'
Found pkg-config: NO
Header "xxhash.h" has symbol "XXH3_createState" : NO 
Build targets in project: 6

dav1d 1.5.1

  User defined options
    buildtype      : release
    default_library: static
    enable_tests   : false
    enable_tools   : false

Found ninja-1.13.0.git.kitware.jobserver-pipe-1 at /usr/local/bin/ninja
ninja: Entering directory `/src/libavif/ext/dav1d/build'
[1/100] Generating 'src/libdav1d.a.p/cpuid.obj'
[2/100] Generating include/vcs_version.h with a custom command
[3/100] Compiling C object src/libdav1d_bitdepth_16.a.p/fg_apply_tmpl.c.o
[4/100] Compiling C object src/libdav1d_bitdepth_8.a.p/ipred_prepare_tmpl.c.o
[5/100] Compiling C object src/libdav1d_bitdepth_8.a.p/fg_apply_tmpl.c.o
[6/100] Compiling C object src/libdav1d_bitdepth_16.a.p/ipred_prepare_tmpl.c.o
[7/100] Compiling C object src/libdav1d_bitdepth_8.a.p/lr_apply_tmpl.c.o
[8/100] Compiling C object src/libdav1d.a.p/dequant_tables.c.o
[9/100] Compiling C object src/libdav1d.a.p/ctx.c.o
[10/100] Compiling C object src/libdav1d_bitdepth_8.a.p/loopfilter_tmpl.c.o
[11/100] Compiling C object src/libdav1d.a.p/cpu.c.o
[12/100] Compiling C object src/libdav1d.a.p/x86_cpu.c.o
[13/100] Compiling C object src/libdav1d.a.p/tables.c.o
[14/100] Compiling C object src/libdav1d.a.p/pal.c.o
[15/100] Compiling C object src/libdav1d_bitdepth_16.a.p/lr_apply_tmpl.c.o
[16/100] Compiling C object src/libdav1d.a.p/intra_edge.c.o
[17/100] Compiling C object src/libdav1d_bitdepth_16.a.p/loopfilter_tmpl.c.o
[18/100] Compiling C object src/libdav1d.a.p/ref.c.o
[19/100] Compiling C object src/libdav1d.a.p/data.c.o
[20/100] Compiling C object src/libdav1d_bitdepth_16.a.p/cdef_apply_tmpl.c.o
[21/100] Compiling C object src/libdav1d_bitdepth_8.a.p/cdef_apply_tmpl.c.o
[22/100] Compiling C object src/libdav1d.a.p/log.c.o
[23/100] Compiling C object src/libdav1d_bitdepth_8.a.p/cdef_tmpl.c.o
[24/100] Compiling C object src/libdav1d.a.p/getbits.c.o
[25/100] Compiling C object src/libdav1d.a.p/msac.c.o
[26/100] Compiling C object src/libdav1d.a.p/scan.c.o
[27/100] Compiling C object src/libdav1d.a.p/warpmv.c.o
[28/100] Compiling C object src/libdav1d.a.p/mem.c.o
[29/100] Compiling C object src/libdav1d_bitdepth_16.a.p/cdef_tmpl.c.o
[30/100] Compiling C object src/libdav1d.a.p/wedge.c.o
[31/100] Compiling C object src/libdav1d.a.p/picture.c.o
[32/100] Compiling C object src/libdav1d.a.p/qm.c.o
[33/100] Compiling C object src/libdav1d_bitdepth_8.a.p/filmgrain_tmpl.c.o
[34/100] Compiling C object src/libdav1d_bitdepth_16.a.p/lf_apply_tmpl.c.o
[35/100] Compiling C object src/libdav1d_bitdepth_8.a.p/lf_apply_tmpl.c.o
[36/100] Compiling C object src/libdav1d_bitdepth_8.a.p/ipred_tmpl.c.o
[37/100] Compiling C object src/libdav1d.a.p/lf_mask.c.o
[38/100] Compiling C object src/libdav1d_bitdepth_16.a.p/filmgrain_tmpl.c.o
[39/100] Compiling C object src/libdav1d.a.p/lib.c.o
[40/100] Compiling C object src/libdav1d_bitdepth_8.a.p/itx_tmpl.c.o
[41/100] Compiling C object src/libdav1d_bitdepth_16.a.p/ipred_tmpl.c.o
[42/100] Compiling C object src/libdav1d_bitdepth_16.a.p/looprestoration_tmpl.c.o
[43/100] Compiling C object src/libdav1d.a.p/cdf.c.o
[44/100] Generating 'src/libdav1d.a.p/refmvs.obj'
[45/100] Generating 'src/libdav1d.a.p/pal.obj'
[46/100] Generating 'src/libdav1d.a.p/msac.obj'
[47/100] Compiling C object src/libdav1d_bitdepth_8.a.p/mc_tmpl.c.o
[48/100] Compiling C object src/libdav1d_bitdepth_8.a.p/looprestoration_tmpl.c.o
[49/100] Compiling C object src/libdav1d_bitdepth_16.a.p/itx_tmpl.c.o
[50/100] Compiling C object src/libdav1d.a.p/thread_task.c.o
[51/100] Compiling C object src/libdav1d.a.p/refmvs.c.o
[52/100] Generating 'src/libdav1d.a.p/cdef16_avx512.obj'
[53/100] Compiling C object src/libdav1d.a.p/itx_1d.c.o
[54/100] Generating 'src/libdav1d.a.p/cdef_avx512.obj'
[55/100] Compiling C object src/libdav1d_bitdepth_16.a.p/mc_tmpl.c.o
[56/100] Compiling C object src/libdav1d.a.p/obu.c.o
[57/100] Compiling C object src/libdav1d_bitdepth_8.a.p/recon_tmpl.c.o
[58/100] Compiling C object src/libdav1d_bitdepth_16.a.p/recon_tmpl.c.o
[59/100] Generating 'src/libdav1d.a.p/cdef16_avx2.obj'
[60/100] Generating 'src/libdav1d.a.p/looprestoration_avx512.obj'
[61/100] Generating 'src/libdav1d.a.p/cdef16_sse.obj'
[62/100] Generating 'src/libdav1d.a.p/filmgrain_avx512.obj'
[63/100] Generating 'src/libdav1d.a.p/filmgrain16_avx512.obj'
[64/100] Generating 'src/libdav1d.a.p/ipred16_avx512.obj'
[65/100] Generating 'src/libdav1d.a.p/loopfilter16_avx512.obj'
[66/100] Compiling C object src/libdav1d.a.p/decode.c.o
[67/100] Generating 'src/libdav1d.a.p/loopfilter16_avx2.obj'
[68/100] Generating 'src/libdav1d.a.p/looprestoration_avx2.obj'
[69/100] Generating 'src/libdav1d.a.p/ipred_avx512.obj'
[70/100] Generating 'src/libdav1d.a.p/loopfilter_avx512.obj'
[71/100] Generating 'src/libdav1d.a.p/looprestoration16_avx512.obj'
[72/100] Generating 'src/libdav1d.a.p/loopfilter16_sse.obj'
[73/100] Generating 'src/libdav1d.a.p/loopfilter_avx2.obj'
[74/100] Generating 'src/libdav1d.a.p/looprestoration16_avx2.obj'
[75/100] Generating 'src/libdav1d.a.p/looprestoration16_sse.obj'
[76/100] Generating 'src/libdav1d.a.p/loopfilter_sse.obj'
[77/100] Generating 'src/libdav1d.a.p/filmgrain_avx2.obj'
[78/100] Generating 'src/libdav1d.a.p/cdef_avx2.obj'
[79/100] Generating 'src/libdav1d.a.p/filmgrain16_avx2.obj'
[80/100] Generating 'src/libdav1d.a.p/looprestoration_sse.obj'
[81/100] Generating 'src/libdav1d.a.p/ipred16_sse.obj'
[82/100] Generating 'src/libdav1d.a.p/mc16_avx512.obj'
[83/100] Generating 'src/libdav1d.a.p/filmgrain_sse.obj'
[84/100] Generating 'src/libdav1d.a.p/filmgrain16_sse.obj'
[85/100] Generating 'src/libdav1d.a.p/mc_avx512.obj'
[86/100] Generating 'src/libdav1d.a.p/ipred16_avx2.obj'
[87/100] Generating 'src/libdav1d.a.p/ipred_avx2.obj'
[88/100] Generating 'src/libdav1d.a.p/cdef_sse.obj'
[89/100] Generating 'src/libdav1d.a.p/itx16_sse.obj'
[90/100] Generating 'src/libdav1d.a.p/ipred_sse.obj'
[91/100] Generating 'src/libdav1d.a.p/itx16_avx512.obj'
[92/100] Generating 'src/libdav1d.a.p/mc16_avx2.obj'
[93/100] Generating 'src/libdav1d.a.p/mc_avx2.obj'
[94/100] Generating 'src/libdav1d.a.p/mc_sse.obj'
[95/100] Generating 'src/libdav1d.a.p/itx_sse.obj'
[96/100] Generating 'src/libdav1d.a.p/itx_avx2.obj'
[97/100] Generating 'src/libdav1d.a.p/itx_avx512.obj'
[98/100] Generating 'src/libdav1d.a.p/mc16_sse.obj'
[99/100] Generating 'src/libdav1d.a.p/itx16_avx2.obj'
[100/100] Linking static target src/libdav1d.a
INFO: autodetecting backend as ninja
INFO: calculating backend command to run: /usr/local/bin/ninja -C /src/libavif/ext/dav1d/build
-- The C compiler identification is Clang 18.1.8
-- Detecting C compiler ABI info
-- Detecting C compiler ABI info - done
-- Check for working C compiler: /usr/local/bin/clang - skipped
-- Detecting C compile features
-- Detecting C compile features - done
-- CMAKE_BUILD_TYPE = Release
-- VERSION = 3.0.4, BUILD = 20260106
-- 64-bit build (x86_64)
-- CMAKE_INSTALL_PREFIX = /opt/libjpeg-turbo
-- CMAKE_INSTALL_BINDIR = bin (/opt/libjpeg-turbo/bin)
-- CMAKE_INSTALL_DATAROOTDIR =  (/opt/libjpeg-turbo)
-- CMAKE_INSTALL_DOCDIR = doc (/opt/libjpeg-turbo/doc)
-- CMAKE_INSTALL_INCLUDEDIR = include (/opt/libjpeg-turbo/include)
-- CMAKE_INSTALL_LIBDIR = lib64 (/opt/libjpeg-turbo/lib64)
-- CMAKE_INSTALL_MANDIR = man (/opt/libjpeg-turbo/man)
-- Shared libraries disabled (ENABLE_SHARED = 0)
-- Static libraries enabled (ENABLE_STATIC = 1)
-- Arithmetic decoding support enabled (WITH_ARITH_DEC = 1)
-- Arithmetic encoding support enabled (WITH_ARITH_ENC = 1)
-- TurboJPEG API library disabled (WITH_TURBOJPEG = 0)
-- TurboJPEG Java wrapper disabled (WITH_JAVA = 0)
-- Emulating libjpeg API/ABI v6.2 (WITH_JPEG7 = 0, WITH_JPEG8 = 0)
-- libjpeg API shared library version = 62.4.0
-- Compiler flags = -O1   -fno-omit-frame-pointer   -gline-tables-only   -Wno-error=enum-constexpr-conversion   -Wno-error=incompatible-function-pointer-types   -Wno-error=int-conversion   -Wno-error=deprecated-declarations   -Wno-error=implicit-function-declaration   -Wno-error=implicit-int   -Wno-error=vla-cxx-extension   -DFUZZING_BUILD_MODE_UNSAFE_FOR_PRODUCTION -O3 -DNDEBUG
-- Linker flags =  
-- Looking for sys/types.h
-- Looking for sys/types.h - found
-- Looking for stdint.h
-- Looking for stdint.h - found
-- Looking for stddef.h
-- Looking for stddef.h - found
-- Check size of size_t
-- Check size of size_t - done
-- Check size of unsigned long
-- Check size of unsigned long - done
-- Performing Test HAVE_BUILTIN_CTZL
-- Performing Test HAVE_BUILTIN_CTZL - Success
-- Performing Test RIGHT_SHIFT_IS_UNSIGNED
-- Performing Test RIGHT_SHIFT_IS_UNSIGNED - Failed
-- Performing Test HIDDEN_WORKS
-- Performing Test HIDDEN_WORKS - Success
-- HIDDEN = __attribute__((visibility("hidden")))
-- Performing Test INLINE_WORKS
-- Performing Test INLINE_WORKS - Success
-- INLINE = __inline__ __attribute__((always_inline)) (FORCE_INLINE = 1)
-- Performing Test HAVE_THREAD_LOCAL
-- Performing Test HAVE_THREAD_LOCAL - Success
-- THREAD_LOCAL = __thread
-- Performing Test HAVE_VERSION_SCRIPT
-- Performing Test HAVE_VERSION_SCRIPT - Success
-- Linker supports GNU-style version scripts
-- CMAKE_EXECUTABLE_SUFFIX = 
-- Looking for a ASM_NASM compiler
-- Looking for a ASM_NASM compiler - /usr/bin/nasm
-- The ASM_NASM compiler identification is NASM
-- Found assembler: /usr/bin/nasm
-- CMAKE_ASM_NASM_COMPILER = /usr/bin/nasm
-- CMAKE_ASM_NASM_OBJECT_FORMAT = elf64
-- Performing Test HAVE_CET
-- Performing Test HAVE_CET - Failed
-- CMAKE_ASM_NASM_FLAGS =  -DELF -D__x86_64__ 
-- SIMD extensions: x86_64 (WITH_SIMD = 1)
-- FLOATTEST8 = sse
-- FLOATTEST12 = no-fp-contract
-- RPM architecture = x86_64, DEB architecture = amd64
-- Configuring done (1.2s)
-- Generating done (0.0s)
-- Build files have been written to: /src/libavif/ext/libjpeg-turbo/build.libavif
[1/172] Building C object CMakeFiles/jpeg12-static.dir/jcapistd.c.o
[2/172] Building C object CMakeFiles/jpeg12-static.dir/jcmainct.c.o
[3/172] Building C object CMakeFiles/jpeg12-static.dir/jutils.c.o
[4/172] Building C object CMakeFiles/jpeg16-static.dir/jdapistd.c.o
[5/172] Building C object CMakeFiles/jpeg16-static.dir/jcapistd.c.o
[6/172] Building C object CMakeFiles/jpeg16-static.dir/jdpostct.c.o
[7/172] Building C object CMakeFiles/jpeg16-static.dir/jutils.c.o
[8/172] Building C object CMakeFiles/jpeg16-static.dir/jcmainct.c.o
[9/172] Building ASM_NASM object simd/CMakeFiles/simd.dir/x86_64/jsimdcpu.asm.o
[10/172] Building C object CMakeFiles/jpeg12-static.dir/jdpostct.c.o
[11/172] Building C object CMakeFiles/jpeg-static.dir/jcapistd.c.o
[12/172] Building C object CMakeFiles/jpeg-static.dir/jcmainct.c.o
[13/172] Building C object CMakeFiles/jpeg-static.dir/jpeg_nbits.c.o
[14/172] Building C object CMakeFiles/jpeg12-static.dir/jfdctfst.c.o
[15/172] Building C object CMakeFiles/jpeg-static.dir/jcomapi.c.o
[16/172] Building C object CMakeFiles/jpeg-static.dir/jutils.c.o
[17/172] Building C object CMakeFiles/jpeg-static.dir/jcicc.c.o
[18/172] Building ASM_NASM object simd/CMakeFiles/simd.dir/x86_64/jcsample-sse2.asm.o
[19/172] Building C object CMakeFiles/jpeg-static.dir/jdatasrc.c.o
[20/172] Building C object CMakeFiles/jpeg-static.dir/jdtrans.c.o
[21/172] Building ASM_NASM object simd/CMakeFiles/simd.dir/x86_64/jfdctfst-sse2.asm.o
[22/172] Building C object CMakeFiles/jpeg12-static.dir/jidctflt.c.o
[23/172] Building C object CMakeFiles/jpeg-static.dir/jcinit.c.o
[24/172] Building C object CMakeFiles/jpeg-static.dir/jdpostct.c.o
[25/172] Building C object CMakeFiles/jpeg-static.dir/jerror.c.o
[26/172] Building ASM_NASM object simd/CMakeFiles/simd.dir/x86_64/jdsample-sse2.asm.o
[27/172] Building ASM_NASM object simd/CMakeFiles/simd.dir/x86_64/jcgray-sse2.asm.o
[28/172] Building C object CMakeFiles/jpeg-static.dir/jdatadst.c.o
[29/172] Building ASM_NASM object simd/CMakeFiles/simd.dir/x86_64/jfdctflt-sse.asm.o
[30/172] Building C object CMakeFiles/jpeg12-static.dir/jfdctint.c.o
[31/172] Building C object CMakeFiles/jpeg-static.dir/jidctflt.c.o
[32/172] Building C object CMakeFiles/jpeg-static.dir/jaricom.c.o
[33/172] Building ASM_NASM object simd/CMakeFiles/simd.dir/x86_64/jchuff-sse2.asm.o
[34/172] Building ASM_NASM object simd/CMakeFiles/simd.dir/x86_64/jquantf-sse2.asm.o
[35/172] Building C object CMakeFiles/jpeg-static.dir/jmemnobs.c.o
[36/172] Building C object CMakeFiles/jpeg-static.dir/jfdctflt.c.o
[37/172] Building ASM_NASM object simd/CMakeFiles/simd.dir/x86_64/jccolor-sse2.asm.o
[38/172] Building ASM_NASM object simd/CMakeFiles/simd.dir/x86_64/jidctflt-sse2.asm.o
[39/172] Building ASM_NASM object simd/CMakeFiles/simd.dir/x86_64/jidctfst-sse2.asm.o
[40/172] Building ASM_NASM object simd/CMakeFiles/simd.dir/x86_64/jidctint-sse2.asm.o
[41/172] Building C object CMakeFiles/jpeg12-static.dir/jddiffct.c.o
[42/172] Building ASM_NASM object simd/CMakeFiles/simd.dir/x86_64/jcsample-avx2.asm.o
[43/172] Building C object CMakeFiles/jpeg12-static.dir/jcdiffct.c.o
[44/172] Building C object CMakeFiles/jpeg12-static.dir/jddctmgr.c.o
[45/172] Building ASM_NASM object simd/CMakeFiles/simd.dir/x86_64/jfdctint-sse2.asm.o
[46/172] Building ASM_NASM object simd/CMakeFiles/simd.dir/x86_64/jfdctint-avx2.asm.o
[47/172] Building ASM_NASM object simd/CMakeFiles/simd.dir/x86_64/jquanti-avx2.asm.o
[48/172] Building C object CMakeFiles/jpeg12-static.dir/jidctfst.c.o
[49/172] Building ASM_NASM object simd/CMakeFiles/simd.dir/x86_64/jcphuff-sse2.asm.o
[50/172] Building C object CMakeFiles/jpeg16-static.dir/jddiffct.c.o
[51/172] Building ASM_NASM object simd/CMakeFiles/simd.dir/x86_64/jdcolor-sse2.asm.o
[52/172] Building ASM_NASM object simd/CMakeFiles/simd.dir/x86_64/jidctred-sse2.asm.o
[53/172] Building C object CMakeFiles/jpeg16-static.dir/jcdiffct.c.o
[54/172] Building ASM_NASM object simd/CMakeFiles/simd.dir/x86_64/jdsample-avx2.asm.o
[55/172] Building C object CMakeFiles/jpeg12-static.dir/jcprepct.c.o
[56/172] Building C object CMakeFiles/jpeg-static.dir/jcapimin.c.o
[57/172] Building C object CMakeFiles/jpeg-static.dir/jdapimin.c.o
[58/172] Building C object CMakeFiles/jpeg-static.dir/jdicc.c.o
[59/172] Building C object CMakeFiles/jpeg-static.dir/jdinput.c.o
[60/172] Building C object CMakeFiles/jpeg-static.dir/jdlhuff.c.o
[61/172] Building ASM_NASM object simd/CMakeFiles/simd.dir/x86_64/jdmerge-sse2.asm.o
[62/172] Building ASM_NASM object simd/CMakeFiles/simd.dir/x86_64/jquanti-sse2.asm.o
[63/172] Building ASM_NASM object simd/CMakeFiles/simd.dir/x86_64/jcgray-avx2.asm.o
[64/172] Building ASM_NASM object simd/CMakeFiles/simd.dir/x86_64/jidctint-avx2.asm.o
[65/172] Building C object CMakeFiles/jpeg16-static.dir/jcprepct.c.o
[66/172] Building C object CMakeFiles/jpeg-static.dir/jddiffct.c.o
[67/172] Building C object CMakeFiles/jpeg-static.dir/jfdctfst.c.o
[68/172] Building C object CMakeFiles/jpeg-static.dir/jidctfst.c.o
[69/172] Building C object CMakeFiles/jpeg-static.dir/jcdiffct.c.o
[70/172] Building ASM_NASM object simd/CMakeFiles/simd.dir/x86_64/jdcolor-avx2.asm.o
[71/172] Building ASM_NASM object simd/CMakeFiles/simd.dir/x86_64/jdmerge-avx2.asm.o
[72/172] Building ASM_NASM object simd/CMakeFiles/simd.dir/x86_64/jccolor-avx2.asm.o
[73/172] Building C object CMakeFiles/jpeg-static.dir/jddctmgr.c.o
[74/172] Building C object CMakeFiles/jpeg16-static.dir/jdlossls.c.o
[75/172] Building C object CMakeFiles/jpeg-static.dir/jfdctint.c.o
[76/172] Building C object CMakeFiles/jpeg-static.dir/jidctred.c.o
[77/172] Building C object CMakeFiles/jpeg12-static.dir/jdmainct.c.o
[78/172] Building C object CMakeFiles/jpeg12-static.dir/jidctred.c.o
[79/172] Building C object CMakeFiles/cjpeg-static.dir/cdjpeg.c.o
[80/172] Building C object CMakeFiles/jpeg-static.dir/jcprepct.c.o
[81/172] Building C object CMakeFiles/jpeg12-static.dir/jdlossls.c.o
[82/172] Building C object CMakeFiles/jpeg16-static.dir/jclossls.c.o
[83/172] Building C object CMakeFiles/jpeg-static.dir/jctrans.c.o
[84/172] Building C object CMakeFiles/jpeg12-static.dir/jclossls.c.o
[85/172] Building C object CMakeFiles/jpeg12-static.dir/jccoefct.c.o
[86/172] Building C object CMakeFiles/jpeg12-static.dir/jdapistd.c.o
[87/172] Building C object md5/CMakeFiles/md5cmp.dir/md5cmp.c.o
[88/172] Building C object CMakeFiles/jpeg16-static.dir/jdmainct.c.o
[89/172] Building C object CMakeFiles/jpeg12-static.dir/jcdctmgr.c.o
[90/172] Building C object CMakeFiles/jpeg-static.dir/jdlossls.c.o
[91/172] Building C object CMakeFiles/jpeg-static.dir/jccoefct.c.o
[92/172] Building C object CMakeFiles/jpeg-static.dir/jdmainct.c.o
[93/172] Building C object CMakeFiles/djpeg-static.dir/cdjpeg.c.o
[94/172] Building C object CMakeFiles/jpeg-static.dir/jcdctmgr.c.o
[95/172] Building C object CMakeFiles/jpeg-static.dir/jclhuff.c.o
[96/172] Building C object CMakeFiles/jpeg12-static.dir/jdsample.c.o
[97/172] Building C object CMakeFiles/strtest.dir/strtest.c.o
[98/172] Building C object CMakeFiles/jpegtran-static.dir/cdjpeg.c.o
[99/172] Building C object CMakeFiles/djpeg12-static.dir/wrgif.c.o
[100/172] Building C object CMakeFiles/jpeg-static.dir/jdsample.c.o
[101/172] Building C object CMakeFiles/djpeg-static.dir/wrppm.c.o
[102/172] Building C object CMakeFiles/jpeg-static.dir/jdapistd.c.o
[103/172] Building C object CMakeFiles/djpeg-static.dir/wrtarga.c.o
[104/172] Building C object md5/CMakeFiles/md5cmp.dir/md5hl.c.o
[105/172] Building C object CMakeFiles/jpeg12-static.dir/jcsample.c.o
[106/172] Building C object CMakeFiles/djpeg-static.dir/wrgif.c.o
[107/172] Building C object CMakeFiles/jpeg-static.dir/jclossls.c.o
[108/172] Linking C executable strtest
[109/172] Building C object CMakeFiles/jpeg-static.dir/jdmaster.c.o
[110/172] Building C object CMakeFiles/cjpeg-static.dir/rdswitch.c.o
[111/172] Building C object CMakeFiles/djpeg16-static.dir/wrppm.c.o
[112/172] Building C object CMakeFiles/djpeg12-static.dir/wrppm.c.o
[113/172] Building C object CMakeFiles/jpeg-static.dir/jdphuff.c.o
[114/172] Building C object CMakeFiles/rdjpgcom.dir/rdjpgcom.c.o
[115/172] Building C object CMakeFiles/jpeg16-static.dir/jcsample.c.o
[116/172] Building C object CMakeFiles/jpeg16-static.dir/jdsample.c.o
[117/172] Building C object CMakeFiles/cjpeg-static.dir/rdtarga.c.o
[118/172] Building C object CMakeFiles/jpeg-static.dir/jcmaster.c.o
[119/172] Building C object CMakeFiles/djpeg-static.dir/rdcolmap.c.o
[120/172] Building C object CMakeFiles/example-static.dir/example.c.o
[121/172] Building C object CMakeFiles/djpeg12-static.dir/rdcolmap.c.o
[122/172] Building C object md5/CMakeFiles/md5cmp.dir/md5.c.o
[123/172] Building C object CMakeFiles/djpeg-static.dir/rdswitch.c.o
[124/172] Building C object CMakeFiles/jpeg-static.dir/jcparam.c.o
[125/172] Linking C executable rdjpgcom
[126/172] Building C object CMakeFiles/jpegtran-static.dir/jpegtran.c.o
[127/172] Building C object CMakeFiles/cjpeg-static.dir/rdgif.c.o
[128/172] Building C object CMakeFiles/cjpeg16-static.dir/rdgif.c.o
[129/172] Building C object CMakeFiles/cjpeg-static.dir/rdbmp.c.o
[130/172] Building C object CMakeFiles/jpegtran-static.dir/rdswitch.c.o
[131/172] Building C object simd/CMakeFiles/simd.dir/x86_64/jsimd.c.o
[132/172] Building C object CMakeFiles/jpeg12-static.dir/jquant1.c.o
[133/172] Building C object CMakeFiles/jpeg-static.dir/jcsample.c.o
[134/172] Building C object CMakeFiles/cjpeg12-static.dir/rdgif.c.o
[135/172] Building C object CMakeFiles/djpeg-static.dir/wrbmp.c.o
[136/172] Linking C executable md5/md5cmp
[137/172] Building C object CMakeFiles/jpeg-static.dir/jquant1.c.o
[138/172] Building C object CMakeFiles/cjpeg-static.dir/cjpeg.c.o
[139/172] Building C object CMakeFiles/jpeg-static.dir/jcarith.c.o
[140/172] Building C object CMakeFiles/jpeg-static.dir/jccolor.c.o
[141/172] Building C object CMakeFiles/wrjpgcom.dir/wrjpgcom.c.o
[142/172] Building C object CMakeFiles/jpeg-static.dir/jmemmgr.c.o
[143/172] Building C object CMakeFiles/jpeg12-static.dir/jdcoefct.c.o
[144/172] Building C object CMakeFiles/jpeg16-static.dir/jccolor.c.o
[145/172] Building C object CMakeFiles/jpeg-static.dir/jdarith.c.o
[146/172] Linking C executable wrjpgcom
[147/172] Building C object CMakeFiles/djpeg-static.dir/djpeg.c.o
[148/172] Building C object CMakeFiles/jpeg-static.dir/jcphuff.c.o
[149/172] Building C object CMakeFiles/jpeg12-static.dir/jdmerge.c.o
[150/172] Building C object CMakeFiles/jpeg-static.dir/jdmarker.c.o
[151/172] Building C object CMakeFiles/jpeg-static.dir/jdcoefct.c.o
[152/172] Building C object CMakeFiles/jpeg16-static.dir/jdcolor.c.o
[153/172] Building C object CMakeFiles/cjpeg12-static.dir/rdppm.c.o
[154/172] Building C object CMakeFiles/jpeg-static.dir/jdhuff.c.o
[155/172] Building C object CMakeFiles/cjpeg-static.dir/rdppm.c.o
[156/172] Building C object CMakeFiles/jpeg-static.dir/jdmerge.c.o
[157/172] Building C object CMakeFiles/jpeg-static.dir/jdcolor.c.o
[158/172] Building C object CMakeFiles/jpeg-static.dir/jcmarker.c.o
[159/172] Building C object CMakeFiles/cjpeg16-static.dir/rdppm.c.o
[160/172] Building C object CMakeFiles/jpeg12-static.dir/jccolor.c.o
[161/172] Building C object CMakeFiles/jpeg-static.dir/jquant2.c.o
[162/172] Building C object CMakeFiles/jpeg12-static.dir/jquant2.c.o
[163/172] Building C object CMakeFiles/jpeg12-static.dir/jdcolor.c.o
[164/172] Building C object CMakeFiles/jpeg12-static.dir/jidctint.c.o
[165/172] Building C object CMakeFiles/jpeg-static.dir/jidctint.c.o
[166/172] Building C object CMakeFiles/jpegtran-static.dir/transupp.c.o
[167/172] Building C object CMakeFiles/jpeg-static.dir/jchuff.c.o
[168/172] Linking C static library libjpeg.a
[169/172] Linking C executable jpegtran-static
[170/172] Linking C executable example-static
[171/172] Linking C executable cjpeg-static
[172/172] Linking C executable djpeg-static
-- The C compiler identification is Clang 18.1.8
-- Detecting C compiler ABI info
-- Detecting C compiler ABI info - done
-- Check for working C compiler: /usr/local/bin/clang - skipped
-- Detecting C compile features
-- Detecting C compile features - done
-- Performing Test HAVE_BUILTIN_BSWAP16
-- Performing Test HAVE_BUILTIN_BSWAP16 - Success
-- Performing Test HAVE_BUILTIN_BSWAP32
-- Performing Test HAVE_BUILTIN_BSWAP32 - Success
-- Performing Test HAVE_BUILTIN_BSWAP64
-- Performing Test HAVE_BUILTIN_BSWAP64 - Success
-- Performing Test CMAKE_HAVE_LIBC_PTHREAD
-- Performing Test CMAKE_HAVE_LIBC_PTHREAD - Failed
-- Looking for pthread_create in pthreads
-- Looking for pthread_create in pthreads - not found
-- Looking for pthread_create in pthread
-- Looking for pthread_create in pthread - found
-- Found Threads: TRUE
-- Could NOT find OpenGL (missing: OPENGL_opengl_LIBRARY OPENGL_glx_LIBRARY OPENGL_INCLUDE_DIR) 
-- Performing Test HAVE_MATH_LIBRARY
-- Performing Test HAVE_MATH_LIBRARY - Failed
-- Adding -lm flag.
-- Looking for include file GLUT/glut.h
-- Looking for include file GLUT/glut.h - not found
-- Looking for include file GL/glut.h
-- Looking for include file GL/glut.h - not found
-- Looking for include file OpenGL/glut.h
-- Looking for include file OpenGL/glut.h - not found
-- Looking for include file shlwapi.h
-- Looking for include file shlwapi.h - not found
-- Looking for include file unistd.h
-- Looking for include file unistd.h - found
-- Looking for include file wincodec.h
-- Looking for include file wincodec.h - not found
-- Looking for include file windows.h
-- Looking for include file windows.h - not found
-- Performing Test WEBP_HAVE_FLAG_SSE41
-- Performing Test WEBP_HAVE_FLAG_SSE41 - Failed
-- Performing Test WEBP_HAVE_FLAG_SSE41
-- Performing Test WEBP_HAVE_FLAG_SSE41 - Success
-- Performing Test WEBP_HAVE_FLAG_SSE2
-- Performing Test WEBP_HAVE_FLAG_SSE2 - Success
-- Performing Test WEBP_HAVE_FLAG_MIPS32
-- Performing Test WEBP_HAVE_FLAG_MIPS32 - Failed
-- Performing Test WEBP_HAVE_FLAG_MIPS32
-- Performing Test WEBP_HAVE_FLAG_MIPS32 - Failed
-- Performing Test WEBP_HAVE_FLAG_MIPS_DSP_R2
-- Performing Test WEBP_HAVE_FLAG_MIPS_DSP_R2 - Failed
-- Performing Test WEBP_HAVE_FLAG_MIPS_DSP_R2
-- Performing Test WEBP_HAVE_FLAG_MIPS_DSP_R2 - Failed
-- Performing Test HAS_COMPILE_FLAG
-- Performing Test HAS_COMPILE_FLAG - Failed
-- Performing Test WEBP_HAVE_FLAG_NEON
-- Performing Test WEBP_HAVE_FLAG_NEON - Failed
-- Performing Test WEBP_HAVE_FLAG_NEON
-- Performing Test WEBP_HAVE_FLAG_NEON - Failed
-- Performing Test WEBP_HAVE_FLAG_MSA
-- Performing Test WEBP_HAVE_FLAG_MSA - Failed
-- Performing Test WEBP_HAVE_FLAG_MSA
-- Performing Test WEBP_HAVE_FLAG_MSA - Failed
-- Performing Test HAS_COMPILE_FLAG
-- Performing Test HAS_COMPILE_FLAG - Failed
-- Configuring done (1.5s)
-- Generating done (0.0s)
-- Build files have been written to: /src/libavif/ext/libwebp/build
[1/8] Building C object CMakeFiles/sharpyuv.dir/sharpyuv/sharpyuv_neon.c.o
[2/8] Building C object CMakeFiles/sharpyuv.dir/sharpyuv/sharpyuv_cpu.c.o
[3/8] Building C object CMakeFiles/sharpyuv.dir/sharpyuv/sharpyuv_csp.c.o
[4/8] Building C object CMakeFiles/sharpyuv.dir/sharpyuv/sharpyuv_dsp.c.o
[5/8] Building C object CMakeFiles/sharpyuv.dir/sharpyuv/sharpyuv_gamma.c.o
[6/8] Building C object CMakeFiles/sharpyuv.dir/sharpyuv/sharpyuv_sse2.c.o
[7/8] Building C object CMakeFiles/sharpyuv.dir/sharpyuv/sharpyuv.c.o
[8/8] Linking C static library libsharpyuv.a
-- The C compiler identification is Clang 18.1.8
-- The CXX compiler identification is Clang 18.1.8
-- Detecting C compiler ABI info
-- Detecting C compiler ABI info - done
-- Check for working C compiler: /usr/local/bin/clang - skipped
-- Detecting C compile features
-- Detecting C compile features - done
-- Detecting CXX compiler ABI info
-- Detecting CXX compiler ABI info - done
-- Check for working CXX compiler: /usr/local/bin/clang++ - skipped
-- Detecting CXX compile features
-- Detecting CXX compile features - done
-- Could NOT find JPEG (missing: JPEG_LIBRARY JPEG_INCLUDE_DIR) 
-- Configuring done (0.4s)
-- Generating done (0.0s)
-- Build files have been written to: /src/libavif/ext/libyuv/build
[1/45] Building CXX object CMakeFiles/yuv_common_objects.dir/source/mjpeg_decoder.cc.o
[2/45] Building CXX object CMakeFiles/yuv_common_objects.dir/source/rotate_lsx.cc.o
[3/45] Building CXX object CMakeFiles/yuv_common_objects.dir/source/rotate_msa.cc.o
[4/45] Building CXX object CMakeFiles/yuv_common_objects.dir/source/convert_jpeg.cc.o
[5/45] Building CXX object CMakeFiles/yuv_common_objects.dir/source/scale_msa.cc.o
[6/45] Building CXX object CMakeFiles/yuv_common_objects.dir/source/scale_lsx.cc.o
[7/45] Building CXX object CMakeFiles/yuv_common_objects.dir/source/rotate_any.cc.o
[8/45] Building CXX object CMakeFiles/yuv_common_objects.dir/source/video_common.cc.o
[9/45] Building CXX object CMakeFiles/yuv_common_objects.dir/source/mjpeg_validate.cc.o
[10/45] Building CXX object CMakeFiles/yuv_common_objects.dir/source/compare_common.cc.o
[11/45] Building CXX object CMakeFiles/yuv_common_objects.dir/source/compare_msa.cc.o
[12/45] Building CXX object CMakeFiles/yuv_common_objects.dir/source/compare_win.cc.o
[13/45] Building CXX object CMakeFiles/yuv_common_objects.dir/source/compare_gcc.cc.o
[14/45] Building CXX object CMakeFiles/yuv_common_objects.dir/source/row_rvv.cc.o
[15/45] Building CXX object CMakeFiles/yuv_common_objects.dir/source/rotate_win.cc.o
[16/45] Building CXX object CMakeFiles/yuv_common_objects.dir/source/row_lasx.cc.o
[17/45] Building CXX object CMakeFiles/yuv_common_objects.dir/source/row_win.cc.o
[18/45] Building CXX object CMakeFiles/yuv_common_objects.dir/source/row_lsx.cc.o
[19/45] Building CXX object CMakeFiles/yuv_common_objects.dir/source/row_msa.cc.o
[20/45] Building CXX object CMakeFiles/yuv_common_objects.dir/source/scale_rvv.cc.o
[21/45] Building CXX object CMakeFiles/yuv_common_objects.dir/source/rotate_gcc.cc.o
[22/45] Building CXX object CMakeFiles/yuv_common_objects.dir/source/scale_win.cc.o
[23/45] Building CXX object CMakeFiles/yuv_common_objects.dir/source/scale_rgb.cc.o
[24/45] Building CXX object CMakeFiles/yuv_common_objects.dir/source/cpu_id.cc.o
[25/45] Building CXX object CMakeFiles/yuv_common_objects.dir/source/convert_to_i420.cc.o
[26/45] Building CXX object CMakeFiles/yuv_common_objects.dir/source/rotate_argb.cc.o
[27/45] Building CXX object CMakeFiles/yuv_common_objects.dir/source/convert_to_argb.cc.o
[28/45] Building CXX object CMakeFiles/yuv_common_objects.dir/source/rotate_common.cc.o
[29/45] Building CXX object CMakeFiles/yuv_common_objects.dir/source/scale_gcc.cc.o
[30/45] Building CXX object CMakeFiles/yuv_common_objects.dir/source/convert_from.cc.o
[31/45] Building CXX object CMakeFiles/yuv_common_objects.dir/source/scale_any.cc.o
[32/45] Building CXX object CMakeFiles/yuv_common_objects.dir/source/scale_argb.cc.o
[33/45] Building CXX object CMakeFiles/yuv_common_objects.dir/source/scale_uv.cc.o
[34/45] Building CXX object CMakeFiles/yuv_common_objects.dir/source/compare.cc.o
[35/45] Building CXX object CMakeFiles/yuv_common_objects.dir/source/rotate.cc.o
[36/45] Building CXX object CMakeFiles/yuv_common_objects.dir/source/row_gcc.cc.o
[37/45] Building CXX object CMakeFiles/yuv_common_objects.dir/source/scale.cc.o
[38/45] Building CXX object CMakeFiles/yuv_common_objects.dir/source/convert_from_argb.cc.o
[39/45] Building CXX object CMakeFiles/yuv_common_objects.dir/source/convert.cc.o
[40/45] Building CXX object CMakeFiles/yuv_common_objects.dir/source/row_any.cc.o
[41/45] Building CXX object CMakeFiles/yuv_common_objects.dir/source/planar_functions.cc.o
[42/45] Building CXX object CMakeFiles/yuv_common_objects.dir/source/scale_common.cc.o
[43/45] Building CXX object CMakeFiles/yuv_common_objects.dir/source/convert_argb.cc.o
[44/45] Building CXX object CMakeFiles/yuv_common_objects.dir/source/row_common.cc.o
[45/45] Linking CXX static library libyuv.a
-- The C compiler identification is Clang 18.1.8
-- Detecting C compiler ABI info
-- Detecting C compiler ABI info - done
-- Check for working C compiler: /usr/local/bin/clang - skipped
-- Detecting C compile features
-- Detecting C compile features - done
-- Could NOT find PkgConfig (missing: PKG_CONFIG_EXECUTABLE) 
-- libavif(AVIF_ZLIBPNG=LOCAL): ext/zlib found; using as FetchContent SOURCE_DIR
-- libavif(AVIF_ZLIBPNG=LOCAL): configuring zlib
-- Looking for sys/types.h
-- Looking for sys/types.h - found
-- Looking for stdint.h
-- Looking for stdint.h - found
-- Looking for stddef.h
-- Looking for stddef.h - found
-- Check size of off64_t
-- Check size of off64_t - done
-- Looking for fseeko
-- Looking for fseeko - found
-- Looking for unistd.h
-- Looking for unistd.h - found
-- Renaming
--     /src/libavif/ext/zlib/zconf.h
-- to 'zconf.h.included' because this file is included with zlib
-- but CMake generates it automatically in the build directory.
-- libavif(AVIF_ZLIBPNG=LOCAL): configuring zlib - complete
-- libavif(AVIF_ZLIBPNG=LOCAL): ext/libpng found; using as FetchContent SOURCE_DIR
-- libavif(AVIF_ZLIBPNG=LOCAL): configuring libpng
-- The ASM compiler identification is Clang with GNU-like command-line
-- Found assembler: /usr/local/bin/clang
-- Building for target architecture: x86_64
-- Found ZLIB: ZLIB (found version "1.3.1")
-- Found AWK program: /usr/bin/nawk
-- libavif(AVIF_ZLIBPNG=LOCAL): configuring libpng - complete
-- libavif(AVIF_JPEG=LOCAL): /src/libavif/ext/libjpeg-turbo/build.libavif/libjpeg.a found, using for local JPEG
-- libavif(AVIF_LIBSHARPYUV=LOCAL): compiled library found at /src/libavif/ext/libwebp/build/libsharpyuv.a
-- libavif: libsharpyuv found; sharp rgb to yuv conversion enabled.
-- libavif: Enabling warnings for Clang
-- Performing Test CMAKE_HAVE_LIBC_PTHREAD
-- Performing Test CMAKE_HAVE_LIBC_PTHREAD - Failed
-- Check if compiler accepts -pthread
-- Check if compiler accepts -pthread - yes
-- Found Threads: TRUE
-- libavif(AVIF_CODEC_DAV1D=LOCAL): compiled library found at /src/libavif/ext/dav1d/build/src/libdav1d.a
-- libavif: Codec enabled: dav1d (decode)
-- libavif(AVIF_CODEC_AOM=LOCAL): compiled library found at /src/libavif/ext/aom/build.libavif/libaom.a
-- libavif: Codec enabled: aom (encode/decode)
-- The CXX compiler identification is Clang 18.1.8
-- Detecting CXX compiler ABI info
-- Detecting CXX compiler ABI info - done
-- Check for working CXX compiler: /usr/local/bin/clang++ - skipped
-- Detecting CXX compile features
-- Detecting CXX compile features - done
-- libavif: libxml2 not found; avifenc will ignore any gain map in JPEG files
-- libavif(AVIF_LIBARGPARSE=LOCAL): compiled library not found at /src/libavif/ext/libargparse/build/libargparse.a; using FetchContent
-- libavif(AVIF_LIBARGPARSE=LOCAL): fetching and configuring libargparse
-- libavif(AVIF_LIBARGPARSE=LOCAL): fetching and configuring libargparse - complete
-- libavif(AVIF_GTEST=LOCAL): compiled library not found in ext/googletest; using FetchContent
-- libavif(AVIF_GTEST=LOCAL): fetching and configuring googletest
-- libavif(AVIF_GTEST=LOCAL): fetching and configuring googletest - complete
-- FuzzTest targets are disabled because AVIF_FUZZTEST is OFF.
-- Configuring done (3.0s)
-- Generating done (0.1s)
-- Build files have been written to: /src/libavif/build
[1/189] Building C object CMakeFiles/avif_obj.dir/src/mem.c.o
[2/189] Building C object CMakeFiles/avif_obj.dir/src/reformat_libyuv.c.o
[3/189] Building C object CMakeFiles/avif_obj.dir/src/diag.c.o
[4/189] Building C object CMakeFiles/avif_obj.dir/src/properties.c.o
[5/189] Building C object CMakeFiles/avif_obj.dir/src/reformat_libsharpyuv.c.o
[6/189] Building C object CMakeFiles/avif_obj.dir/src/rawdata.c.o
[7/189] Building C object _deps/zlib/CMakeFiles/ZLIB.dir/gzclose.c.o
[8/189] Building C object CMakeFiles/avif_obj.dir/src/io.c.o
[9/189] Building C object CMakeFiles/avif_obj.dir/third_party/libyuv/source/scale_any.c.o
[10/189] Building C object CMakeFiles/avif_obj.dir/src/exif.c.o
[11/189] Building C object _deps/zlib/CMakeFiles/ZLIB.dir/uncompr.c.o
[12/189] Building C object CMakeFiles/avif_obj.dir/third_party/libyuv/source/planar_functions.c.o
[13/189] Building C object _deps/zlib/CMakeFiles/ZLIB.dir/compress.c.o
[14/189] Building C object CMakeFiles/avif_apps.dir/apps/shared/avifexif.c.o
[15/189] Building C object CMakeFiles/avif_obj.dir/third_party/libyuv/source/row_common.c.o
[16/189] Building C object _deps/zlib/CMakeFiles/ZLIB.dir/zutil.c.o
[17/189] Building C object CMakeFiles/avif_obj.dir/src/scale.c.o
[18/189] Building C object CMakeFiles/avif_obj.dir/src/colrconvert.c.o
[19/189] Building C object CMakeFiles/avif_obj.dir/src/codec_dav1d.c.o
[20/189] Building C object _deps/zlib/CMakeFiles/ZLIB.dir/adler32.c.o
[21/189] Building C object _deps/libpng/CMakeFiles/png_static.dir/pngrio.c.o
[22/189] Building C object _deps/libpng/CMakeFiles/png_static.dir/pngwio.c.o
[23/189] Building C object _deps/libpng/CMakeFiles/png_static.dir/intel/intel_init.c.o
[24/189] Building C object CMakeFiles/avif_apps.dir/third_party/iccjpeg/iccjpeg.c.o
[25/189] Building C object _deps/zlib/CMakeFiles/ZLIB.dir/inftrees.c.o
[26/189] Building C object CMakeFiles/avif_obj.dir/src/alpha.c.o
[27/189] Building C object _deps/libpng/CMakeFiles/png_static.dir/pngmem.c.o
[28/189] Building C object CMakeFiles/avif_obj.dir/src/colr.c.o
[29/189] Building C object CMakeFiles/avif_obj.dir/src/utils.c.o
[30/189] Building C object _deps/zlib/CMakeFiles/ZLIB.dir/gzlib.c.o
[31/189] Building C object _deps/zlib/CMakeFiles/ZLIB.dir/inffast.c.o
[32/189] Building C object tests/CMakeFiles/aviftest.dir/aviftest.c.o
[33/189] Building C object _deps/zlib/CMakeFiles/ZLIB.dir/crc32.c.o
[34/189] Building C object _deps/zlib/CMakeFiles/ZLIB.dir/gzwrite.c.o
[35/189] Building C object CMakeFiles/avif_apps.dir/apps/shared/avifutil.c.o
[36/189] Building C object _deps/zlib/CMakeFiles/ZLIB.dir/gzread.c.o
[37/189] Building C object CMakeFiles/avif_apps.dir/apps/shared/iccmaker.c.o
[38/189] Building C object _deps/libpng/CMakeFiles/png_static.dir/pngwtran.c.o
[39/189] Building C object _deps/libpng/CMakeFiles/png_static.dir/pngtrans.c.o
[40/189] Building C object CMakeFiles/avif_obj.dir/third_party/libyuv/source/scale_common.c.o
[41/189] Building C object CMakeFiles/avif_apps.dir/apps/shared/y4m.c.o
[42/189] Building C object CMakeFiles/avif_obj.dir/src/stream.c.o
[43/189] Building C object CMakeFiles/avifdec.dir/apps/avifdec.c.o
[44/189] Building C object _deps/zlib/CMakeFiles/ZLIB.dir/infback.c.o
[45/189] Building C object CMakeFiles/avif_apps.dir/apps/shared/avifpng.c.o
[46/189] Building C object _deps/libpng/CMakeFiles/png_static.dir/pngpread.c.o
[47/189] Building C object _deps/libpng/CMakeFiles/png_static.dir/pngerror.c.o
[48/189] Building C object tests/CMakeFiles/avifyuv.dir/avifyuv.c.o
[49/189] Building C object CMakeFiles/avif_apps.dir/apps/shared/avifjpeg.c.o
[50/189] Building C object CMakeFiles/avif_obj.dir/third_party/libyuv/source/scale.c.o
[51/189] Building C object CMakeFiles/avif_obj.dir/src/codec_aom.c.o
[52/189] Building C object _deps/libpng/CMakeFiles/png_static.dir/pngget.c.o
[53/189] Building C object _deps/zlib/CMakeFiles/ZLIB.dir/trees.c.o
[54/189] Building C object _deps/libpng/CMakeFiles/png_static.dir/pngset.c.o
[55/189] Building C object CMakeFiles/avif_obj.dir/src/gainmap.c.o
[56/189] Building C object CMakeFiles/avif_obj.dir/src/obu.c.o
[57/189] Building C object _deps/libpng/CMakeFiles/png_static.dir/pngwrite.c.o
[58/189] Building C object CMakeFiles/avif_obj.dir/src/avif.c.o
[59/189] Building C object _deps/zlib/CMakeFiles/ZLIB.dir/deflate.c.o
[60/189] Building C object _deps/libpng/CMakeFiles/png_static.dir/png.c.o
[61/189] Building C object _deps/zlib/CMakeFiles/ZLIB.dir/inflate.c.o
[62/189] Linking C static library _deps/zlib/libz.a
[63/189] Building C object _deps/libpng/CMakeFiles/png_static.dir/pngwutil.c.o
[64/189] Building C object _deps/libpng/CMakeFiles/png_static.dir/intel/filter_sse2_intrinsics.c.o
[65/189] Building C object _deps/libpng/CMakeFiles/png_static.dir/pngread.c.o
[66/189] Building C object _deps/libpng/CMakeFiles/png_static.dir/pngrutil.c.o
[67/189] Building C object CMakeFiles/avif_obj.dir/src/reformat.c.o
[68/189] Building C object _deps/libpng/CMakeFiles/png_static.dir/pngrtran.c.o
[69/189] Linking C static library _deps/libpng/libpng16.a
[70/189] Building C object CMakeFiles/avifenc.dir/apps/avifenc.c.o
[71/189] Building C object CMakeFiles/avif_obj.dir/src/write.c.o
[72/189] Building C object CMakeFiles/avif_obj.dir/src/read.c.o
[73/189] Linking C static library libavif_internal.a
[74/189] Generating avif_static_depends.c
[75/189] Linking C static library libavif_apps.a
[76/189] Building C object CMakeFiles/avif_static.dir/avif_static_depends.c.o
[77/189] Building CXX object _deps/googletest-build/googletest/CMakeFiles/gtest_main.dir/src/gtest_main.cc.o
[78/189] Building CXX object CMakeFiles/avifgainmaputil.dir/apps/avifgainmaputil/program_command.cc.o
[79/189] Linking C static library libavif.a
[80/189] Building CXX object tests/CMakeFiles/aviftest_helpers.dir/gtest/aviftest_helpers.cc.o
[81/189] Building CXX object tests/CMakeFiles/avifopaquetest.dir/gtest/avifopaquetest.cc.o
[82/189] Building CXX object tests/CMakeFiles/aviftilingtest.dir/gtest/aviftilingtest.cc.o
[83/189] Linking C executable tests/aviftest
[84/189] Building CXX object CMakeFiles/avifgainmaputil.dir/apps/avifgainmaputil/imageio.cc.o
[85/189] Building CXX object tests/CMakeFiles/avifilocextenttest.dir/gtest/avifilocextenttest.cc.o
[86/189] Building CXX object CMakeFiles/avifgainmaputil.dir/apps/avifgainmaputil/printmetadata_command.cc.o
[87/189] Building CXX object CMakeFiles/avifgainmaputil.dir/apps/avifgainmaputil/extractgainmap_command.cc.o
[88/189] Linking C executable tests/avifyuv
[89/189] Building CXX object tests/CMakeFiles/are_images_equal.dir/gtest/are_images_equal.cc.o
[90/189] Linking C executable avifenc
[91/189] Building CXX object tests/CMakeFiles/avifalphapremtest.dir/gtest/avifalphapremtest.cc.o
[92/189] Building CXX object tests/CMakeFiles/avifcolrtest.dir/gtest/avifcolrtest.cc.o
[93/189] Building CXX object tests/CMakeFiles/avifkeyframetest.dir/gtest/avifkeyframetest.cc.o
[94/189] Building CXX object tests/CMakeFiles/avifiostatstest.dir/gtest/avifiostatstest.cc.o
[95/189] Linking C executable avifdec
[96/189] Building CXX object tests/CMakeFiles/avifencodetest.dir/gtest/avifencodetest.cc.o
[97/189] Building CXX object tests/CMakeFiles/avifpng16bittest.dir/gtest/avifpng16bittest.cc.o
[98/189] Building CXX object tests/CMakeFiles/avifallocationtest.dir/gtest/avifallocationtest.cc.o
[99/189] Building CXX object tests/CMakeFiles/avifheadertest.dir/gtest/avifheadertest.cc.o
[100/189] Building CXX object _deps/libargparse-build/CMakeFiles/libargparse.dir/src/argparse_util.cpp.o
[101/189] Building CXX object tests/CMakeFiles/avifalphanoispetest.dir/gtest/avifalphanoispetest.cc.o
[102/189] Building CXX object tests/CMakeFiles/avifbasictest.dir/gtest/avifbasictest.cc.o
[103/189] Building CXX object _deps/libargparse-build/CMakeFiles/libargparse.dir/src/argparse_formatter.cpp.o
[104/189] Building CXX object tests/CMakeFiles/avifdecodetest.dir/gtest/avifdecodetest.cc.o
[105/189] Linking CXX executable tests/are_images_equal
[106/189] Building CXX object tests/CMakeFiles/avifchangesettingtest.dir/gtest/avifchangesettingtest.cc.o
[107/189] Building CXX object tests/CMakeFiles/avifsize0test.dir/gtest/avifsize0test.cc.o
[108/189] Building CXX object tests/CMakeFiles/avifpropertytest.dir/gtest/avifpropertytest.cc.o
[109/189] Building CXX object CMakeFiles/avifgainmaputil.dir/apps/avifgainmaputil/avifgainmaputil.cc.o
[110/189] Building CXX object tests/CMakeFiles/avifcllitest.dir/gtest/avifcllitest.cc.o
[111/189] Building CXX object tests/CMakeFiles/avifpropinternaltest.dir/gtest/avifpropinternaltest.cc.o
[112/189] Building CXX object tests/CMakeFiles/avifimagetest.dir/gtest/avifimagetest.cc.o
[113/189] Building CXX object CMakeFiles/avifgainmaputil.dir/apps/avifgainmaputil/combine_command.cc.o
[114/189] Building CXX object tests/CMakeFiles/avifpixitest.dir/gtest/avifpixitest.cc.o
[115/189] Building CXX object tests/CMakeFiles/avifutilstest.dir/gtest/avifutilstest.cc.o
[116/189] Building CXX object tests/CMakeFiles/avifdimgtest.dir/gtest/avifdimgtest.cc.o
[117/189] Building CXX object tests/CMakeFiles/avifprogressivetest.dir/gtest/avifprogressivetest.cc.o
[118/189] Building CXX object tests/CMakeFiles/avifanimationtest.dir/gtest/avifanimationtest.cc.o
[119/189] Building CXX object CMakeFiles/avifgainmaputil.dir/apps/avifgainmaputil/convert_command.cc.o
[120/189] Building CXX object CMakeFiles/avifgainmaputil.dir/apps/avifgainmaputil/swapbase_command.cc.o
[121/189] Building CXX object _deps/libargparse-build/CMakeFiles/libargparse.dir/src/argparse.cpp.o
[122/189] Linking CXX static library _deps/libargparse-build/libargparse.a
[123/189] Building CXX object tests/CMakeFiles/avifstreamtest.dir/gtest/avifstreamtest.cc.o
[124/189] Building CXX object tests/CMakeFiles/avifreadimagetest.dir/gtest/avifreadimagetest.cc.o
[125/189] Building CXX object tests/CMakeFiles/aviftransformtest.dir/gtest/aviftransformtest.cc.o
[126/189] Building CXX object tests/CMakeFiles/avifincrtest_helpers.dir/gtest/avifincrtest_helpers.cc.o
[127/189] Building CXX object tests/CMakeFiles/avifgridapitest.dir/gtest/avifgridapitest.cc.o
[128/189] Building CXX object tests/CMakeFiles/avifcodectest.dir/gtest/avifcodectest.cc.o
[129/189] Building CXX object CMakeFiles/avifgainmaputil.dir/apps/avifgainmaputil/tonemap_command.cc.o
[130/189] Building CXX object tests/CMakeFiles/avifclaptest.dir/gtest/avifclaptest.cc.o
[131/189] Building CXX object tests/CMakeFiles/aviflosslesstest.dir/gtest/aviflosslesstest.cc.o
[132/189] Building CXX object tests/CMakeFiles/avifscaletest.dir/gtest/avifscaletest.cc.o
[133/189] Building CXX object tests/CMakeFiles/avifcolrconverttest.dir/gtest/avifcolrconverttest.cc.o
[134/189] Linking CXX executable avifgainmaputil
[135/189] Building CXX object tests/CMakeFiles/avifrangetest.dir/gtest/avifrangetest.cc.o
[136/189] Building CXX object tests/CMakeFiles/avifcicptest.dir/gtest/avifcicptest.cc.o
[137/189] Building CXX object tests/CMakeFiles/avifincrtest.dir/gtest/avifincrtest.cc.o
[138/189] Building CXX object tests/CMakeFiles/avifrgbtest.dir/gtest/avifrgbtest.cc.o
[139/189] Building CXX object tests/CMakeFiles/avifrgbtoyuvthreadingtest.dir/gtest/avifrgbtoyuvthreadingtest.cc.o
[140/189] Building CXX object tests/CMakeFiles/avify4mtest.dir/gtest/avify4mtest.cc.o
[141/189] Building CXX object tests/CMakeFiles/avifmetadatatest.dir/gtest/avifmetadatatest.cc.o
[142/189] Building CXX object tests/CMakeFiles/avifrgbtoyuvtest.dir/gtest/avifrgbtoyuvtest.cc.o
[143/189] Building CXX object tests/CMakeFiles/avifgainmaptest.dir/gtest/avifgainmaptest.cc.o
[144/189] Building CXX object _deps/googletest-build/googletest/CMakeFiles/gtest.dir/src/gtest-all.cc.o
[145/189] Linking CXX static library lib/libgtest.a
[146/189] Linking CXX static library lib/libgtest_main.a
[147/189] Linking CXX executable tests/avifkeyframetest
[148/189] Linking CXX executable tests/avifiostatstest
[149/189] Linking CXX executable tests/avifanimationtest
[150/189] Linking CXX executable tests/avifpng16bittest
[151/189] Linking CXX executable tests/avifprogressivetest
[152/189] Linking CXX executable tests/avifpixitest
[153/189] Linking CXX executable tests/avifencodetest
[154/189] Linking CXX executable tests/avifdecodetest
[155/189] Linking CXX executable tests/avifalphanoispetest
[156/189] Linking CXX executable tests/avifilocextenttest
[157/189] Linking CXX executable tests/avifdimgtest
[158/189] Linking CXX executable tests/avifsize0test
[159/189] Linking CXX executable tests/avifreadimagetest
[160/189] Linking CXX executable tests/avifpropinternaltest
[161/189] Linking CXX executable tests/avifallocationtest
[162/189] Linking CXX executable tests/avifcllitest
[163/189] Linking CXX executable tests/avifalphapremtest
[164/189] Linking CXX executable tests/avifpropertytest
[165/189] Linking CXX executable tests/avifclaptest
[166/189] Linking CXX executable tests/avifheadertest
[167/189] Linking CXX executable tests/avifimagetest
[168/189] Linking CXX executable tests/avifopaquetest
[169/189] Linking CXX executable tests/avifcolrtest
[170/189] Linking CXX executable tests/avifutilstest
[171/189] Linking CXX executable tests/avifbasictest
[172/189] Linking CXX executable tests/avifscaletest
[173/189] Linking CXX executable tests/aviftransformtest
[174/189] Linking CXX executable tests/aviflosslesstest
[175/189] Linking CXX executable tests/avifrgbtest
[176/189] Linking CXX executable tests/avifgridapitest
[177/189] Linking CXX executable tests/avify4mtest
[178/189] Linking CXX executable tests/avifchangesettingtest
[179/189] Linking CXX executable tests/avifmetadatatest
[180/189] Linking CXX executable tests/avifrgbtoyuvtest
[181/189] Linking CXX executable tests/avifrgbtoyuvthreadingtest
[182/189] Linking CXX executable tests/avifstreamtest
[183/189] Linking CXX executable tests/avifrangetest
[184/189] Linking CXX executable tests/aviftilingtest
[185/189] Linking CXX executable tests/avifcolrconverttest
[186/189] Linking CXX executable tests/avifcodectest
[187/189] Linking CXX executable tests/avifincrtest
[188/189] Linking CXX executable tests/avifcicptest
[189/189] Linking CXX executable tests/avifgainmaptest
Test project /src/libavif/build
      Start  1: aviftest
      Start  2: avifyuv_limited
      Start  3: avifyuv_rgb
      Start  4: avifallocationtest
      Start  5: avifalphanoispetest
      Start  6: avifalphapremtest
      Start  7: avifanimationtest
      Start  8: avifbasictest
      Start  9: avifchangesettingtest
      Start 10: avifcicptest
      Start 11: avifclaptest
      Start 12: avifcllitest
      Start 13: avifcodectest
      Start 14: avifcolrconverttest
      Start 15: avifcolrtest
      Start 16: avifdecodetest
      Start 17: avifdimgtest
      Start 18: avifencodetest
      Start 19: avifgainmaptest
      Start 20: avifgridapitest
      Start 21: avifheadertest
      Start 22: avifilocextenttest
      Start 23: avifimagetest
      Start 24: avifincrtest
      Start 25: avifiostatstest
      Start 26: avifkeyframetest
      Start 27: aviflosslesstest
      Start 28: avifmetadatatest
      Start 29: avifopaquetest
      Start 30: avifpixitest
      Start 31: avifpng16bittest
      Start 32: avifprogressivetest
      Start 33: avifpropertytest
      Start 34: avifpropinternaltest
      Start 35: avifrangetest
      Start 36: avifreadimagetest
      Start 37: avifrgbtest
      Start 38: avifrgbtoyuvtest
      Start 39: avifrgbtoyuvthreadingtest
      Start 40: avifscaletest
      Start 41: avifsize0test
      Start 42: avifstreamtest
      Start 43: aviftilingtest
      Start 44: aviftransformtest
      Start 45: avifutilstest
      Start 46: avify4mtest
      Start 47: test_cmd
      Start 48: test_cmd_animation
      Start 49: test_cmd_grid
      Start 50: test_cmd_icc_profile
      Start 51: test_cmd_lossless
      Start 52: test_cmd_metadata
      Start 53: test_cmd_progressive
      Start 54: test_cmd_stdin
      Start 55: test_cmd_targetsize
 1/55 Test  #2: avifyuv_limited ..................   Passed    0.04 sec
 2/55 Test  #3: avifyuv_rgb ......................   Passed    0.04 sec
 3/55 Test  #5: avifalphanoispetest ..............   Passed    0.04 sec
 4/55 Test  #7: avifanimationtest ................   Passed    0.04 sec
 5/55 Test  #8: avifbasictest ....................   Passed    0.03 sec
 6/55 Test #10: avifcicptest .....................   Passed    0.03 sec
 7/55 Test #11: avifclaptest .....................   Passed    0.03 sec
 8/55 Test #12: avifcllitest .....................   Passed    0.03 sec
 9/55 Test #15: avifcolrtest .....................   Passed    0.03 sec
10/55 Test #16: avifdecodetest ...................   Passed    0.03 sec
11/55 Test #17: avifdimgtest .....................   Passed    0.03 sec
12/55 Test #21: avifheadertest ...................   Passed    0.03 sec
13/55 Test #22: avifilocextenttest ...............   Passed    0.03 sec
14/55 Test #23: avifimagetest ....................   Passed    0.03 sec
15/55 Test #26: avifkeyframetest .................   Passed    0.03 sec
16/55 Test #29: avifopaquetest ...................   Passed    0.02 sec
17/55 Test #30: avifpixitest .....................   Passed    0.02 sec
18/55 Test #34: avifpropinternaltest .............   Passed    0.02 sec
19/55 Test #37: avifrgbtest ......................   Passed    0.02 sec
20/55 Test #41: avifsize0test ....................   Passed    0.02 sec
21/55 Test #42: avifstreamtest ...................   Passed    0.02 sec
22/55 Test #43: aviftilingtest ...................   Passed    0.02 sec
23/55 Test #44: aviftransformtest ................   Passed    0.01 sec
24/55 Test  #6: avifalphapremtest ................   Passed    0.04 sec
25/55 Test  #1: aviftest .........................   Passed    0.10 sec
26/55 Test #14: avifcolrconverttest ..............   Passed    0.10 sec
27/55 Test #13: avifcodectest ....................   Passed    0.11 sec
28/55 Test #40: avifscaletest ....................   Passed    0.12 sec
29/55 Test #50: test_cmd_icc_profile .............   Passed    0.12 sec
30/55 Test #33: avifpropertytest .................   Passed    0.14 sec
31/55 Test #31: avifpng16bittest .................   Passed    0.16 sec
32/55 Test #45: avifutilstest ....................   Passed    0.22 sec
33/55 Test #46: avify4mtest ......................   Passed    0.30 sec
34/55 Test #25: avifiostatstest ..................   Passed    0.32 sec
35/55 Test  #9: avifchangesettingtest ............   Passed    0.36 sec
36/55 Test #32: avifprogressivetest ..............   Passed    0.45 sec
37/55 Test #20: avifgridapitest ..................   Passed    0.46 sec
38/55 Test #51: test_cmd_lossless ................   Passed    0.59 sec
39/55 Test #53: test_cmd_progressive .............   Passed    0.60 sec
40/55 Test #35: avifrangetest ....................   Passed    0.77 sec
41/55 Test #54: test_cmd_stdin ...................   Passed    0.79 sec
42/55 Test #48: test_cmd_animation ...............   Passed    0.82 sec
43/55 Test #47: test_cmd .........................   Passed    0.83 sec
44/55 Test #52: test_cmd_metadata ................   Passed    1.01 sec
45/55 Test #36: avifreadimagetest ................   Passed    1.04 sec
46/55 Test #27: aviflosslesstest .................   Passed    1.39 sec
47/55 Test #49: test_cmd_grid ....................   Passed    1.44 sec
48/55 Test #24: avifincrtest .....................   Passed    1.98 sec
49/55 Test #55: test_cmd_targetsize ..............   Passed    2.10 sec
50/55 Test #28: avifmetadatatest .................   Passed    2.33 sec
51/55 Test  #4: avifallocationtest ...............   Passed    2.56 sec
52/55 Test #18: avifencodetest ...................   Passed    3.05 sec
53/55 Test #38: avifrgbtoyuvtest .................   Passed    3.50 sec
54/55 Test #19: avifgainmaptest ..................   Passed    4.38 sec
55/55 Test #39: avifrgbtoyuvthreadingtest ........   Passed   16.73 sec

100% tests passed, 0 tests failed out of 55

Total Test time (real) =  16.76 sec
Decoding with codec 'dav1d' (96 worker threads), please wait...
Image decoded: ../tests/data/lines.avif
 * Resolution     : 64x64
 * Bit Depth      : 8
 * Format         : YUV420
 * Chroma Sam. Pos: 0
 * Alpha          : Absent
 * Range          : Full
 * Color Primaries: 1
 * Transfer Char. : 13
 * Matrix Coeffs. : 6
 * ICC Profile    : Absent
 * XMP Metadata   : Absent
 * Exif Metadata  : Present (96 bytes)
 * Transformations: None
 * Progressive    : Unavailable
 * Gain map       : Absent
 * 1 timescales per second, 1.00 seconds (1 timescales), 1 frame
 * Frame:
   * Decoded frame [0] [pts 0.00 (0 timescales)] [duration 1.00 (1 timescales)] [64x64]
Wrote PNG: ../tests/data/linetest.png
Tests passed as expected

Cloning into 'aom'...
Note: switching to 'v3.12.0-4-g65ddc22823'.

You are in 'detached HEAD' state. You can look around, make experimental
changes and commit them, and you can discard any commits you make in this
state without impacting any branches by switching back to a branch.

If you want to create a new branch to retain commits you create, you may
do so (now or later) by using -c with the switch command. Example:

  git switch -c <new-branch-name>

Or undo this operation with:

  git switch -

Turn off this advice by setting config variable advice.detachedHead to false

HEAD is now at 65ddc22823 cfl_ppc: fix subtract_average_vsx
--- aom_configure: Detected CPU: x86_64
Running C compiler test: unistd_check
Running CXX compiler test: unistd_check
Running C compiler test: fenv_check
Checking C compiler flag support for: -std=c99
Checking C++ compiler flag support for: -std=c++11
Checking C compiler flag support for: -Wall
Checking C++ compiler flag support for: -Wall
Checking C compiler flag support for: -Wdisabled-optimization
Checking C++ compiler flag support for: -Wdisabled-optimization
Checking C compiler flag support for: -Wextra
Checking C++ compiler flag support for: -Wextra
Checking C compiler flag support for: -Wextra-semi
Checking C++ compiler flag support for: -Wextra-semi
Checking C compiler flag support for: -Wextra-semi-stmt
Checking C++ compiler flag support for: -Wextra-semi-stmt
Checking C compiler flag support for: -Wfloat-conversion
Checking C++ compiler flag support for: -Wfloat-conversion
Checking C compiler flag support for: -Wformat=2
Checking C++ compiler flag support for: -Wformat=2
Checking C compiler flag support for: -Wimplicit-function-declaration
Checking C compiler flag support for: -Wlogical-op
Checking C++ compiler flag support for: -Wlogical-op
Checking C compiler flag support for: -Wmissing-declarations
Checking C++ compiler flag support for: -Wmissing-declarations
Checking C compiler flag support for: -Wmissing-prototypes
Checking C++ compiler flag support for: -Wmissing-prototypes
Checking C compiler flag support for: -Wpointer-arith
Checking C++ compiler flag support for: -Wpointer-arith
Checking C compiler flag support for: -Wshadow
Checking C++ compiler flag support for: -Wshadow
Checking C compiler flag support for: -Wshorten-64-to-32
Checking C++ compiler flag support for: -Wshorten-64-to-32
Checking C compiler flag support for: -Wsign-compare
Checking C++ compiler flag support for: -Wsign-compare
Checking C compiler flag support for: -Wstring-conversion
Checking C++ compiler flag support for: -Wstring-conversion
Checking C compiler flag support for: -Wtype-limits
Checking C++ compiler flag support for: -Wtype-limits
Checking C compiler flag support for: -Wundef
Checking C++ compiler flag support for: -Wundef
Checking C compiler flag support for: -Wuninitialized
Checking C++ compiler flag support for: -Wuninitialized
Checking C compiler flag support for: -Wunreachable-code-aggressive
Checking C++ compiler flag support for: -Wunreachable-code-aggressive
Checking C compiler flag support for: -Wunused
Checking C++ compiler flag support for: -Wunused
Checking C compiler flag support for: -Wvla
Checking C++ compiler flag support for: -Wvla
Checking C++ compiler flag support for: -Wc++14-extensions
Checking C++ compiler flag support for: -Wc++17-extensions
Checking C++ compiler flag support for: -Wc++20-extensions
Checking C compiler flag support for: -Wstack-usage=100000
Checking C++ compiler flag support for: -Wstack-usage=240000
Checking C compiler flag support for: -U_FORTIFY_SOURCE -D_FORTIFY_SOURCE=0
Checking C++ compiler flag support for: -U_FORTIFY_SOURCE -D_FORTIFY_SOURCE=0
Checking C compiler flag support for: -D_LARGEFILE_SOURCE
Checking C++ compiler flag support for: -D_LARGEFILE_SOURCE
Checking C compiler flag support for: -D_FILE_OFFSET_BITS=64
Checking C++ compiler flag support for: -D_FILE_OFFSET_BITS=64
Checking C compiler flag support for: -flax-vector-conversions=none
Checking C++ compiler flag support for: -flax-vector-conversions=none
Checking C compiler flag support for: -msse2
Checking C++ compiler flag support for: -msse2
Checking C compiler flag support for: -msse3
Checking C++ compiler flag support for: -msse3
Checking C compiler flag support for: -mssse3
Checking C++ compiler flag support for: -mssse3
Checking C compiler flag support for: -msse4.1
Checking C++ compiler flag support for: -msse4.1
Checking C compiler flag support for: -msse4.2
Checking C++ compiler flag support for: -msse4.2
Checking C compiler flag support for: -mavx2
Checking C++ compiler flag support for: -mavx2
Cloning into 'dav1d'...
Note: switching to '42b2b24fb8819f1ed3643aa9cf2a62f03868e3aa'.

You are in 'detached HEAD' state. You can look around, make experimental
changes and commit them, and you can discard any commits you make in this
state without impacting any branches by switching back to a branch.

If you want to create a new branch to retain commits you create, you may
do so (now or later) by using -c with the switch command. Example:

  git switch -c <new-branch-name>

Or undo this operation with:

  git switch -

Turn off this advice by setting config variable advice.detachedHead to false

Cloning into 'fuzztest'...
Note: switching to '8fdc787e8c64066619b69f3ee9d168c00aeddab2'.

You are in 'detached HEAD' state. You can look around, make experimental
changes and commit them, and you can discard any commits you make in this
state without impacting any branches by switching back to a branch.

If you want to create a new branch to retain commits you create, you may
do so (now or later) by using -c with the switch command. Example:

  git switch -c <new-branch-name>

Or undo this operation with:

  git switch -

Turn off this advice by setting config variable advice.detachedHead to false

HEAD is now at 8fdc787 Filter(): check that corpus value is valid for the inner domain.
Cloning into 'libjpeg-turbo'...
Note: switching to 'f29eda648547b36aa594c4116c7764a6c8a079b9'.

You are in 'detached HEAD' state. You can look around, make experimental
changes and commit them, and you can discard any commits you make in this
state without impacting any branches by switching back to a branch.

If you want to create a new branch to retain commits you create, you may
do so (now or later) by using -c with the switch command. Example:

  git switch -c <new-branch-name>

Or undo this operation with:

  git switch -

Turn off this advice by setting config variable advice.detachedHead to false

CMake Warning:
  Manually-specified variables were not used by the project:

    WITH_CRT_DLL


Cloning into 'libwebp'...
Note: switching to 'a4d7a715337ded4451fec90ff8ce79728e04126c'.

You are in 'detached HEAD' state. You can look around, make experimental
changes and commit them, and you can discard any commits you make in this
state without impacting any branches by switching back to a branch.

If you want to create a new branch to retain commits you create, you may
do so (now or later) by using -c with the switch command. Example:

  git switch -c <new-branch-name>

Or undo this operation with:

  git switch -

Turn off this advice by setting config variable advice.detachedHead to false

Cloning into 'libyuv'...
Note: switching to 'a4f653b38'.

You are in 'detached HEAD' state. You can look around, make experimental
changes and commit them, and you can discard any commits you make in this
state without impacting any branches by switching back to a branch.

If you want to create a new branch to retain commits you create, you may
do so (now or later) by using -c with the switch command. Example:

  git switch -c <new-branch-name>

Or undo this operation with:

  git switch -

Turn off this advice by setting config variable advice.detachedHead to false

HEAD is now at a4f653b3 Fix CMakeLists.txt for compatibility with gcc 10
CMake Warning (dev) at CMakeLists.txt:7 (project):
  cmake_minimum_required() should be called prior to this top-level project()
  call.  Please see the cmake-commands(7) manual for usage documentation of
  both commands.
This warning is for project developers.  Use -Wno-dev to suppress it.

Cloning into 'zlib'...
Note: switching to '51b7f2abdade71cd9bb0e7a373ef2610ec6f9daf'.

You are in 'detached HEAD' state. You can look around, make experimental
changes and commit them, and you can discard any commits you make in this
state without impacting any branches by switching back to a branch.

If you want to create a new branch to retain commits you create, you may
do so (now or later) by using -c with the switch command. Example:

  git switch -c <new-branch-name>

Or undo this operation with:

  git switch -

Turn off this advice by setting config variable advice.detachedHead to false

Cloning into 'libpng'...
Note: switching to '872555f4ba910252783af1507f9e7fe1653be252'.

You are in 'detached HEAD' state. You can look around, make experimental
changes and commit them, and you can discard any commits you make in this
state without impacting any branches by switching back to a branch.

If you want to create a new branch to retain commits you create, you may
do so (now or later) by using -c with the switch command. Example:

  git switch -c <new-branch-name>

Or undo this operation with:

  git switch -

Turn off this advice by setting config variable advice.detachedHead to false

CMake Warning (dev) at build/_deps/libargparse-src/CMakeLists.txt:25 (install):
  Target libargparse has PUBLIC_HEADER files but no PUBLIC_HEADER
  DESTINATION.
This warning is for project developers.  Use -Wno-dev to suppress it.

CMake Warning:
  Manually-specified variables were not used by the project:

    AVIF_ENABLE_FUZZTEST
    AVIF_LOCAL_FUZZTEST
    FUZZTEST_COMPATIBILITY_MODE



